<<<<<<< HEAD
CRITICAL - 2022-12-11 12:54:29 --> Undefined array key "rol"
#0 C:\xampp\htdocs\Cafeteria\app\Views\index.php(63): CodeIgniter\Debug\Exceptions->errorHandler(2, 'Undefined array...', 'C:\\xampp\\htdocs...', 63)
#1 C:\xampp\htdocs\Cafeteria\system\View\View.php(210): include('C:\\xampp\\htdocs...')
#2 C:\xampp\htdocs\Cafeteria\system\View\View.php(213): CodeIgniter\View\View->CodeIgniter\View\{closure}()
#3 C:\xampp\htdocs\Cafeteria\system\Common.php(1089): CodeIgniter\View\View->render('index', Array, true)
#4 C:\xampp\htdocs\Cafeteria\app\Controllers\Venta.php(48): view('index', Array)
#5 C:\xampp\htdocs\Cafeteria\system\CodeIgniter.php(832): App\Controllers\Venta->index()
#6 C:\xampp\htdocs\Cafeteria\system\CodeIgniter.php(419): CodeIgniter\CodeIgniter->runController(Object(App\Controllers\Venta))
#7 C:\xampp\htdocs\Cafeteria\system\CodeIgniter.php(326): CodeIgniter\CodeIgniter->handleRequest(NULL, Object(Config\Cache), false)
#8 C:\xampp\htdocs\Cafeteria\index.php(37): CodeIgniter\CodeIgniter->run()
#9 {main}
CRITICAL - 2022-12-11 12:54:42 --> Undefined array key "rol"
#0 C:\xampp\htdocs\Cafeteria\app\Views\index.php(63): CodeIgniter\Debug\Exceptions->errorHandler(2, 'Undefined array...', 'C:\\xampp\\htdocs...', 63)
#1 C:\xampp\htdocs\Cafeteria\system\View\View.php(210): include('C:\\xampp\\htdocs...')
#2 C:\xampp\htdocs\Cafeteria\system\View\View.php(213): CodeIgniter\View\View->CodeIgniter\View\{closure}()
#3 C:\xampp\htdocs\Cafeteria\system\Common.php(1089): CodeIgniter\View\View->render('index', Array, true)
#4 C:\xampp\htdocs\Cafeteria\app\Controllers\Venta.php(48): view('index', Array)
#5 C:\xampp\htdocs\Cafeteria\system\CodeIgniter.php(832): App\Controllers\Venta->index()
#6 C:\xampp\htdocs\Cafeteria\system\CodeIgniter.php(419): CodeIgniter\CodeIgniter->runController(Object(App\Controllers\Venta))
#7 C:\xampp\htdocs\Cafeteria\system\CodeIgniter.php(326): CodeIgniter\CodeIgniter->handleRequest(NULL, Object(Config\Cache), false)
#8 C:\xampp\htdocs\Cafeteria\index.php(37): CodeIgniter\CodeIgniter->run()
#9 {main}
=======
CRITICAL - 2022-12-11 00:34:54 --> Undefined array key 0
#0 C:\laragon\www\ProyectoWeb\app\Views\venta\reporteventa.php(20): CodeIgniter\Debug\Exceptions->errorHandler(2, 'Undefined array...', 'C:\\laragon\\www\\...', 20)
#1 C:\laragon\www\ProyectoWeb\system\View\View.php(210): include('C:\\laragon\\www\\...')
#2 C:\laragon\www\ProyectoWeb\system\View\View.php(213): CodeIgniter\View\View->CodeIgniter\View\{closure}()
#3 C:\laragon\www\ProyectoWeb\system\Common.php(1089): CodeIgniter\View\View->render('venta/reporteve...', Array, true)
#4 C:\laragon\www\ProyectoWeb\app\Views\index.php(163): view('venta/reporteve...')
#5 C:\laragon\www\ProyectoWeb\system\View\View.php(210): include('C:\\laragon\\www\\...')
#6 C:\laragon\www\ProyectoWeb\system\View\View.php(213): CodeIgniter\View\View->CodeIgniter\View\{closure}()
#7 C:\laragon\www\ProyectoWeb\system\Common.php(1089): CodeIgniter\View\View->render('index', Array, true)
#8 C:\laragon\www\ProyectoWeb\app\Controllers\Venta.php(148): view('index', Array)
#9 C:\laragon\www\ProyectoWeb\system\CodeIgniter.php(832): App\Controllers\Venta->verVenta('379')
#10 C:\laragon\www\ProyectoWeb\system\CodeIgniter.php(419): CodeIgniter\CodeIgniter->runController(Object(App\Controllers\Venta))
#11 C:\laragon\www\ProyectoWeb\system\CodeIgniter.php(326): CodeIgniter\CodeIgniter->handleRequest(NULL, Object(Config\Cache), false)
#12 C:\laragon\www\ProyectoWeb\index.php(37): CodeIgniter\CodeIgniter->run()
#13 {main}
<<<<<<< HEAD
>>>>>>> 8b42d075bd7987b9bd3b05c721d3d1d2e6243bf3
=======
ERROR - 2022-12-11 14:06:41 --> Cannot add or update a child row: a foreign key constraint fails (`db_tiendavirtualci`.`venta`, CONSTRAINT `venta_ibfk_1` FOREIGN KEY (`idpersona`) REFERENCES `persona` (`idpersona`))
CRITICAL - 2022-12-11 14:06:41 --> Cannot add or update a child row: a foreign key constraint fails (`db_tiendavirtualci`.`venta`, CONSTRAINT `venta_ibfk_1` FOREIGN KEY (`idpersona`) REFERENCES `persona` (`idpersona`))
#0 C:\laragon\www\ProyectoWeb\system\Database\MySQLi\Connection.php(292): mysqli->query('INSERT INTO `ve...', 0)
#1 C:\laragon\www\ProyectoWeb\system\Database\BaseConnection.php(670): CodeIgniter\Database\MySQLi\Connection->execute('INSERT INTO `ve...')
#2 C:\laragon\www\ProyectoWeb\system\Database\BaseConnection.php(598): CodeIgniter\Database\BaseConnection->simpleQuery('INSERT INTO `ve...')
#3 C:\laragon\www\ProyectoWeb\system\Database\BaseBuilder.php(1771): CodeIgniter\Database\BaseConnection->query('INSERT INTO `ve...', Array, false)
#4 C:\laragon\www\ProyectoWeb\system\Model.php(239): CodeIgniter\Database\BaseBuilder->insert()
#5 C:\laragon\www\ProyectoWeb\system\BaseModel.php(738): CodeIgniter\Model->doInsert(Array)
#6 C:\laragon\www\ProyectoWeb\system\Model.php(625): CodeIgniter\BaseModel->insert(Array, false)
#7 C:\laragon\www\ProyectoWeb\system\BaseModel.php(658): CodeIgniter\Model->insert(Array, false)
#8 C:\laragon\www\ProyectoWeb\app\Controllers\Venta.php(101): CodeIgniter\BaseModel->save(Array)
#9 C:\laragon\www\ProyectoWeb\system\CodeIgniter.php(832): App\Controllers\Venta->registrarDatos()
#10 C:\laragon\www\ProyectoWeb\system\CodeIgniter.php(419): CodeIgniter\CodeIgniter->runController(Object(App\Controllers\Venta))
#11 C:\laragon\www\ProyectoWeb\system\CodeIgniter.php(326): CodeIgniter\CodeIgniter->handleRequest(NULL, Object(Config\Cache), false)
#12 C:\laragon\www\ProyectoWeb\index.php(37): CodeIgniter\CodeIgniter->run()
#13 {main}
ERROR - 2022-12-11 14:06:42 --> Cannot add or update a child row: a foreign key constraint fails (`db_tiendavirtualci`.`venta`, CONSTRAINT `venta_ibfk_1` FOREIGN KEY (`idpersona`) REFERENCES `persona` (`idpersona`))
CRITICAL - 2022-12-11 14:06:42 --> Cannot add or update a child row: a foreign key constraint fails (`db_tiendavirtualci`.`venta`, CONSTRAINT `venta_ibfk_1` FOREIGN KEY (`idpersona`) REFERENCES `persona` (`idpersona`))
#0 C:\laragon\www\ProyectoWeb\system\Database\MySQLi\Connection.php(292): mysqli->query('INSERT INTO `ve...', 0)
#1 C:\laragon\www\ProyectoWeb\system\Database\BaseConnection.php(670): CodeIgniter\Database\MySQLi\Connection->execute('INSERT INTO `ve...')
#2 C:\laragon\www\ProyectoWeb\system\Database\BaseConnection.php(598): CodeIgniter\Database\BaseConnection->simpleQuery('INSERT INTO `ve...')
#3 C:\laragon\www\ProyectoWeb\system\Database\BaseBuilder.php(1771): CodeIgniter\Database\BaseConnection->query('INSERT INTO `ve...', Array, false)
#4 C:\laragon\www\ProyectoWeb\system\Model.php(239): CodeIgniter\Database\BaseBuilder->insert()
#5 C:\laragon\www\ProyectoWeb\system\BaseModel.php(738): CodeIgniter\Model->doInsert(Array)
#6 C:\laragon\www\ProyectoWeb\system\Model.php(625): CodeIgniter\BaseModel->insert(Array, false)
#7 C:\laragon\www\ProyectoWeb\system\BaseModel.php(658): CodeIgniter\Model->insert(Array, false)
#8 C:\laragon\www\ProyectoWeb\app\Controllers\Venta.php(101): CodeIgniter\BaseModel->save(Array)
#9 C:\laragon\www\ProyectoWeb\system\CodeIgniter.php(832): App\Controllers\Venta->registrarDatos()
#10 C:\laragon\www\ProyectoWeb\system\CodeIgniter.php(419): CodeIgniter\CodeIgniter->runController(Object(App\Controllers\Venta))
#11 C:\laragon\www\ProyectoWeb\system\CodeIgniter.php(326): CodeIgniter\CodeIgniter->handleRequest(NULL, Object(Config\Cache), false)
#12 C:\laragon\www\ProyectoWeb\index.php(37): CodeIgniter\CodeIgniter->run()
#13 {main}
ERROR - 2022-12-11 14:06:42 --> Cannot add or update a child row: a foreign key constraint fails (`db_tiendavirtualci`.`venta`, CONSTRAINT `venta_ibfk_1` FOREIGN KEY (`idpersona`) REFERENCES `persona` (`idpersona`))
CRITICAL - 2022-12-11 14:06:42 --> Cannot add or update a child row: a foreign key constraint fails (`db_tiendavirtualci`.`venta`, CONSTRAINT `venta_ibfk_1` FOREIGN KEY (`idpersona`) REFERENCES `persona` (`idpersona`))
#0 C:\laragon\www\ProyectoWeb\system\Database\MySQLi\Connection.php(292): mysqli->query('INSERT INTO `ve...', 0)
#1 C:\laragon\www\ProyectoWeb\system\Database\BaseConnection.php(670): CodeIgniter\Database\MySQLi\Connection->execute('INSERT INTO `ve...')
#2 C:\laragon\www\ProyectoWeb\system\Database\BaseConnection.php(598): CodeIgniter\Database\BaseConnection->simpleQuery('INSERT INTO `ve...')
#3 C:\laragon\www\ProyectoWeb\system\Database\BaseBuilder.php(1771): CodeIgniter\Database\BaseConnection->query('INSERT INTO `ve...', Array, false)
#4 C:\laragon\www\ProyectoWeb\system\Model.php(239): CodeIgniter\Database\BaseBuilder->insert()
#5 C:\laragon\www\ProyectoWeb\system\BaseModel.php(738): CodeIgniter\Model->doInsert(Array)
#6 C:\laragon\www\ProyectoWeb\system\Model.php(625): CodeIgniter\BaseModel->insert(Array, false)
#7 C:\laragon\www\ProyectoWeb\system\BaseModel.php(658): CodeIgniter\Model->insert(Array, false)
#8 C:\laragon\www\ProyectoWeb\app\Controllers\Venta.php(101): CodeIgniter\BaseModel->save(Array)
#9 C:\laragon\www\ProyectoWeb\system\CodeIgniter.php(832): App\Controllers\Venta->registrarDatos()
#10 C:\laragon\www\ProyectoWeb\system\CodeIgniter.php(419): CodeIgniter\CodeIgniter->runController(Object(App\Controllers\Venta))
#11 C:\laragon\www\ProyectoWeb\system\CodeIgniter.php(326): CodeIgniter\CodeIgniter->handleRequest(NULL, Object(Config\Cache), false)
#12 C:\laragon\www\ProyectoWeb\index.php(37): CodeIgniter\CodeIgniter->run()
#13 {main}
ERROR - 2022-12-11 14:06:43 --> Cannot add or update a child row: a foreign key constraint fails (`db_tiendavirtualci`.`venta`, CONSTRAINT `venta_ibfk_1` FOREIGN KEY (`idpersona`) REFERENCES `persona` (`idpersona`))
CRITICAL - 2022-12-11 14:06:43 --> Cannot add or update a child row: a foreign key constraint fails (`db_tiendavirtualci`.`venta`, CONSTRAINT `venta_ibfk_1` FOREIGN KEY (`idpersona`) REFERENCES `persona` (`idpersona`))
#0 C:\laragon\www\ProyectoWeb\system\Database\MySQLi\Connection.php(292): mysqli->query('INSERT INTO `ve...', 0)
#1 C:\laragon\www\ProyectoWeb\system\Database\BaseConnection.php(670): CodeIgniter\Database\MySQLi\Connection->execute('INSERT INTO `ve...')
#2 C:\laragon\www\ProyectoWeb\system\Database\BaseConnection.php(598): CodeIgniter\Database\BaseConnection->simpleQuery('INSERT INTO `ve...')
#3 C:\laragon\www\ProyectoWeb\system\Database\BaseBuilder.php(1771): CodeIgniter\Database\BaseConnection->query('INSERT INTO `ve...', Array, false)
#4 C:\laragon\www\ProyectoWeb\system\Model.php(239): CodeIgniter\Database\BaseBuilder->insert()
#5 C:\laragon\www\ProyectoWeb\system\BaseModel.php(738): CodeIgniter\Model->doInsert(Array)
#6 C:\laragon\www\ProyectoWeb\system\Model.php(625): CodeIgniter\BaseModel->insert(Array, false)
#7 C:\laragon\www\ProyectoWeb\system\BaseModel.php(658): CodeIgniter\Model->insert(Array, false)
#8 C:\laragon\www\ProyectoWeb\app\Controllers\Venta.php(101): CodeIgniter\BaseModel->save(Array)
#9 C:\laragon\www\ProyectoWeb\system\CodeIgniter.php(832): App\Controllers\Venta->registrarDatos()
#10 C:\laragon\www\ProyectoWeb\system\CodeIgniter.php(419): CodeIgniter\CodeIgniter->runController(Object(App\Controllers\Venta))
#11 C:\laragon\www\ProyectoWeb\system\CodeIgniter.php(326): CodeIgniter\CodeIgniter->handleRequest(NULL, Object(Config\Cache), false)
#12 C:\laragon\www\ProyectoWeb\index.php(37): CodeIgniter\CodeIgniter->run()
#13 {main}
ERROR - 2022-12-11 14:06:50 --> Cannot add or update a child row: a foreign key constraint fails (`db_tiendavirtualci`.`venta`, CONSTRAINT `venta_ibfk_1` FOREIGN KEY (`idpersona`) REFERENCES `persona` (`idpersona`))
CRITICAL - 2022-12-11 14:06:50 --> Cannot add or update a child row: a foreign key constraint fails (`db_tiendavirtualci`.`venta`, CONSTRAINT `venta_ibfk_1` FOREIGN KEY (`idpersona`) REFERENCES `persona` (`idpersona`))
#0 C:\laragon\www\ProyectoWeb\system\Database\MySQLi\Connection.php(292): mysqli->query('INSERT INTO `ve...', 0)
#1 C:\laragon\www\ProyectoWeb\system\Database\BaseConnection.php(670): CodeIgniter\Database\MySQLi\Connection->execute('INSERT INTO `ve...')
#2 C:\laragon\www\ProyectoWeb\system\Database\BaseConnection.php(598): CodeIgniter\Database\BaseConnection->simpleQuery('INSERT INTO `ve...')
#3 C:\laragon\www\ProyectoWeb\system\Database\BaseBuilder.php(1771): CodeIgniter\Database\BaseConnection->query('INSERT INTO `ve...', Array, false)
#4 C:\laragon\www\ProyectoWeb\system\Model.php(239): CodeIgniter\Database\BaseBuilder->insert()
#5 C:\laragon\www\ProyectoWeb\system\BaseModel.php(738): CodeIgniter\Model->doInsert(Array)
#6 C:\laragon\www\ProyectoWeb\system\Model.php(625): CodeIgniter\BaseModel->insert(Array, false)
#7 C:\laragon\www\ProyectoWeb\system\BaseModel.php(658): CodeIgniter\Model->insert(Array, false)
#8 C:\laragon\www\ProyectoWeb\app\Controllers\Venta.php(101): CodeIgniter\BaseModel->save(Array)
#9 C:\laragon\www\ProyectoWeb\system\CodeIgniter.php(832): App\Controllers\Venta->registrarDatos()
#10 C:\laragon\www\ProyectoWeb\system\CodeIgniter.php(419): CodeIgniter\CodeIgniter->runController(Object(App\Controllers\Venta))
#11 C:\laragon\www\ProyectoWeb\system\CodeIgniter.php(326): CodeIgniter\CodeIgniter->handleRequest(NULL, Object(Config\Cache), false)
#12 C:\laragon\www\ProyectoWeb\index.php(37): CodeIgniter\CodeIgniter->run()
#13 {main}
ERROR - 2022-12-11 14:08:49 --> Cannot add or update a child row: a foreign key constraint fails (`db_tiendavirtualci`.`venta`, CONSTRAINT `venta_ibfk_1` FOREIGN KEY (`idpersona`) REFERENCES `persona` (`idpersona`))
CRITICAL - 2022-12-11 14:08:49 --> Cannot add or update a child row: a foreign key constraint fails (`db_tiendavirtualci`.`venta`, CONSTRAINT `venta_ibfk_1` FOREIGN KEY (`idpersona`) REFERENCES `persona` (`idpersona`))
#0 C:\laragon\www\ProyectoWeb\system\Database\MySQLi\Connection.php(292): mysqli->query('INSERT INTO `ve...', 0)
#1 C:\laragon\www\ProyectoWeb\system\Database\BaseConnection.php(670): CodeIgniter\Database\MySQLi\Connection->execute('INSERT INTO `ve...')
#2 C:\laragon\www\ProyectoWeb\system\Database\BaseConnection.php(598): CodeIgniter\Database\BaseConnection->simpleQuery('INSERT INTO `ve...')
#3 C:\laragon\www\ProyectoWeb\system\Database\BaseBuilder.php(1771): CodeIgniter\Database\BaseConnection->query('INSERT INTO `ve...', Array, false)
#4 C:\laragon\www\ProyectoWeb\system\Model.php(239): CodeIgniter\Database\BaseBuilder->insert()
#5 C:\laragon\www\ProyectoWeb\system\BaseModel.php(738): CodeIgniter\Model->doInsert(Array)
#6 C:\laragon\www\ProyectoWeb\system\Model.php(625): CodeIgniter\BaseModel->insert(Array, false)
#7 C:\laragon\www\ProyectoWeb\system\BaseModel.php(658): CodeIgniter\Model->insert(Array, false)
#8 C:\laragon\www\ProyectoWeb\app\Controllers\Venta.php(101): CodeIgniter\BaseModel->save(Array)
#9 C:\laragon\www\ProyectoWeb\system\CodeIgniter.php(832): App\Controllers\Venta->registrarDatos()
#10 C:\laragon\www\ProyectoWeb\system\CodeIgniter.php(419): CodeIgniter\CodeIgniter->runController(Object(App\Controllers\Venta))
#11 C:\laragon\www\ProyectoWeb\system\CodeIgniter.php(326): CodeIgniter\CodeIgniter->handleRequest(NULL, Object(Config\Cache), false)
#12 C:\laragon\www\ProyectoWeb\index.php(37): CodeIgniter\CodeIgniter->run()
#13 {main}
<<<<<<< HEAD
>>>>>>> 0c7e963d8b8cab79c6d23391b4e25c2fe77be0d3
CRITICAL - 2022-12-11 13:41:27 --> Undefined array key "rol"
#0 C:\xampp\htdocs\Cafeteria\app\Views\index.php(63): CodeIgniter\Debug\Exceptions->errorHandler(2, 'Undefined array...', 'C:\\xampp\\htdocs...', 63)
#1 C:\xampp\htdocs\Cafeteria\system\View\View.php(210): include('C:\\xampp\\htdocs...')
#2 C:\xampp\htdocs\Cafeteria\system\View\View.php(213): CodeIgniter\View\View->CodeIgniter\View\{closure}()
#3 C:\xampp\htdocs\Cafeteria\system\Common.php(1089): CodeIgniter\View\View->render('index', Array, true)
#4 C:\xampp\htdocs\Cafeteria\app\Controllers\Usuarios.php(28): view('index', Array)
#5 C:\xampp\htdocs\Cafeteria\system\CodeIgniter.php(832): App\Controllers\Usuarios->index()
#6 C:\xampp\htdocs\Cafeteria\system\CodeIgniter.php(419): CodeIgniter\CodeIgniter->runController(Object(App\Controllers\Usuarios))
#7 C:\xampp\htdocs\Cafeteria\system\CodeIgniter.php(326): CodeIgniter\CodeIgniter->handleRequest(NULL, Object(Config\Cache), false)
#8 C:\xampp\htdocs\Cafeteria\index.php(37): CodeIgniter\CodeIgniter->run()
#9 {main}
=======
ERROR - 2022-12-11 14:17:21 --> Cannot delete or update a parent row: a foreign key constraint fails (`db_tiendavirtualci`.`detalleventa`, CONSTRAINT `detalleventa_ibfk_2` FOREIGN KEY (`idproducto`) REFERENCES `producto` (`idproducto`) ON DELETE RESTRICT ON UPDATE RESTRICT)
ERROR - 2022-12-11 14:17:42 --> Cannot delete or update a parent row: a foreign key constraint fails (`db_tiendavirtualci`.`detalleventa`, CONSTRAINT `detalleventa_ibfk_2` FOREIGN KEY (`idproducto`) REFERENCES `producto` (`idproducto`) ON DELETE RESTRICT ON UPDATE RESTRICT)
ERROR - 2022-12-11 14:20:05 --> Cannot delete or update a parent row: a foreign key constraint fails (`db_tiendavirtualci`.`detalleventa`, CONSTRAINT `detalleventa_ibfk_2` FOREIGN KEY (`idproducto`) REFERENCES `producto` (`idproducto`) ON DELETE RESTRICT ON UPDATE RESTRICT)
ERROR - 2022-12-11 14:22:04 --> Cannot add or update a child row: a foreign key constraint fails (`db_tiendavirtualci`.`venta`, CONSTRAINT `venta_ibfk_1` FOREIGN KEY (`idpersona`) REFERENCES `persona` (`idpersona`))
CRITICAL - 2022-12-11 14:22:04 --> Cannot add or update a child row: a foreign key constraint fails (`db_tiendavirtualci`.`venta`, CONSTRAINT `venta_ibfk_1` FOREIGN KEY (`idpersona`) REFERENCES `persona` (`idpersona`))
#0 C:\laragon\www\ProyectoWeb\system\Database\MySQLi\Connection.php(292): mysqli->query('INSERT INTO `ve...', 0)
#1 C:\laragon\www\ProyectoWeb\system\Database\BaseConnection.php(670): CodeIgniter\Database\MySQLi\Connection->execute('INSERT INTO `ve...')
#2 C:\laragon\www\ProyectoWeb\system\Database\BaseConnection.php(598): CodeIgniter\Database\BaseConnection->simpleQuery('INSERT INTO `ve...')
#3 C:\laragon\www\ProyectoWeb\system\Database\BaseBuilder.php(1771): CodeIgniter\Database\BaseConnection->query('INSERT INTO `ve...', Array, false)
#4 C:\laragon\www\ProyectoWeb\system\Model.php(239): CodeIgniter\Database\BaseBuilder->insert()
#5 C:\laragon\www\ProyectoWeb\system\BaseModel.php(738): CodeIgniter\Model->doInsert(Array)
#6 C:\laragon\www\ProyectoWeb\system\Model.php(625): CodeIgniter\BaseModel->insert(Array, false)
#7 C:\laragon\www\ProyectoWeb\system\BaseModel.php(658): CodeIgniter\Model->insert(Array, false)
#8 C:\laragon\www\ProyectoWeb\app\Controllers\Venta.php(101): CodeIgniter\BaseModel->save(Array)
#9 C:\laragon\www\ProyectoWeb\system\CodeIgniter.php(832): App\Controllers\Venta->registrarDatos()
#10 C:\laragon\www\ProyectoWeb\system\CodeIgniter.php(419): CodeIgniter\CodeIgniter->runController(Object(App\Controllers\Venta))
#11 C:\laragon\www\ProyectoWeb\system\CodeIgniter.php(326): CodeIgniter\CodeIgniter->handleRequest(NULL, Object(Config\Cache), false)
#12 C:\laragon\www\ProyectoWeb\index.php(37): CodeIgniter\CodeIgniter->run()
#13 {main}
ERROR - 2022-12-11 14:22:06 --> Cannot add or update a child row: a foreign key constraint fails (`db_tiendavirtualci`.`venta`, CONSTRAINT `venta_ibfk_1` FOREIGN KEY (`idpersona`) REFERENCES `persona` (`idpersona`))
CRITICAL - 2022-12-11 14:22:06 --> Cannot add or update a child row: a foreign key constraint fails (`db_tiendavirtualci`.`venta`, CONSTRAINT `venta_ibfk_1` FOREIGN KEY (`idpersona`) REFERENCES `persona` (`idpersona`))
#0 C:\laragon\www\ProyectoWeb\system\Database\MySQLi\Connection.php(292): mysqli->query('INSERT INTO `ve...', 0)
#1 C:\laragon\www\ProyectoWeb\system\Database\BaseConnection.php(670): CodeIgniter\Database\MySQLi\Connection->execute('INSERT INTO `ve...')
#2 C:\laragon\www\ProyectoWeb\system\Database\BaseConnection.php(598): CodeIgniter\Database\BaseConnection->simpleQuery('INSERT INTO `ve...')
#3 C:\laragon\www\ProyectoWeb\system\Database\BaseBuilder.php(1771): CodeIgniter\Database\BaseConnection->query('INSERT INTO `ve...', Array, false)
#4 C:\laragon\www\ProyectoWeb\system\Model.php(239): CodeIgniter\Database\BaseBuilder->insert()
#5 C:\laragon\www\ProyectoWeb\system\BaseModel.php(738): CodeIgniter\Model->doInsert(Array)
#6 C:\laragon\www\ProyectoWeb\system\Model.php(625): CodeIgniter\BaseModel->insert(Array, false)
#7 C:\laragon\www\ProyectoWeb\system\BaseModel.php(658): CodeIgniter\Model->insert(Array, false)
#8 C:\laragon\www\ProyectoWeb\app\Controllers\Venta.php(101): CodeIgniter\BaseModel->save(Array)
#9 C:\laragon\www\ProyectoWeb\system\CodeIgniter.php(832): App\Controllers\Venta->registrarDatos()
#10 C:\laragon\www\ProyectoWeb\system\CodeIgniter.php(419): CodeIgniter\CodeIgniter->runController(Object(App\Controllers\Venta))
#11 C:\laragon\www\ProyectoWeb\system\CodeIgniter.php(326): CodeIgniter\CodeIgniter->handleRequest(NULL, Object(Config\Cache), false)
#12 C:\laragon\www\ProyectoWeb\index.php(37): CodeIgniter\CodeIgniter->run()
#13 {main}
ERROR - 2022-12-11 14:22:06 --> Cannot add or update a child row: a foreign key constraint fails (`db_tiendavirtualci`.`venta`, CONSTRAINT `venta_ibfk_1` FOREIGN KEY (`idpersona`) REFERENCES `persona` (`idpersona`))
CRITICAL - 2022-12-11 14:22:06 --> Cannot add or update a child row: a foreign key constraint fails (`db_tiendavirtualci`.`venta`, CONSTRAINT `venta_ibfk_1` FOREIGN KEY (`idpersona`) REFERENCES `persona` (`idpersona`))
#0 C:\laragon\www\ProyectoWeb\system\Database\MySQLi\Connection.php(292): mysqli->query('INSERT INTO `ve...', 0)
#1 C:\laragon\www\ProyectoWeb\system\Database\BaseConnection.php(670): CodeIgniter\Database\MySQLi\Connection->execute('INSERT INTO `ve...')
#2 C:\laragon\www\ProyectoWeb\system\Database\BaseConnection.php(598): CodeIgniter\Database\BaseConnection->simpleQuery('INSERT INTO `ve...')
#3 C:\laragon\www\ProyectoWeb\system\Database\BaseBuilder.php(1771): CodeIgniter\Database\BaseConnection->query('INSERT INTO `ve...', Array, false)
#4 C:\laragon\www\ProyectoWeb\system\Model.php(239): CodeIgniter\Database\BaseBuilder->insert()
#5 C:\laragon\www\ProyectoWeb\system\BaseModel.php(738): CodeIgniter\Model->doInsert(Array)
#6 C:\laragon\www\ProyectoWeb\system\Model.php(625): CodeIgniter\BaseModel->insert(Array, false)
#7 C:\laragon\www\ProyectoWeb\system\BaseModel.php(658): CodeIgniter\Model->insert(Array, false)
#8 C:\laragon\www\ProyectoWeb\app\Controllers\Venta.php(101): CodeIgniter\BaseModel->save(Array)
#9 C:\laragon\www\ProyectoWeb\system\CodeIgniter.php(832): App\Controllers\Venta->registrarDatos()
#10 C:\laragon\www\ProyectoWeb\system\CodeIgniter.php(419): CodeIgniter\CodeIgniter->runController(Object(App\Controllers\Venta))
#11 C:\laragon\www\ProyectoWeb\system\CodeIgniter.php(326): CodeIgniter\CodeIgniter->handleRequest(NULL, Object(Config\Cache), false)
#12 C:\laragon\www\ProyectoWeb\index.php(37): CodeIgniter\CodeIgniter->run()
#13 {main}
ERROR - 2022-12-11 14:22:07 --> Cannot add or update a child row: a foreign key constraint fails (`db_tiendavirtualci`.`venta`, CONSTRAINT `venta_ibfk_1` FOREIGN KEY (`idpersona`) REFERENCES `persona` (`idpersona`))
CRITICAL - 2022-12-11 14:22:07 --> Cannot add or update a child row: a foreign key constraint fails (`db_tiendavirtualci`.`venta`, CONSTRAINT `venta_ibfk_1` FOREIGN KEY (`idpersona`) REFERENCES `persona` (`idpersona`))
#0 C:\laragon\www\ProyectoWeb\system\Database\MySQLi\Connection.php(292): mysqli->query('INSERT INTO `ve...', 0)
#1 C:\laragon\www\ProyectoWeb\system\Database\BaseConnection.php(670): CodeIgniter\Database\MySQLi\Connection->execute('INSERT INTO `ve...')
#2 C:\laragon\www\ProyectoWeb\system\Database\BaseConnection.php(598): CodeIgniter\Database\BaseConnection->simpleQuery('INSERT INTO `ve...')
#3 C:\laragon\www\ProyectoWeb\system\Database\BaseBuilder.php(1771): CodeIgniter\Database\BaseConnection->query('INSERT INTO `ve...', Array, false)
#4 C:\laragon\www\ProyectoWeb\system\Model.php(239): CodeIgniter\Database\BaseBuilder->insert()
#5 C:\laragon\www\ProyectoWeb\system\BaseModel.php(738): CodeIgniter\Model->doInsert(Array)
#6 C:\laragon\www\ProyectoWeb\system\Model.php(625): CodeIgniter\BaseModel->insert(Array, false)
#7 C:\laragon\www\ProyectoWeb\system\BaseModel.php(658): CodeIgniter\Model->insert(Array, false)
#8 C:\laragon\www\ProyectoWeb\app\Controllers\Venta.php(101): CodeIgniter\BaseModel->save(Array)
#9 C:\laragon\www\ProyectoWeb\system\CodeIgniter.php(832): App\Controllers\Venta->registrarDatos()
#10 C:\laragon\www\ProyectoWeb\system\CodeIgniter.php(419): CodeIgniter\CodeIgniter->runController(Object(App\Controllers\Venta))
#11 C:\laragon\www\ProyectoWeb\system\CodeIgniter.php(326): CodeIgniter\CodeIgniter->handleRequest(NULL, Object(Config\Cache), false)
#12 C:\laragon\www\ProyectoWeb\index.php(37): CodeIgniter\CodeIgniter->run()
#13 {main}
ERROR - 2022-12-11 14:22:07 --> Cannot add or update a child row: a foreign key constraint fails (`db_tiendavirtualci`.`venta`, CONSTRAINT `venta_ibfk_1` FOREIGN KEY (`idpersona`) REFERENCES `persona` (`idpersona`))
CRITICAL - 2022-12-11 14:22:07 --> Cannot add or update a child row: a foreign key constraint fails (`db_tiendavirtualci`.`venta`, CONSTRAINT `venta_ibfk_1` FOREIGN KEY (`idpersona`) REFERENCES `persona` (`idpersona`))
#0 C:\laragon\www\ProyectoWeb\system\Database\MySQLi\Connection.php(292): mysqli->query('INSERT INTO `ve...', 0)
#1 C:\laragon\www\ProyectoWeb\system\Database\BaseConnection.php(670): CodeIgniter\Database\MySQLi\Connection->execute('INSERT INTO `ve...')
#2 C:\laragon\www\ProyectoWeb\system\Database\BaseConnection.php(598): CodeIgniter\Database\BaseConnection->simpleQuery('INSERT INTO `ve...')
#3 C:\laragon\www\ProyectoWeb\system\Database\BaseBuilder.php(1771): CodeIgniter\Database\BaseConnection->query('INSERT INTO `ve...', Array, false)
#4 C:\laragon\www\ProyectoWeb\system\Model.php(239): CodeIgniter\Database\BaseBuilder->insert()
#5 C:\laragon\www\ProyectoWeb\system\BaseModel.php(738): CodeIgniter\Model->doInsert(Array)
#6 C:\laragon\www\ProyectoWeb\system\Model.php(625): CodeIgniter\BaseModel->insert(Array, false)
#7 C:\laragon\www\ProyectoWeb\system\BaseModel.php(658): CodeIgniter\Model->insert(Array, false)
#8 C:\laragon\www\ProyectoWeb\app\Controllers\Venta.php(101): CodeIgniter\BaseModel->save(Array)
#9 C:\laragon\www\ProyectoWeb\system\CodeIgniter.php(832): App\Controllers\Venta->registrarDatos()
#10 C:\laragon\www\ProyectoWeb\system\CodeIgniter.php(419): CodeIgniter\CodeIgniter->runController(Object(App\Controllers\Venta))
#11 C:\laragon\www\ProyectoWeb\system\CodeIgniter.php(326): CodeIgniter\CodeIgniter->handleRequest(NULL, Object(Config\Cache), false)
#12 C:\laragon\www\ProyectoWeb\index.php(37): CodeIgniter\CodeIgniter->run()
#13 {main}
ERROR - 2022-12-11 14:36:41 --> Cannot delete or update a parent row: a foreign key constraint fails (`db_tiendavirtualci`.`detalleventa`, CONSTRAINT `detalleventa_ibfk_2` FOREIGN KEY (`idproducto`) REFERENCES `producto` (`idproducto`) ON DELETE RESTRICT ON UPDATE RESTRICT)
ERROR - 2022-12-11 14:43:20 --> Cannot delete or update a parent row: a foreign key constraint fails (`db_tiendavirtualci`.`detalleventa`, CONSTRAINT `detalleventa_ibfk_2` FOREIGN KEY (`idproducto`) REFERENCES `producto` (`idproducto`) ON DELETE RESTRICT ON UPDATE RESTRICT)
ERROR - 2022-12-11 14:45:27 --> Cannot delete or update a parent row: a foreign key constraint fails (`db_tiendavirtualci`.`detalleventa`, CONSTRAINT `detalleventa_ibfk_2` FOREIGN KEY (`idproducto`) REFERENCES `producto` (`idproducto`) ON DELETE RESTRICT ON UPDATE RESTRICT)
ERROR - 2022-12-11 14:45:32 --> Cannot delete or update a parent row: a foreign key constraint fails (`db_tiendavirtualci`.`detalleventa`, CONSTRAINT `detalleventa_ibfk_2` FOREIGN KEY (`idproducto`) REFERENCES `producto` (`idproducto`) ON DELETE RESTRICT ON UPDATE RESTRICT)
>>>>>>> b1c1a252e29874783a2ed4de7a99f3d5368a2ab9
CRITICAL - 2022-12-11 19:23:09 --> Undefined array key 4
#0 C:\laragon\www\Cafeteria\app\Controllers\Venta.php(114): CodeIgniter\Debug\Exceptions->errorHandler(2, 'Undefined array...', 'C:\\laragon\\www\\...', 114)
#1 C:\laragon\www\Cafeteria\system\CodeIgniter.php(832): App\Controllers\Venta->registrarDatos()
#2 C:\laragon\www\Cafeteria\system\CodeIgniter.php(419): CodeIgniter\CodeIgniter->runController(Object(App\Controllers\Venta))
#3 C:\laragon\www\Cafeteria\system\CodeIgniter.php(326): CodeIgniter\CodeIgniter->handleRequest(NULL, Object(Config\Cache), false)
#4 C:\laragon\www\Cafeteria\index.php(37): CodeIgniter\CodeIgniter->run()
#5 {main}
CRITICAL - 2022-12-11 19:23:18 --> Undefined array key 4
#0 C:\laragon\www\Cafeteria\app\Controllers\Venta.php(114): CodeIgniter\Debug\Exceptions->errorHandler(2, 'Undefined array...', 'C:\\laragon\\www\\...', 114)
#1 C:\laragon\www\Cafeteria\system\CodeIgniter.php(832): App\Controllers\Venta->registrarDatos()
#2 C:\laragon\www\Cafeteria\system\CodeIgniter.php(419): CodeIgniter\CodeIgniter->runController(Object(App\Controllers\Venta))
#3 C:\laragon\www\Cafeteria\system\CodeIgniter.php(326): CodeIgniter\CodeIgniter->handleRequest(NULL, Object(Config\Cache), false)
#4 C:\laragon\www\Cafeteria\index.php(37): CodeIgniter\CodeIgniter->run()
#5 {main}
CRITICAL - 2022-12-11 19:24:14 --> Undefined array key 1
#0 C:\laragon\www\Cafeteria\app\Controllers\Venta.php(114): CodeIgniter\Debug\Exceptions->errorHandler(2, 'Undefined array...', 'C:\\laragon\\www\\...', 114)
#1 C:\laragon\www\Cafeteria\system\CodeIgniter.php(832): App\Controllers\Venta->registrarDatos()
#2 C:\laragon\www\Cafeteria\system\CodeIgniter.php(419): CodeIgniter\CodeIgniter->runController(Object(App\Controllers\Venta))
#3 C:\laragon\www\Cafeteria\system\CodeIgniter.php(326): CodeIgniter\CodeIgniter->handleRequest(NULL, Object(Config\Cache), false)
#4 C:\laragon\www\Cafeteria\index.php(37): CodeIgniter\CodeIgniter->run()
#5 {main}
CRITICAL - 2022-12-11 19:24:35 --> Undefined array key 3
#0 C:\laragon\www\Cafeteria\app\Controllers\Venta.php(114): CodeIgniter\Debug\Exceptions->errorHandler(2, 'Undefined array...', 'C:\\laragon\\www\\...', 114)
#1 C:\laragon\www\Cafeteria\system\CodeIgniter.php(832): App\Controllers\Venta->registrarDatos()
#2 C:\laragon\www\Cafeteria\system\CodeIgniter.php(419): CodeIgniter\CodeIgniter->runController(Object(App\Controllers\Venta))
#3 C:\laragon\www\Cafeteria\system\CodeIgniter.php(326): CodeIgniter\CodeIgniter->handleRequest(NULL, Object(Config\Cache), false)
#4 C:\laragon\www\Cafeteria\index.php(37): CodeIgniter\CodeIgniter->run()
#5 {main}
ERROR - 2022-12-11 19:24:46 --> Cannot add or update a child row: a foreign key constraint fails (`db_tiendavirtualci`.`venta`, CONSTRAINT `venta_ibfk_1` FOREIGN KEY (`idpersona`) REFERENCES `persona` (`idpersona`))
CRITICAL - 2022-12-11 19:24:46 --> Cannot add or update a child row: a foreign key constraint fails (`db_tiendavirtualci`.`venta`, CONSTRAINT `venta_ibfk_1` FOREIGN KEY (`idpersona`) REFERENCES `persona` (`idpersona`))
#0 C:\laragon\www\Cafeteria\system\Database\MySQLi\Connection.php(292): mysqli->query('INSERT INTO `ve...', 0)
#1 C:\laragon\www\Cafeteria\system\Database\BaseConnection.php(670): CodeIgniter\Database\MySQLi\Connection->execute('INSERT INTO `ve...')
#2 C:\laragon\www\Cafeteria\system\Database\BaseConnection.php(598): CodeIgniter\Database\BaseConnection->simpleQuery('INSERT INTO `ve...')
#3 C:\laragon\www\Cafeteria\system\Database\BaseBuilder.php(1771): CodeIgniter\Database\BaseConnection->query('INSERT INTO `ve...', Array, false)
#4 C:\laragon\www\Cafeteria\system\Model.php(239): CodeIgniter\Database\BaseBuilder->insert()
#5 C:\laragon\www\Cafeteria\system\BaseModel.php(738): CodeIgniter\Model->doInsert(Array)
#6 C:\laragon\www\Cafeteria\system\Model.php(625): CodeIgniter\BaseModel->insert(Array, false)
#7 C:\laragon\www\Cafeteria\system\BaseModel.php(658): CodeIgniter\Model->insert(Array, false)
#8 C:\laragon\www\Cafeteria\app\Controllers\Venta.php(101): CodeIgniter\BaseModel->save(Array)
#9 C:\laragon\www\Cafeteria\system\CodeIgniter.php(832): App\Controllers\Venta->registrarDatos()
#10 C:\laragon\www\Cafeteria\system\CodeIgniter.php(419): CodeIgniter\CodeIgniter->runController(Object(App\Controllers\Venta))
#11 C:\laragon\www\Cafeteria\system\CodeIgniter.php(326): CodeIgniter\CodeIgniter->handleRequest(NULL, Object(Config\Cache), false)
#12 C:\laragon\www\Cafeteria\index.php(37): CodeIgniter\CodeIgniter->run()
#13 {main}
ERROR - 2022-12-11 19:25:43 --> Cannot add or update a child row: a foreign key constraint fails (`db_tiendavirtualci`.`venta`, CONSTRAINT `venta_ibfk_1` FOREIGN KEY (`idpersona`) REFERENCES `persona` (`idpersona`))
CRITICAL - 2022-12-11 19:25:43 --> Cannot add or update a child row: a foreign key constraint fails (`db_tiendavirtualci`.`venta`, CONSTRAINT `venta_ibfk_1` FOREIGN KEY (`idpersona`) REFERENCES `persona` (`idpersona`))
#0 C:\laragon\www\Cafeteria\system\Database\MySQLi\Connection.php(292): mysqli->query('INSERT INTO `ve...', 0)
#1 C:\laragon\www\Cafeteria\system\Database\BaseConnection.php(670): CodeIgniter\Database\MySQLi\Connection->execute('INSERT INTO `ve...')
#2 C:\laragon\www\Cafeteria\system\Database\BaseConnection.php(598): CodeIgniter\Database\BaseConnection->simpleQuery('INSERT INTO `ve...')
#3 C:\laragon\www\Cafeteria\system\Database\BaseBuilder.php(1771): CodeIgniter\Database\BaseConnection->query('INSERT INTO `ve...', Array, false)
#4 C:\laragon\www\Cafeteria\system\Model.php(239): CodeIgniter\Database\BaseBuilder->insert()
#5 C:\laragon\www\Cafeteria\system\BaseModel.php(738): CodeIgniter\Model->doInsert(Array)
#6 C:\laragon\www\Cafeteria\system\Model.php(625): CodeIgniter\BaseModel->insert(Array, false)
#7 C:\laragon\www\Cafeteria\system\BaseModel.php(658): CodeIgniter\Model->insert(Array, false)
#8 C:\laragon\www\Cafeteria\app\Controllers\Venta.php(101): CodeIgniter\BaseModel->save(Array)
#9 C:\laragon\www\Cafeteria\system\CodeIgniter.php(832): App\Controllers\Venta->registrarDatos()
#10 C:\laragon\www\Cafeteria\system\CodeIgniter.php(419): CodeIgniter\CodeIgniter->runController(Object(App\Controllers\Venta))
#11 C:\laragon\www\Cafeteria\system\CodeIgniter.php(326): CodeIgniter\CodeIgniter->handleRequest(NULL, Object(Config\Cache), false)
#12 C:\laragon\www\Cafeteria\index.php(37): CodeIgniter\CodeIgniter->run()
#13 {main}
CRITICAL - 2022-12-11 19:25:45 --> Undefined array key 0
#0 C:\laragon\www\Cafeteria\app\Controllers\Venta.php(114): CodeIgniter\Debug\Exceptions->errorHandler(2, 'Undefined array...', 'C:\\laragon\\www\\...', 114)
#1 C:\laragon\www\Cafeteria\system\CodeIgniter.php(832): App\Controllers\Venta->registrarDatos()
#2 C:\laragon\www\Cafeteria\system\CodeIgniter.php(419): CodeIgniter\CodeIgniter->runController(Object(App\Controllers\Venta))
#3 C:\laragon\www\Cafeteria\system\CodeIgniter.php(326): CodeIgniter\CodeIgniter->handleRequest(NULL, Object(Config\Cache), false)
#4 C:\laragon\www\Cafeteria\index.php(37): CodeIgniter\CodeIgniter->run()
#5 {main}
CRITICAL - 2022-12-11 19:25:58 --> Undefined array key 0
#0 C:\laragon\www\Cafeteria\app\Controllers\Venta.php(114): CodeIgniter\Debug\Exceptions->errorHandler(2, 'Undefined array...', 'C:\\laragon\\www\\...', 114)
#1 C:\laragon\www\Cafeteria\system\CodeIgniter.php(832): App\Controllers\Venta->registrarDatos()
#2 C:\laragon\www\Cafeteria\system\CodeIgniter.php(419): CodeIgniter\CodeIgniter->runController(Object(App\Controllers\Venta))
#3 C:\laragon\www\Cafeteria\system\CodeIgniter.php(326): CodeIgniter\CodeIgniter->handleRequest(NULL, Object(Config\Cache), false)
#4 C:\laragon\www\Cafeteria\index.php(37): CodeIgniter\CodeIgniter->run()
#5 {main}
CRITICAL - 2022-12-11 19:30:48 --> Unsupported operand types: array - array
#0 C:\laragon\www\Cafeteria\system\CodeIgniter.php(832): App\Controllers\Venta->registrarDatos()
#1 C:\laragon\www\Cafeteria\system\CodeIgniter.php(419): CodeIgniter\CodeIgniter->runController(Object(App\Controllers\Venta))
#2 C:\laragon\www\Cafeteria\system\CodeIgniter.php(326): CodeIgniter\CodeIgniter->handleRequest(NULL, Object(Config\Cache), false)
#3 C:\laragon\www\Cafeteria\index.php(37): CodeIgniter\CodeIgniter->run()
#4 {main}
ERROR - 2022-12-11 19:31:46 --> Cannot add or update a child row: a foreign key constraint fails (`db_tiendavirtualci`.`venta`, CONSTRAINT `venta_ibfk_3` FOREIGN KEY (`idtipopago`) REFERENCES `tipopago` (`idtipopago`))
CRITICAL - 2022-12-11 19:31:46 --> Cannot add or update a child row: a foreign key constraint fails (`db_tiendavirtualci`.`venta`, CONSTRAINT `venta_ibfk_3` FOREIGN KEY (`idtipopago`) REFERENCES `tipopago` (`idtipopago`))
#0 C:\laragon\www\Cafeteria\system\Database\MySQLi\Connection.php(292): mysqli->query('INSERT INTO `ve...', 0)
#1 C:\laragon\www\Cafeteria\system\Database\BaseConnection.php(670): CodeIgniter\Database\MySQLi\Connection->execute('INSERT INTO `ve...')
#2 C:\laragon\www\Cafeteria\system\Database\BaseConnection.php(598): CodeIgniter\Database\BaseConnection->simpleQuery('INSERT INTO `ve...')
#3 C:\laragon\www\Cafeteria\system\Database\BaseBuilder.php(1771): CodeIgniter\Database\BaseConnection->query('INSERT INTO `ve...', Array, false)
#4 C:\laragon\www\Cafeteria\system\Model.php(239): CodeIgniter\Database\BaseBuilder->insert()
#5 C:\laragon\www\Cafeteria\system\BaseModel.php(738): CodeIgniter\Model->doInsert(Array)
#6 C:\laragon\www\Cafeteria\system\Model.php(625): CodeIgniter\BaseModel->insert(Array, false)
#7 C:\laragon\www\Cafeteria\system\BaseModel.php(658): CodeIgniter\Model->insert(Array, false)
#8 C:\laragon\www\Cafeteria\app\Controllers\Venta.php(104): CodeIgniter\BaseModel->save(Array)
#9 C:\laragon\www\Cafeteria\system\CodeIgniter.php(832): App\Controllers\Venta->registrarDatos()
#10 C:\laragon\www\Cafeteria\system\CodeIgniter.php(419): CodeIgniter\CodeIgniter->runController(Object(App\Controllers\Venta))
#11 C:\laragon\www\Cafeteria\system\CodeIgniter.php(326): CodeIgniter\CodeIgniter->handleRequest(NULL, Object(Config\Cache), false)
#12 C:\laragon\www\Cafeteria\index.php(37): CodeIgniter\CodeIgniter->run()
#13 {main}
CRITICAL - 2022-12-11 19:44:13 --> Undefined array key 0
#0 C:\laragon\www\Cafeteria\app\Views\venta\reporteventa.php(20): CodeIgniter\Debug\Exceptions->errorHandler(2, 'Undefined array...', 'C:\\laragon\\www\\...', 20)
#1 C:\laragon\www\Cafeteria\system\View\View.php(210): include('C:\\laragon\\www\\...')
#2 C:\laragon\www\Cafeteria\system\View\View.php(213): CodeIgniter\View\View->CodeIgniter\View\{closure}()
#3 C:\laragon\www\Cafeteria\system\Common.php(1089): CodeIgniter\View\View->render('venta/reporteve...', Array, true)
#4 C:\laragon\www\Cafeteria\app\Views\index.php(163): view('venta/reporteve...')
#5 C:\laragon\www\Cafeteria\system\View\View.php(210): include('C:\\laragon\\www\\...')
#6 C:\laragon\www\Cafeteria\system\View\View.php(213): CodeIgniter\View\View->CodeIgniter\View\{closure}()
#7 C:\laragon\www\Cafeteria\system\Common.php(1089): CodeIgniter\View\View->render('index', Array, true)
#8 C:\laragon\www\Cafeteria\app\Controllers\Venta.php(159): view('index', Array)
#9 C:\laragon\www\Cafeteria\system\CodeIgniter.php(832): App\Controllers\Venta->verVenta('411')
#10 C:\laragon\www\Cafeteria\system\CodeIgniter.php(419): CodeIgniter\CodeIgniter->runController(Object(App\Controllers\Venta))
#11 C:\laragon\www\Cafeteria\system\CodeIgniter.php(326): CodeIgniter\CodeIgniter->handleRequest(NULL, Object(Config\Cache), false)
#12 C:\laragon\www\Cafeteria\index.php(37): CodeIgniter\CodeIgniter->run()
#13 {main}
CRITICAL - 2022-12-11 19:45:01 --> Undefined array key 0
#0 C:\laragon\www\Cafeteria\app\Views\venta\reporteventa.php(20): CodeIgniter\Debug\Exceptions->errorHandler(2, 'Undefined array...', 'C:\\laragon\\www\\...', 20)
#1 C:\laragon\www\Cafeteria\system\View\View.php(210): include('C:\\laragon\\www\\...')
#2 C:\laragon\www\Cafeteria\system\View\View.php(213): CodeIgniter\View\View->CodeIgniter\View\{closure}()
#3 C:\laragon\www\Cafeteria\system\Common.php(1089): CodeIgniter\View\View->render('venta/reporteve...', Array, true)
#4 C:\laragon\www\Cafeteria\app\Views\index.php(163): view('venta/reporteve...')
#5 C:\laragon\www\Cafeteria\system\View\View.php(210): include('C:\\laragon\\www\\...')
#6 C:\laragon\www\Cafeteria\system\View\View.php(213): CodeIgniter\View\View->CodeIgniter\View\{closure}()
#7 C:\laragon\www\Cafeteria\system\Common.php(1089): CodeIgniter\View\View->render('index', Array, true)
#8 C:\laragon\www\Cafeteria\app\Controllers\Venta.php(159): view('index', Array)
#9 C:\laragon\www\Cafeteria\system\CodeIgniter.php(832): App\Controllers\Venta->verVenta('442')
#10 C:\laragon\www\Cafeteria\system\CodeIgniter.php(419): CodeIgniter\CodeIgniter->runController(Object(App\Controllers\Venta))
#11 C:\laragon\www\Cafeteria\system\CodeIgniter.php(326): CodeIgniter\CodeIgniter->handleRequest(NULL, Object(Config\Cache), false)
#12 C:\laragon\www\Cafeteria\index.php(37): CodeIgniter\CodeIgniter->run()
#13 {main}
