ERROR - 2022-12-08 16:37:10 --> Table 'db_tiendavirtualci.usuario' doesn't exist
CRITICAL - 2022-12-08 16:37:10 --> Table 'db_tiendavirtualci.usuario' doesn't exist
#0 C:\laragon\www\ProyectoWeb\system\Database\MySQLi\Connection.php(292): mysqli->query('SELECT *\nFROM `...', 0)
#1 C:\laragon\www\ProyectoWeb\system\Database\BaseConnection.php(670): CodeIgniter\Database\MySQLi\Connection->execute('SELECT *\nFROM `...')
#2 C:\laragon\www\ProyectoWeb\system\Database\BaseConnection.php(598): CodeIgniter\Database\BaseConnection->simpleQuery('SELECT *\nFROM `...')
#3 C:\laragon\www\ProyectoWeb\system\Database\BaseBuilder.php(1455): CodeIgniter\Database\BaseConnection->query('SELECT *\nFROM `...', Array, false)
#4 C:\laragon\www\ProyectoWeb\system\Model.php(210): CodeIgniter\Database\BaseBuilder->get()
#5 C:\laragon\www\ProyectoWeb\system\BaseModel.php(622): CodeIgniter\Model->doFirst()
#6 C:\laragon\www\ProyectoWeb\app\Controllers\Login.php(33): CodeIgniter\BaseModel->first()
#7 C:\laragon\www\ProyectoWeb\system\CodeIgniter.php(832): App\Controllers\Login->validacion_do()
#8 C:\laragon\www\ProyectoWeb\system\CodeIgniter.php(419): CodeIgniter\CodeIgniter->runController(Object(App\Controllers\Login))
#9 C:\laragon\www\ProyectoWeb\system\CodeIgniter.php(326): CodeIgniter\CodeIgniter->handleRequest(NULL, Object(Config\Cache), false)
#10 C:\laragon\www\ProyectoWeb\index.php(37): CodeIgniter\CodeIgniter->run()
#11 {main}
CRITICAL - 2022-12-08 16:50:42 --> Undefined array key "idTipoEspecialidad"
#0 C:\laragon\www\ProyectoWeb\app\Views\categoria\categoria.php(28): CodeIgniter\Debug\Exceptions->errorHandler(2, 'Undefined array...', 'C:\\laragon\\www\\...', 28)
#1 C:\laragon\www\ProyectoWeb\system\View\View.php(210): include('C:\\laragon\\www\\...')
#2 C:\laragon\www\ProyectoWeb\system\View\View.php(213): CodeIgniter\View\View->CodeIgniter\View\{closure}()
#3 C:\laragon\www\ProyectoWeb\system\Common.php(1089): CodeIgniter\View\View->render('categoria/categ...', Array, true)
#4 C:\laragon\www\ProyectoWeb\app\Views\index.php(145): view('categoria/categ...')
#5 C:\laragon\www\ProyectoWeb\system\View\View.php(210): include('C:\\laragon\\www\\...')
#6 C:\laragon\www\ProyectoWeb\system\View\View.php(213): CodeIgniter\View\View->CodeIgniter\View\{closure}()
#7 C:\laragon\www\ProyectoWeb\system\Common.php(1089): CodeIgniter\View\View->render('index', Array, true)
#8 C:\laragon\www\ProyectoWeb\app\Controllers\Categoria.php(29): view('index', Array)
#9 C:\laragon\www\ProyectoWeb\system\CodeIgniter.php(832): App\Controllers\Categoria->index()
#10 C:\laragon\www\ProyectoWeb\system\CodeIgniter.php(419): CodeIgniter\CodeIgniter->runController(Object(App\Controllers\Categoria))
#11 C:\laragon\www\ProyectoWeb\system\CodeIgniter.php(326): CodeIgniter\CodeIgniter->handleRequest(NULL, Object(Config\Cache), false)
#12 C:\laragon\www\ProyectoWeb\index.php(37): CodeIgniter\CodeIgniter->run()
#13 {main}
CRITICAL - 2022-12-08 16:50:55 --> Undefined array key "idTipoEspecialidad"
#0 C:\laragon\www\ProyectoWeb\app\Views\categoria\categoria.php(29): CodeIgniter\Debug\Exceptions->errorHandler(2, 'Undefined array...', 'C:\\laragon\\www\\...', 29)
#1 C:\laragon\www\ProyectoWeb\system\View\View.php(210): include('C:\\laragon\\www\\...')
#2 C:\laragon\www\ProyectoWeb\system\View\View.php(213): CodeIgniter\View\View->CodeIgniter\View\{closure}()
#3 C:\laragon\www\ProyectoWeb\system\Common.php(1089): CodeIgniter\View\View->render('categoria/categ...', Array, true)
#4 C:\laragon\www\ProyectoWeb\app\Views\index.php(145): view('categoria/categ...')
#5 C:\laragon\www\ProyectoWeb\system\View\View.php(210): include('C:\\laragon\\www\\...')
#6 C:\laragon\www\ProyectoWeb\system\View\View.php(213): CodeIgniter\View\View->CodeIgniter\View\{closure}()
#7 C:\laragon\www\ProyectoWeb\system\Common.php(1089): CodeIgniter\View\View->render('index', Array, true)
#8 C:\laragon\www\ProyectoWeb\app\Controllers\Categoria.php(29): view('index', Array)
#9 C:\laragon\www\ProyectoWeb\system\CodeIgniter.php(832): App\Controllers\Categoria->index()
#10 C:\laragon\www\ProyectoWeb\system\CodeIgniter.php(419): CodeIgniter\CodeIgniter->runController(Object(App\Controllers\Categoria))
#11 C:\laragon\www\ProyectoWeb\system\CodeIgniter.php(326): CodeIgniter\CodeIgniter->handleRequest(NULL, Object(Config\Cache), false)
#12 C:\laragon\www\ProyectoWeb\index.php(37): CodeIgniter\CodeIgniter->run()
#13 {main}
CRITICAL - 2022-12-08 16:51:05 --> Undefined array key "estado"
#0 C:\laragon\www\ProyectoWeb\app\Views\categoria\categoria.php(34): CodeIgniter\Debug\Exceptions->errorHandler(2, 'Undefined array...', 'C:\\laragon\\www\\...', 34)
#1 C:\laragon\www\ProyectoWeb\system\View\View.php(210): include('C:\\laragon\\www\\...')
#2 C:\laragon\www\ProyectoWeb\system\View\View.php(213): CodeIgniter\View\View->CodeIgniter\View\{closure}()
#3 C:\laragon\www\ProyectoWeb\system\Common.php(1089): CodeIgniter\View\View->render('categoria/categ...', Array, true)
#4 C:\laragon\www\ProyectoWeb\app\Views\index.php(145): view('categoria/categ...')
#5 C:\laragon\www\ProyectoWeb\system\View\View.php(210): include('C:\\laragon\\www\\...')
#6 C:\laragon\www\ProyectoWeb\system\View\View.php(213): CodeIgniter\View\View->CodeIgniter\View\{closure}()
#7 C:\laragon\www\ProyectoWeb\system\Common.php(1089): CodeIgniter\View\View->render('index', Array, true)
#8 C:\laragon\www\ProyectoWeb\app\Controllers\Categoria.php(29): view('index', Array)
#9 C:\laragon\www\ProyectoWeb\system\CodeIgniter.php(832): App\Controllers\Categoria->index()
#10 C:\laragon\www\ProyectoWeb\system\CodeIgniter.php(419): CodeIgniter\CodeIgniter->runController(Object(App\Controllers\Categoria))
#11 C:\laragon\www\ProyectoWeb\system\CodeIgniter.php(326): CodeIgniter\CodeIgniter->handleRequest(NULL, Object(Config\Cache), false)
#12 C:\laragon\www\ProyectoWeb\index.php(37): CodeIgniter\CodeIgniter->run()
#13 {main}
CRITICAL - 2022-12-08 16:56:36 --> Undefined array key "idTipoTrabajador"
#0 C:\laragon\www\ProyectoWeb\app\Views\producto\producto.php(27): CodeIgniter\Debug\Exceptions->errorHandler(2, 'Undefined array...', 'C:\\laragon\\www\\...', 27)
#1 C:\laragon\www\ProyectoWeb\system\View\View.php(210): include('C:\\laragon\\www\\...')
#2 C:\laragon\www\ProyectoWeb\system\View\View.php(213): CodeIgniter\View\View->CodeIgniter\View\{closure}()
#3 C:\laragon\www\ProyectoWeb\system\Common.php(1089): CodeIgniter\View\View->render('producto/produc...', Array, true)
#4 C:\laragon\www\ProyectoWeb\app\Views\index.php(145): view('producto/produc...')
#5 C:\laragon\www\ProyectoWeb\system\View\View.php(210): include('C:\\laragon\\www\\...')
#6 C:\laragon\www\ProyectoWeb\system\View\View.php(213): CodeIgniter\View\View->CodeIgniter\View\{closure}()
#7 C:\laragon\www\ProyectoWeb\system\Common.php(1089): CodeIgniter\View\View->render('index', Array, true)
#8 C:\laragon\www\ProyectoWeb\app\Controllers\Producto.php(35): view('index', Array)
#9 C:\laragon\www\ProyectoWeb\system\CodeIgniter.php(832): App\Controllers\Producto->index()
#10 C:\laragon\www\ProyectoWeb\system\CodeIgniter.php(419): CodeIgniter\CodeIgniter->runController(Object(App\Controllers\Producto))
#11 C:\laragon\www\ProyectoWeb\system\CodeIgniter.php(326): CodeIgniter\CodeIgniter->handleRequest(NULL, Object(Config\Cache), false)
#12 C:\laragon\www\ProyectoWeb\index.php(37): CodeIgniter\CodeIgniter->run()
#13 {main}
CRITICAL - 2022-12-08 16:56:55 --> Undefined array key "nombreTrabajador"
#0 C:\laragon\www\ProyectoWeb\app\Views\producto\producto.php(31): CodeIgniter\Debug\Exceptions->errorHandler(2, 'Undefined array...', 'C:\\laragon\\www\\...', 31)
#1 C:\laragon\www\ProyectoWeb\system\View\View.php(210): include('C:\\laragon\\www\\...')
#2 C:\laragon\www\ProyectoWeb\system\View\View.php(213): CodeIgniter\View\View->CodeIgniter\View\{closure}()
#3 C:\laragon\www\ProyectoWeb\system\Common.php(1089): CodeIgniter\View\View->render('producto/produc...', Array, true)
#4 C:\laragon\www\ProyectoWeb\app\Views\index.php(145): view('producto/produc...')
#5 C:\laragon\www\ProyectoWeb\system\View\View.php(210): include('C:\\laragon\\www\\...')
#6 C:\laragon\www\ProyectoWeb\system\View\View.php(213): CodeIgniter\View\View->CodeIgniter\View\{closure}()
#7 C:\laragon\www\ProyectoWeb\system\Common.php(1089): CodeIgniter\View\View->render('index', Array, true)
#8 C:\laragon\www\ProyectoWeb\app\Controllers\Producto.php(35): view('index', Array)
#9 C:\laragon\www\ProyectoWeb\system\CodeIgniter.php(832): App\Controllers\Producto->index()
#10 C:\laragon\www\ProyectoWeb\system\CodeIgniter.php(419): CodeIgniter\CodeIgniter->runController(Object(App\Controllers\Producto))
#11 C:\laragon\www\ProyectoWeb\system\CodeIgniter.php(326): CodeIgniter\CodeIgniter->handleRequest(NULL, Object(Config\Cache), false)
#12 C:\laragon\www\ProyectoWeb\index.php(37): CodeIgniter\CodeIgniter->run()
#13 {main}
ERROR - 2022-12-08 16:04:48 --> Table 'db_cafeteria.usuario' doesn't exist
CRITICAL - 2022-12-08 16:04:48 --> Table 'db_cafeteria.usuario' doesn't exist
#0 C:\xampp\htdocs\Cafeteria\system\Database\MySQLi\Connection.php(292): mysqli->query('SELECT *\nFROM `...', 0)
#1 C:\xampp\htdocs\Cafeteria\system\Database\BaseConnection.php(670): CodeIgniter\Database\MySQLi\Connection->execute('SELECT *\nFROM `...')
#2 C:\xampp\htdocs\Cafeteria\system\Database\BaseConnection.php(598): CodeIgniter\Database\BaseConnection->simpleQuery('SELECT *\nFROM `...')
#3 C:\xampp\htdocs\Cafeteria\system\Database\BaseBuilder.php(1455): CodeIgniter\Database\BaseConnection->query('SELECT *\nFROM `...', Array, false)
#4 C:\xampp\htdocs\Cafeteria\system\Model.php(183): CodeIgniter\Database\BaseBuilder->get()
#5 C:\xampp\htdocs\Cafeteria\system\BaseModel.php(584): CodeIgniter\Model->doFindAll(0, 0)
#6 C:\xampp\htdocs\Cafeteria\app\Controllers\Usuarios.php(25): CodeIgniter\BaseModel->findAll()
#7 C:\xampp\htdocs\Cafeteria\system\CodeIgniter.php(832): App\Controllers\Usuarios->index()
#8 C:\xampp\htdocs\Cafeteria\system\CodeIgniter.php(419): CodeIgniter\CodeIgniter->runController(Object(App\Controllers\Usuarios))
#9 C:\xampp\htdocs\Cafeteria\system\CodeIgniter.php(326): CodeIgniter\CodeIgniter->handleRequest(NULL, Object(Config\Cache), false)
#10 C:\xampp\htdocs\Cafeteria\index.php(37): CodeIgniter\CodeIgniter->run()
#11 {main}
ERROR - 2022-12-08 16:05:53 --> Table 'db_cafeteria.usuario' doesn't exist
CRITICAL - 2022-12-08 16:05:53 --> Table 'db_cafeteria.usuario' doesn't exist
#0 C:\xampp\htdocs\Cafeteria\system\Database\MySQLi\Connection.php(292): mysqli->query('SELECT *\nFROM `...', 0)
#1 C:\xampp\htdocs\Cafeteria\system\Database\BaseConnection.php(670): CodeIgniter\Database\MySQLi\Connection->execute('SELECT *\nFROM `...')
#2 C:\xampp\htdocs\Cafeteria\system\Database\BaseConnection.php(598): CodeIgniter\Database\BaseConnection->simpleQuery('SELECT *\nFROM `...')
#3 C:\xampp\htdocs\Cafeteria\system\Database\BaseBuilder.php(1455): CodeIgniter\Database\BaseConnection->query('SELECT *\nFROM `...', Array, false)
#4 C:\xampp\htdocs\Cafeteria\system\Model.php(183): CodeIgniter\Database\BaseBuilder->get()
#5 C:\xampp\htdocs\Cafeteria\system\BaseModel.php(584): CodeIgniter\Model->doFindAll(0, 0)
#6 C:\xampp\htdocs\Cafeteria\app\Controllers\Usuarios.php(25): CodeIgniter\BaseModel->findAll()
#7 C:\xampp\htdocs\Cafeteria\system\CodeIgniter.php(832): App\Controllers\Usuarios->index()
#8 C:\xampp\htdocs\Cafeteria\system\CodeIgniter.php(419): CodeIgniter\CodeIgniter->runController(Object(App\Controllers\Usuarios))
#9 C:\xampp\htdocs\Cafeteria\system\CodeIgniter.php(326): CodeIgniter\CodeIgniter->handleRequest(NULL, Object(Config\Cache), false)
#10 C:\xampp\htdocs\Cafeteria\index.php(37): CodeIgniter\CodeIgniter->run()
#11 {main}
ERROR - 2022-12-08 16:06:14 --> Table 'db_cafeteria.usuario' doesn't exist
CRITICAL - 2022-12-08 16:06:14 --> Table 'db_cafeteria.usuario' doesn't exist
#0 C:\xampp\htdocs\Cafeteria\system\Database\MySQLi\Connection.php(292): mysqli->query('SELECT *\nFROM `...', 0)
#1 C:\xampp\htdocs\Cafeteria\system\Database\BaseConnection.php(670): CodeIgniter\Database\MySQLi\Connection->execute('SELECT *\nFROM `...')
#2 C:\xampp\htdocs\Cafeteria\system\Database\BaseConnection.php(598): CodeIgniter\Database\BaseConnection->simpleQuery('SELECT *\nFROM `...')
#3 C:\xampp\htdocs\Cafeteria\system\Database\BaseBuilder.php(1455): CodeIgniter\Database\BaseConnection->query('SELECT *\nFROM `...', Array, false)
#4 C:\xampp\htdocs\Cafeteria\system\Model.php(183): CodeIgniter\Database\BaseBuilder->get()
#5 C:\xampp\htdocs\Cafeteria\system\BaseModel.php(584): CodeIgniter\Model->doFindAll(0, 0)
#6 C:\xampp\htdocs\Cafeteria\app\Controllers\Usuarios.php(25): CodeIgniter\BaseModel->findAll()
#7 C:\xampp\htdocs\Cafeteria\system\CodeIgniter.php(832): App\Controllers\Usuarios->index()
#8 C:\xampp\htdocs\Cafeteria\system\CodeIgniter.php(419): CodeIgniter\CodeIgniter->runController(Object(App\Controllers\Usuarios))
#9 C:\xampp\htdocs\Cafeteria\system\CodeIgniter.php(326): CodeIgniter\CodeIgniter->handleRequest(NULL, Object(Config\Cache), false)
#10 C:\xampp\htdocs\Cafeteria\index.php(37): CodeIgniter\CodeIgniter->run()
#11 {main}
ERROR - 2022-12-08 16:06:41 --> Table 'db_cafeteria.usuario' doesn't exist
CRITICAL - 2022-12-08 16:06:41 --> Table 'db_cafeteria.usuario' doesn't exist
#0 C:\xampp\htdocs\Cafeteria\system\Database\MySQLi\Connection.php(292): mysqli->query('SELECT *\nFROM `...', 0)
#1 C:\xampp\htdocs\Cafeteria\system\Database\BaseConnection.php(670): CodeIgniter\Database\MySQLi\Connection->execute('SELECT *\nFROM `...')
#2 C:\xampp\htdocs\Cafeteria\system\Database\BaseConnection.php(598): CodeIgniter\Database\BaseConnection->simpleQuery('SELECT *\nFROM `...')
#3 C:\xampp\htdocs\Cafeteria\system\Database\BaseBuilder.php(1455): CodeIgniter\Database\BaseConnection->query('SELECT *\nFROM `...', Array, false)
#4 C:\xampp\htdocs\Cafeteria\system\Model.php(183): CodeIgniter\Database\BaseBuilder->get()
#5 C:\xampp\htdocs\Cafeteria\system\BaseModel.php(584): CodeIgniter\Model->doFindAll(0, 0)
#6 C:\xampp\htdocs\Cafeteria\app\Controllers\Usuarios.php(25): CodeIgniter\BaseModel->findAll()
#7 C:\xampp\htdocs\Cafeteria\system\CodeIgniter.php(832): App\Controllers\Usuarios->index()
#8 C:\xampp\htdocs\Cafeteria\system\CodeIgniter.php(419): CodeIgniter\CodeIgniter->runController(Object(App\Controllers\Usuarios))
#9 C:\xampp\htdocs\Cafeteria\system\CodeIgniter.php(326): CodeIgniter\CodeIgniter->handleRequest(NULL, Object(Config\Cache), false)
#10 C:\xampp\htdocs\Cafeteria\index.php(37): CodeIgniter\CodeIgniter->run()
#11 {main}
ERROR - 2022-12-08 16:06:52 --> Table 'db_cafeteria.usuario' doesn't exist
CRITICAL - 2022-12-08 16:06:52 --> Table 'db_cafeteria.usuario' doesn't exist
#0 C:\xampp\htdocs\Cafeteria\system\Database\MySQLi\Connection.php(292): mysqli->query('SELECT *\nFROM `...', 0)
#1 C:\xampp\htdocs\Cafeteria\system\Database\BaseConnection.php(670): CodeIgniter\Database\MySQLi\Connection->execute('SELECT *\nFROM `...')
#2 C:\xampp\htdocs\Cafeteria\system\Database\BaseConnection.php(598): CodeIgniter\Database\BaseConnection->simpleQuery('SELECT *\nFROM `...')
#3 C:\xampp\htdocs\Cafeteria\system\Database\BaseBuilder.php(1455): CodeIgniter\Database\BaseConnection->query('SELECT *\nFROM `...', Array, false)
#4 C:\xampp\htdocs\Cafeteria\system\Model.php(183): CodeIgniter\Database\BaseBuilder->get()
#5 C:\xampp\htdocs\Cafeteria\system\BaseModel.php(584): CodeIgniter\Model->doFindAll(0, 0)
#6 C:\xampp\htdocs\Cafeteria\app\Controllers\Usuarios.php(25): CodeIgniter\BaseModel->findAll()
#7 C:\xampp\htdocs\Cafeteria\system\CodeIgniter.php(832): App\Controllers\Usuarios->index()
#8 C:\xampp\htdocs\Cafeteria\system\CodeIgniter.php(419): CodeIgniter\CodeIgniter->runController(Object(App\Controllers\Usuarios))
#9 C:\xampp\htdocs\Cafeteria\system\CodeIgniter.php(326): CodeIgniter\CodeIgniter->handleRequest(NULL, Object(Config\Cache), false)
#10 C:\xampp\htdocs\Cafeteria\index.php(37): CodeIgniter\CodeIgniter->run()
#11 {main}
CRITICAL - 2022-12-08 16:08:39 --> Undefined array key "idUsuario"
#0 C:\xampp\htdocs\Cafeteria\app\Views\usuarios\usuarios.php(42): CodeIgniter\Debug\Exceptions->errorHandler(2, 'Undefined array...', 'C:\\xampp\\htdocs...', 42)
#1 C:\xampp\htdocs\Cafeteria\system\View\View.php(210): include('C:\\xampp\\htdocs...')
#2 C:\xampp\htdocs\Cafeteria\system\View\View.php(213): CodeIgniter\View\View->CodeIgniter\View\{closure}()
#3 C:\xampp\htdocs\Cafeteria\system\Common.php(1089): CodeIgniter\View\View->render('usuarios/usuari...', Array, true)
#4 C:\xampp\htdocs\Cafeteria\app\Views\index.php(145): view('usuarios/usuari...')
#5 C:\xampp\htdocs\Cafeteria\system\View\View.php(210): include('C:\\xampp\\htdocs...')
#6 C:\xampp\htdocs\Cafeteria\system\View\View.php(213): CodeIgniter\View\View->CodeIgniter\View\{closure}()
#7 C:\xampp\htdocs\Cafeteria\system\Common.php(1089): CodeIgniter\View\View->render('index', Array, true)
#8 C:\xampp\htdocs\Cafeteria\app\Controllers\Usuarios.php(26): view('index', Array)
#9 C:\xampp\htdocs\Cafeteria\system\CodeIgniter.php(832): App\Controllers\Usuarios->index()
#10 C:\xampp\htdocs\Cafeteria\system\CodeIgniter.php(419): CodeIgniter\CodeIgniter->runController(Object(App\Controllers\Usuarios))
#11 C:\xampp\htdocs\Cafeteria\system\CodeIgniter.php(326): CodeIgniter\CodeIgniter->handleRequest(NULL, Object(Config\Cache), false)
#12 C:\xampp\htdocs\Cafeteria\index.php(37): CodeIgniter\CodeIgniter->run()
#13 {main}
CRITICAL - 2022-12-08 16:09:22 --> Undefined array key "idUsuario"
#0 C:\xampp\htdocs\Cafeteria\app\Views\usuarios\usuarios.php(41): CodeIgniter\Debug\Exceptions->errorHandler(2, 'Undefined array...', 'C:\\xampp\\htdocs...', 41)
#1 C:\xampp\htdocs\Cafeteria\system\View\View.php(210): include('C:\\xampp\\htdocs...')
#2 C:\xampp\htdocs\Cafeteria\system\View\View.php(213): CodeIgniter\View\View->CodeIgniter\View\{closure}()
#3 C:\xampp\htdocs\Cafeteria\system\Common.php(1089): CodeIgniter\View\View->render('usuarios/usuari...', Array, true)
#4 C:\xampp\htdocs\Cafeteria\app\Views\index.php(145): view('usuarios/usuari...')
#5 C:\xampp\htdocs\Cafeteria\system\View\View.php(210): include('C:\\xampp\\htdocs...')
#6 C:\xampp\htdocs\Cafeteria\system\View\View.php(213): CodeIgniter\View\View->CodeIgniter\View\{closure}()
#7 C:\xampp\htdocs\Cafeteria\system\Common.php(1089): CodeIgniter\View\View->render('index', Array, true)
#8 C:\xampp\htdocs\Cafeteria\app\Controllers\Usuarios.php(26): view('index', Array)
#9 C:\xampp\htdocs\Cafeteria\system\CodeIgniter.php(832): App\Controllers\Usuarios->index()
#10 C:\xampp\htdocs\Cafeteria\system\CodeIgniter.php(419): CodeIgniter\CodeIgniter->runController(Object(App\Controllers\Usuarios))
#11 C:\xampp\htdocs\Cafeteria\system\CodeIgniter.php(326): CodeIgniter\CodeIgniter->handleRequest(NULL, Object(Config\Cache), false)
#12 C:\xampp\htdocs\Cafeteria\index.php(37): CodeIgniter\CodeIgniter->run()
#13 {main}
CRITICAL - 2022-12-08 16:15:09 --> Undefined array key "dni"
#0 C:\xampp\htdocs\Cafeteria\app\Views\usuarios\usuarios.php(47): CodeIgniter\Debug\Exceptions->errorHandler(2, 'Undefined array...', 'C:\\xampp\\htdocs...', 47)
#1 C:\xampp\htdocs\Cafeteria\system\View\View.php(210): include('C:\\xampp\\htdocs...')
#2 C:\xampp\htdocs\Cafeteria\system\View\View.php(213): CodeIgniter\View\View->CodeIgniter\View\{closure}()
#3 C:\xampp\htdocs\Cafeteria\system\Common.php(1089): CodeIgniter\View\View->render('usuarios/usuari...', Array, true)
#4 C:\xampp\htdocs\Cafeteria\app\Views\index.php(145): view('usuarios/usuari...')
#5 C:\xampp\htdocs\Cafeteria\system\View\View.php(210): include('C:\\xampp\\htdocs...')
#6 C:\xampp\htdocs\Cafeteria\system\View\View.php(213): CodeIgniter\View\View->CodeIgniter\View\{closure}()
#7 C:\xampp\htdocs\Cafeteria\system\Common.php(1089): CodeIgniter\View\View->render('index', Array, true)
#8 C:\xampp\htdocs\Cafeteria\app\Controllers\Usuarios.php(26): view('index', Array)
#9 C:\xampp\htdocs\Cafeteria\system\CodeIgniter.php(832): App\Controllers\Usuarios->index()
#10 C:\xampp\htdocs\Cafeteria\system\CodeIgniter.php(419): CodeIgniter\CodeIgniter->runController(Object(App\Controllers\Usuarios))
#11 C:\xampp\htdocs\Cafeteria\system\CodeIgniter.php(326): CodeIgniter\CodeIgniter->handleRequest(NULL, Object(Config\Cache), false)
#12 C:\xampp\htdocs\Cafeteria\index.php(37): CodeIgniter\CodeIgniter->run()
#13 {main}
CRITICAL - 2022-12-08 16:15:54 --> Undefined array key "genero"
#0 C:\xampp\htdocs\Cafeteria\app\Views\usuarios\usuarios.php(63): CodeIgniter\Debug\Exceptions->errorHandler(2, 'Undefined array...', 'C:\\xampp\\htdocs...', 63)
#1 C:\xampp\htdocs\Cafeteria\system\View\View.php(210): include('C:\\xampp\\htdocs...')
#2 C:\xampp\htdocs\Cafeteria\system\View\View.php(213): CodeIgniter\View\View->CodeIgniter\View\{closure}()
#3 C:\xampp\htdocs\Cafeteria\system\Common.php(1089): CodeIgniter\View\View->render('usuarios/usuari...', Array, true)
#4 C:\xampp\htdocs\Cafeteria\app\Views\index.php(145): view('usuarios/usuari...')
#5 C:\xampp\htdocs\Cafeteria\system\View\View.php(210): include('C:\\xampp\\htdocs...')
#6 C:\xampp\htdocs\Cafeteria\system\View\View.php(213): CodeIgniter\View\View->CodeIgniter\View\{closure}()
#7 C:\xampp\htdocs\Cafeteria\system\Common.php(1089): CodeIgniter\View\View->render('index', Array, true)
#8 C:\xampp\htdocs\Cafeteria\app\Controllers\Usuarios.php(26): view('index', Array)
#9 C:\xampp\htdocs\Cafeteria\system\CodeIgniter.php(832): App\Controllers\Usuarios->index()
#10 C:\xampp\htdocs\Cafeteria\system\CodeIgniter.php(419): CodeIgniter\CodeIgniter->runController(Object(App\Controllers\Usuarios))
#11 C:\xampp\htdocs\Cafeteria\system\CodeIgniter.php(326): CodeIgniter\CodeIgniter->handleRequest(NULL, Object(Config\Cache), false)
#12 C:\xampp\htdocs\Cafeteria\index.php(37): CodeIgniter\CodeIgniter->run()
#13 {main}
CRITICAL - 2022-12-08 16:17:55 --> Undefined array key "nombreRol"
#0 C:\xampp\htdocs\Cafeteria\app\Views\usuarios\usuarios.php(72): CodeIgniter\Debug\Exceptions->errorHandler(2, 'Undefined array...', 'C:\\xampp\\htdocs...', 72)
#1 C:\xampp\htdocs\Cafeteria\system\View\View.php(210): include('C:\\xampp\\htdocs...')
#2 C:\xampp\htdocs\Cafeteria\system\View\View.php(213): CodeIgniter\View\View->CodeIgniter\View\{closure}()
#3 C:\xampp\htdocs\Cafeteria\system\Common.php(1089): CodeIgniter\View\View->render('usuarios/usuari...', Array, true)
#4 C:\xampp\htdocs\Cafeteria\app\Views\index.php(145): view('usuarios/usuari...')
#5 C:\xampp\htdocs\Cafeteria\system\View\View.php(210): include('C:\\xampp\\htdocs...')
#6 C:\xampp\htdocs\Cafeteria\system\View\View.php(213): CodeIgniter\View\View->CodeIgniter\View\{closure}()
#7 C:\xampp\htdocs\Cafeteria\system\Common.php(1089): CodeIgniter\View\View->render('index', Array, true)
#8 C:\xampp\htdocs\Cafeteria\app\Controllers\Usuarios.php(26): view('index', Array)
#9 C:\xampp\htdocs\Cafeteria\system\CodeIgniter.php(832): App\Controllers\Usuarios->index()
#10 C:\xampp\htdocs\Cafeteria\system\CodeIgniter.php(419): CodeIgniter\CodeIgniter->runController(Object(App\Controllers\Usuarios))
#11 C:\xampp\htdocs\Cafeteria\system\CodeIgniter.php(326): CodeIgniter\CodeIgniter->handleRequest(NULL, Object(Config\Cache), false)
#12 C:\xampp\htdocs\Cafeteria\index.php(37): CodeIgniter\CodeIgniter->run()
#13 {main}
CRITICAL - 2022-12-08 16:18:06 --> Undefined array key "estado"
#0 C:\xampp\htdocs\Cafeteria\app\Views\usuarios\usuarios.php(81): CodeIgniter\Debug\Exceptions->errorHandler(2, 'Undefined array...', 'C:\\xampp\\htdocs...', 81)
#1 C:\xampp\htdocs\Cafeteria\system\View\View.php(210): include('C:\\xampp\\htdocs...')
#2 C:\xampp\htdocs\Cafeteria\system\View\View.php(213): CodeIgniter\View\View->CodeIgniter\View\{closure}()
#3 C:\xampp\htdocs\Cafeteria\system\Common.php(1089): CodeIgniter\View\View->render('usuarios/usuari...', Array, true)
#4 C:\xampp\htdocs\Cafeteria\app\Views\index.php(145): view('usuarios/usuari...')
#5 C:\xampp\htdocs\Cafeteria\system\View\View.php(210): include('C:\\xampp\\htdocs...')
#6 C:\xampp\htdocs\Cafeteria\system\View\View.php(213): CodeIgniter\View\View->CodeIgniter\View\{closure}()
#7 C:\xampp\htdocs\Cafeteria\system\Common.php(1089): CodeIgniter\View\View->render('index', Array, true)
#8 C:\xampp\htdocs\Cafeteria\app\Controllers\Usuarios.php(26): view('index', Array)
#9 C:\xampp\htdocs\Cafeteria\system\CodeIgniter.php(832): App\Controllers\Usuarios->index()
#10 C:\xampp\htdocs\Cafeteria\system\CodeIgniter.php(419): CodeIgniter\CodeIgniter->runController(Object(App\Controllers\Usuarios))
#11 C:\xampp\htdocs\Cafeteria\system\CodeIgniter.php(326): CodeIgniter\CodeIgniter->handleRequest(NULL, Object(Config\Cache), false)
#12 C:\xampp\htdocs\Cafeteria\index.php(37): CodeIgniter\CodeIgniter->run()
#13 {main}
CRITICAL - 2022-12-08 17:22:23 --> Undefined array key "idPersona"
#0 C:\xampp\htdocs\Cafeteria\app\Views\usuarios\usuarios.php(41): CodeIgniter\Debug\Exceptions->errorHandler(2, 'Undefined array...', 'C:\\xampp\\htdocs...', 41)
#1 C:\xampp\htdocs\Cafeteria\system\View\View.php(210): include('C:\\xampp\\htdocs...')
#2 C:\xampp\htdocs\Cafeteria\system\View\View.php(213): CodeIgniter\View\View->CodeIgniter\View\{closure}()
#3 C:\xampp\htdocs\Cafeteria\system\Common.php(1089): CodeIgniter\View\View->render('usuarios/usuari...', Array, true)
#4 C:\xampp\htdocs\Cafeteria\app\Views\index.php(148): view('usuarios/usuari...')
#5 C:\xampp\htdocs\Cafeteria\system\View\View.php(210): include('C:\\xampp\\htdocs...')
#6 C:\xampp\htdocs\Cafeteria\system\View\View.php(213): CodeIgniter\View\View->CodeIgniter\View\{closure}()
#7 C:\xampp\htdocs\Cafeteria\system\Common.php(1089): CodeIgniter\View\View->render('index', Array, true)
#8 C:\xampp\htdocs\Cafeteria\app\Controllers\Usuarios.php(26): view('index', Array)
#9 C:\xampp\htdocs\Cafeteria\system\CodeIgniter.php(832): App\Controllers\Usuarios->index()
#10 C:\xampp\htdocs\Cafeteria\system\CodeIgniter.php(419): CodeIgniter\CodeIgniter->runController(Object(App\Controllers\Usuarios))
#11 C:\xampp\htdocs\Cafeteria\system\CodeIgniter.php(326): CodeIgniter\CodeIgniter->handleRequest(NULL, Object(Config\Cache), false)
#12 C:\xampp\htdocs\Cafeteria\index.php(37): CodeIgniter\CodeIgniter->run()
#13 {main}
CRITICAL - 2022-12-08 17:22:56 --> Undefined array key "idPersona"
#0 C:\xampp\htdocs\Cafeteria\app\Views\usuarios\usuarios.php(41): CodeIgniter\Debug\Exceptions->errorHandler(2, 'Undefined array...', 'C:\\xampp\\htdocs...', 41)
#1 C:\xampp\htdocs\Cafeteria\system\View\View.php(210): include('C:\\xampp\\htdocs...')
#2 C:\xampp\htdocs\Cafeteria\system\View\View.php(213): CodeIgniter\View\View->CodeIgniter\View\{closure}()
#3 C:\xampp\htdocs\Cafeteria\system\Common.php(1089): CodeIgniter\View\View->render('usuarios/usuari...', Array, true)
#4 C:\xampp\htdocs\Cafeteria\app\Views\index.php(148): view('usuarios/usuari...')
#5 C:\xampp\htdocs\Cafeteria\system\View\View.php(210): include('C:\\xampp\\htdocs...')
#6 C:\xampp\htdocs\Cafeteria\system\View\View.php(213): CodeIgniter\View\View->CodeIgniter\View\{closure}()
#7 C:\xampp\htdocs\Cafeteria\system\Common.php(1089): CodeIgniter\View\View->render('index', Array, true)
#8 C:\xampp\htdocs\Cafeteria\app\Controllers\Usuarios.php(26): view('index', Array)
#9 C:\xampp\htdocs\Cafeteria\system\CodeIgniter.php(832): App\Controllers\Usuarios->index()
#10 C:\xampp\htdocs\Cafeteria\system\CodeIgniter.php(419): CodeIgniter\CodeIgniter->runController(Object(App\Controllers\Usuarios))
#11 C:\xampp\htdocs\Cafeteria\system\CodeIgniter.php(326): CodeIgniter\CodeIgniter->handleRequest(NULL, Object(Config\Cache), false)
#12 C:\xampp\htdocs\Cafeteria\index.php(37): CodeIgniter\CodeIgniter->run()
#13 {main}
CRITICAL - 2022-12-08 17:22:58 --> Undefined array key "idPersona"
#0 C:\xampp\htdocs\Cafeteria\app\Views\usuarios\usuarios.php(41): CodeIgniter\Debug\Exceptions->errorHandler(2, 'Undefined array...', 'C:\\xampp\\htdocs...', 41)
#1 C:\xampp\htdocs\Cafeteria\system\View\View.php(210): include('C:\\xampp\\htdocs...')
#2 C:\xampp\htdocs\Cafeteria\system\View\View.php(213): CodeIgniter\View\View->CodeIgniter\View\{closure}()
#3 C:\xampp\htdocs\Cafeteria\system\Common.php(1089): CodeIgniter\View\View->render('usuarios/usuari...', Array, true)
#4 C:\xampp\htdocs\Cafeteria\app\Views\index.php(148): view('usuarios/usuari...')
#5 C:\xampp\htdocs\Cafeteria\system\View\View.php(210): include('C:\\xampp\\htdocs...')
#6 C:\xampp\htdocs\Cafeteria\system\View\View.php(213): CodeIgniter\View\View->CodeIgniter\View\{closure}()
#7 C:\xampp\htdocs\Cafeteria\system\Common.php(1089): CodeIgniter\View\View->render('index', Array, true)
#8 C:\xampp\htdocs\Cafeteria\app\Controllers\Usuarios.php(26): view('index', Array)
#9 C:\xampp\htdocs\Cafeteria\system\CodeIgniter.php(832): App\Controllers\Usuarios->index()
#10 C:\xampp\htdocs\Cafeteria\system\CodeIgniter.php(419): CodeIgniter\CodeIgniter->runController(Object(App\Controllers\Usuarios))
#11 C:\xampp\htdocs\Cafeteria\system\CodeIgniter.php(326): CodeIgniter\CodeIgniter->handleRequest(NULL, Object(Config\Cache), false)
#12 C:\xampp\htdocs\Cafeteria\index.php(37): CodeIgniter\CodeIgniter->run()
#13 {main}
CRITICAL - 2022-12-08 17:23:11 --> Undefined variable $persona
#0 C:\xampp\htdocs\Cafeteria\app\Views\usuarios\usuarios.php(38): CodeIgniter\Debug\Exceptions->errorHandler(2, 'Undefined varia...', 'C:\\xampp\\htdocs...', 38)
#1 C:\xampp\htdocs\Cafeteria\system\View\View.php(210): include('C:\\xampp\\htdocs...')
#2 C:\xampp\htdocs\Cafeteria\system\View\View.php(213): CodeIgniter\View\View->CodeIgniter\View\{closure}()
#3 C:\xampp\htdocs\Cafeteria\system\Common.php(1089): CodeIgniter\View\View->render('usuarios/usuari...', Array, true)
#4 C:\xampp\htdocs\Cafeteria\app\Views\index.php(148): view('usuarios/usuari...')
#5 C:\xampp\htdocs\Cafeteria\system\View\View.php(210): include('C:\\xampp\\htdocs...')
#6 C:\xampp\htdocs\Cafeteria\system\View\View.php(213): CodeIgniter\View\View->CodeIgniter\View\{closure}()
#7 C:\xampp\htdocs\Cafeteria\system\Common.php(1089): CodeIgniter\View\View->render('index', Array, true)
#8 C:\xampp\htdocs\Cafeteria\app\Controllers\Usuarios.php(26): view('index', Array)
#9 C:\xampp\htdocs\Cafeteria\system\CodeIgniter.php(832): App\Controllers\Usuarios->index()
#10 C:\xampp\htdocs\Cafeteria\system\CodeIgniter.php(419): CodeIgniter\CodeIgniter->runController(Object(App\Controllers\Usuarios))
#11 C:\xampp\htdocs\Cafeteria\system\CodeIgniter.php(326): CodeIgniter\CodeIgniter->handleRequest(NULL, Object(Config\Cache), false)
#12 C:\xampp\htdocs\Cafeteria\index.php(37): CodeIgniter\CodeIgniter->run()
#13 {main}
CRITICAL - 2022-12-08 17:23:17 --> Undefined array key "idPersona"
#0 C:\xampp\htdocs\Cafeteria\app\Views\usuarios\usuarios.php(41): CodeIgniter\Debug\Exceptions->errorHandler(2, 'Undefined array...', 'C:\\xampp\\htdocs...', 41)
#1 C:\xampp\htdocs\Cafeteria\system\View\View.php(210): include('C:\\xampp\\htdocs...')
#2 C:\xampp\htdocs\Cafeteria\system\View\View.php(213): CodeIgniter\View\View->CodeIgniter\View\{closure}()
#3 C:\xampp\htdocs\Cafeteria\system\Common.php(1089): CodeIgniter\View\View->render('usuarios/usuari...', Array, true)
#4 C:\xampp\htdocs\Cafeteria\app\Views\index.php(148): view('usuarios/usuari...')
#5 C:\xampp\htdocs\Cafeteria\system\View\View.php(210): include('C:\\xampp\\htdocs...')
#6 C:\xampp\htdocs\Cafeteria\system\View\View.php(213): CodeIgniter\View\View->CodeIgniter\View\{closure}()
#7 C:\xampp\htdocs\Cafeteria\system\Common.php(1089): CodeIgniter\View\View->render('index', Array, true)
#8 C:\xampp\htdocs\Cafeteria\app\Controllers\Usuarios.php(26): view('index', Array)
#9 C:\xampp\htdocs\Cafeteria\system\CodeIgniter.php(832): App\Controllers\Usuarios->index()
#10 C:\xampp\htdocs\Cafeteria\system\CodeIgniter.php(419): CodeIgniter\CodeIgniter->runController(Object(App\Controllers\Usuarios))
#11 C:\xampp\htdocs\Cafeteria\system\CodeIgniter.php(326): CodeIgniter\CodeIgniter->handleRequest(NULL, Object(Config\Cache), false)
#12 C:\xampp\htdocs\Cafeteria\index.php(37): CodeIgniter\CodeIgniter->run()
#13 {main}
CRITICAL - 2022-12-08 17:24:06 --> Undefined array key "idPersona"
#0 C:\xampp\htdocs\Cafeteria\app\Views\usuarios\usuarios.php(41): CodeIgniter\Debug\Exceptions->errorHandler(2, 'Undefined array...', 'C:\\xampp\\htdocs...', 41)
#1 C:\xampp\htdocs\Cafeteria\system\View\View.php(210): include('C:\\xampp\\htdocs...')
#2 C:\xampp\htdocs\Cafeteria\system\View\View.php(213): CodeIgniter\View\View->CodeIgniter\View\{closure}()
#3 C:\xampp\htdocs\Cafeteria\system\Common.php(1089): CodeIgniter\View\View->render('usuarios/usuari...', Array, true)
#4 C:\xampp\htdocs\Cafeteria\app\Views\index.php(148): view('usuarios/usuari...')
#5 C:\xampp\htdocs\Cafeteria\system\View\View.php(210): include('C:\\xampp\\htdocs...')
#6 C:\xampp\htdocs\Cafeteria\system\View\View.php(213): CodeIgniter\View\View->CodeIgniter\View\{closure}()
#7 C:\xampp\htdocs\Cafeteria\system\Common.php(1089): CodeIgniter\View\View->render('index', Array, true)
#8 C:\xampp\htdocs\Cafeteria\app\Controllers\Usuarios.php(26): view('index', Array)
#9 C:\xampp\htdocs\Cafeteria\system\CodeIgniter.php(832): App\Controllers\Usuarios->index()
#10 C:\xampp\htdocs\Cafeteria\system\CodeIgniter.php(419): CodeIgniter\CodeIgniter->runController(Object(App\Controllers\Usuarios))
#11 C:\xampp\htdocs\Cafeteria\system\CodeIgniter.php(326): CodeIgniter\CodeIgniter->handleRequest(NULL, Object(Config\Cache), false)
#12 C:\xampp\htdocs\Cafeteria\index.php(37): CodeIgniter\CodeIgniter->run()
#13 {main}
CRITICAL - 2022-12-08 17:24:12 --> Undefined array key "idPersona"
#0 C:\xampp\htdocs\Cafeteria\app\Views\usuarios\usuarios.php(41): CodeIgniter\Debug\Exceptions->errorHandler(2, 'Undefined array...', 'C:\\xampp\\htdocs...', 41)
#1 C:\xampp\htdocs\Cafeteria\system\View\View.php(210): include('C:\\xampp\\htdocs...')
#2 C:\xampp\htdocs\Cafeteria\system\View\View.php(213): CodeIgniter\View\View->CodeIgniter\View\{closure}()
#3 C:\xampp\htdocs\Cafeteria\system\Common.php(1089): CodeIgniter\View\View->render('usuarios/usuari...', Array, true)
#4 C:\xampp\htdocs\Cafeteria\app\Views\index.php(148): view('usuarios/usuari...')
#5 C:\xampp\htdocs\Cafeteria\system\View\View.php(210): include('C:\\xampp\\htdocs...')
#6 C:\xampp\htdocs\Cafeteria\system\View\View.php(213): CodeIgniter\View\View->CodeIgniter\View\{closure}()
#7 C:\xampp\htdocs\Cafeteria\system\Common.php(1089): CodeIgniter\View\View->render('index', Array, true)
#8 C:\xampp\htdocs\Cafeteria\app\Controllers\Usuarios.php(26): view('index', Array)
#9 C:\xampp\htdocs\Cafeteria\system\CodeIgniter.php(832): App\Controllers\Usuarios->index()
#10 C:\xampp\htdocs\Cafeteria\system\CodeIgniter.php(419): CodeIgniter\CodeIgniter->runController(Object(App\Controllers\Usuarios))
#11 C:\xampp\htdocs\Cafeteria\system\CodeIgniter.php(326): CodeIgniter\CodeIgniter->handleRequest(NULL, Object(Config\Cache), false)
#12 C:\xampp\htdocs\Cafeteria\index.php(37): CodeIgniter\CodeIgniter->run()
#13 {main}
CRITICAL - 2022-12-08 17:24:27 --> Undefined array key "idPersona"
#0 C:\xampp\htdocs\Cafeteria\app\Views\usuarios\usuarios.php(41): CodeIgniter\Debug\Exceptions->errorHandler(2, 'Undefined array...', 'C:\\xampp\\htdocs...', 41)
#1 C:\xampp\htdocs\Cafeteria\system\View\View.php(210): include('C:\\xampp\\htdocs...')
#2 C:\xampp\htdocs\Cafeteria\system\View\View.php(213): CodeIgniter\View\View->CodeIgniter\View\{closure}()
#3 C:\xampp\htdocs\Cafeteria\system\Common.php(1089): CodeIgniter\View\View->render('usuarios/usuari...', Array, true)
#4 C:\xampp\htdocs\Cafeteria\app\Views\index.php(148): view('usuarios/usuari...')
#5 C:\xampp\htdocs\Cafeteria\system\View\View.php(210): include('C:\\xampp\\htdocs...')
#6 C:\xampp\htdocs\Cafeteria\system\View\View.php(213): CodeIgniter\View\View->CodeIgniter\View\{closure}()
#7 C:\xampp\htdocs\Cafeteria\system\Common.php(1089): CodeIgniter\View\View->render('index', Array, true)
#8 C:\xampp\htdocs\Cafeteria\app\Controllers\Usuarios.php(26): view('index', Array)
#9 C:\xampp\htdocs\Cafeteria\system\CodeIgniter.php(832): App\Controllers\Usuarios->index()
#10 C:\xampp\htdocs\Cafeteria\system\CodeIgniter.php(419): CodeIgniter\CodeIgniter->runController(Object(App\Controllers\Usuarios))
#11 C:\xampp\htdocs\Cafeteria\system\CodeIgniter.php(326): CodeIgniter\CodeIgniter->handleRequest(NULL, Object(Config\Cache), false)
#12 C:\xampp\htdocs\Cafeteria\index.php(37): CodeIgniter\CodeIgniter->run()
#13 {main}
CRITICAL - 2022-12-08 17:24:33 --> Undefined array key "idPersona"
#0 C:\xampp\htdocs\Cafeteria\app\Views\usuarios\usuarios.php(41): CodeIgniter\Debug\Exceptions->errorHandler(2, 'Undefined array...', 'C:\\xampp\\htdocs...', 41)
#1 C:\xampp\htdocs\Cafeteria\system\View\View.php(210): include('C:\\xampp\\htdocs...')
#2 C:\xampp\htdocs\Cafeteria\system\View\View.php(213): CodeIgniter\View\View->CodeIgniter\View\{closure}()
#3 C:\xampp\htdocs\Cafeteria\system\Common.php(1089): CodeIgniter\View\View->render('usuarios/usuari...', Array, true)
#4 C:\xampp\htdocs\Cafeteria\app\Views\index.php(148): view('usuarios/usuari...')
#5 C:\xampp\htdocs\Cafeteria\system\View\View.php(210): include('C:\\xampp\\htdocs...')
#6 C:\xampp\htdocs\Cafeteria\system\View\View.php(213): CodeIgniter\View\View->CodeIgniter\View\{closure}()
#7 C:\xampp\htdocs\Cafeteria\system\Common.php(1089): CodeIgniter\View\View->render('index', Array, true)
#8 C:\xampp\htdocs\Cafeteria\app\Controllers\Usuarios.php(26): view('index', Array)
#9 C:\xampp\htdocs\Cafeteria\system\CodeIgniter.php(832): App\Controllers\Usuarios->index()
#10 C:\xampp\htdocs\Cafeteria\system\CodeIgniter.php(419): CodeIgniter\CodeIgniter->runController(Object(App\Controllers\Usuarios))
#11 C:\xampp\htdocs\Cafeteria\system\CodeIgniter.php(326): CodeIgniter\CodeIgniter->handleRequest(NULL, Object(Config\Cache), false)
#12 C:\xampp\htdocs\Cafeteria\index.php(37): CodeIgniter\CodeIgniter->run()
#13 {main}
CRITICAL - 2022-12-08 17:24:42 --> Undefined array key "idPersona"
#0 C:\xampp\htdocs\Cafeteria\app\Views\usuarios\usuarios.php(41): CodeIgniter\Debug\Exceptions->errorHandler(2, 'Undefined array...', 'C:\\xampp\\htdocs...', 41)
#1 C:\xampp\htdocs\Cafeteria\system\View\View.php(210): include('C:\\xampp\\htdocs...')
#2 C:\xampp\htdocs\Cafeteria\system\View\View.php(213): CodeIgniter\View\View->CodeIgniter\View\{closure}()
#3 C:\xampp\htdocs\Cafeteria\system\Common.php(1089): CodeIgniter\View\View->render('usuarios/usuari...', Array, true)
#4 C:\xampp\htdocs\Cafeteria\app\Views\index.php(148): view('usuarios/usuari...')
#5 C:\xampp\htdocs\Cafeteria\system\View\View.php(210): include('C:\\xampp\\htdocs...')
#6 C:\xampp\htdocs\Cafeteria\system\View\View.php(213): CodeIgniter\View\View->CodeIgniter\View\{closure}()
#7 C:\xampp\htdocs\Cafeteria\system\Common.php(1089): CodeIgniter\View\View->render('index', Array, true)
#8 C:\xampp\htdocs\Cafeteria\app\Controllers\Usuarios.php(26): view('index', Array)
#9 C:\xampp\htdocs\Cafeteria\system\CodeIgniter.php(832): App\Controllers\Usuarios->index()
#10 C:\xampp\htdocs\Cafeteria\system\CodeIgniter.php(419): CodeIgniter\CodeIgniter->runController(Object(App\Controllers\Usuarios))
#11 C:\xampp\htdocs\Cafeteria\system\CodeIgniter.php(326): CodeIgniter\CodeIgniter->handleRequest(NULL, Object(Config\Cache), false)
#12 C:\xampp\htdocs\Cafeteria\index.php(37): CodeIgniter\CodeIgniter->run()
#13 {main}
CRITICAL - 2022-12-08 17:25:10 --> Undefined array key "idUsuario"
#0 C:\xampp\htdocs\Cafeteria\app\Views\usuarios\usuarios.php(41): CodeIgniter\Debug\Exceptions->errorHandler(2, 'Undefined array...', 'C:\\xampp\\htdocs...', 41)
#1 C:\xampp\htdocs\Cafeteria\system\View\View.php(210): include('C:\\xampp\\htdocs...')
#2 C:\xampp\htdocs\Cafeteria\system\View\View.php(213): CodeIgniter\View\View->CodeIgniter\View\{closure}()
#3 C:\xampp\htdocs\Cafeteria\system\Common.php(1089): CodeIgniter\View\View->render('usuarios/usuari...', Array, true)
#4 C:\xampp\htdocs\Cafeteria\app\Views\index.php(148): view('usuarios/usuari...')
#5 C:\xampp\htdocs\Cafeteria\system\View\View.php(210): include('C:\\xampp\\htdocs...')
#6 C:\xampp\htdocs\Cafeteria\system\View\View.php(213): CodeIgniter\View\View->CodeIgniter\View\{closure}()
#7 C:\xampp\htdocs\Cafeteria\system\Common.php(1089): CodeIgniter\View\View->render('index', Array, true)
#8 C:\xampp\htdocs\Cafeteria\app\Controllers\Usuarios.php(26): view('index', Array)
#9 C:\xampp\htdocs\Cafeteria\system\CodeIgniter.php(832): App\Controllers\Usuarios->index()
#10 C:\xampp\htdocs\Cafeteria\system\CodeIgniter.php(419): CodeIgniter\CodeIgniter->runController(Object(App\Controllers\Usuarios))
#11 C:\xampp\htdocs\Cafeteria\system\CodeIgniter.php(326): CodeIgniter\CodeIgniter->handleRequest(NULL, Object(Config\Cache), false)
#12 C:\xampp\htdocs\Cafeteria\index.php(37): CodeIgniter\CodeIgniter->run()
#13 {main}
CRITICAL - 2022-12-08 17:36:19 --> Undefined array key "nombre"
#0 C:\xampp\htdocs\Cafeteria\app\Views\usuarios\actualizar.php(21): CodeIgniter\Debug\Exceptions->errorHandler(2, 'Undefined array...', 'C:\\xampp\\htdocs...', 21)
#1 C:\xampp\htdocs\Cafeteria\system\View\View.php(210): include('C:\\xampp\\htdocs...')
#2 C:\xampp\htdocs\Cafeteria\system\View\View.php(213): CodeIgniter\View\View->CodeIgniter\View\{closure}()
#3 C:\xampp\htdocs\Cafeteria\system\Common.php(1089): CodeIgniter\View\View->render('usuarios/actual...', Array, true)
#4 C:\xampp\htdocs\Cafeteria\app\Views\index.php(148): view('usuarios/actual...')
#5 C:\xampp\htdocs\Cafeteria\system\View\View.php(210): include('C:\\xampp\\htdocs...')
#6 C:\xampp\htdocs\Cafeteria\system\View\View.php(213): CodeIgniter\View\View->CodeIgniter\View\{closure}()
#7 C:\xampp\htdocs\Cafeteria\system\Common.php(1089): CodeIgniter\View\View->render('index', Array, true)
#8 C:\xampp\htdocs\Cafeteria\app\Controllers\Usuarios.php(93): view('index', Array)
#9 C:\xampp\htdocs\Cafeteria\system\CodeIgniter.php(832): App\Controllers\Usuarios->verRegistro('15')
#10 C:\xampp\htdocs\Cafeteria\system\CodeIgniter.php(419): CodeIgniter\CodeIgniter->runController(Object(App\Controllers\Usuarios))
#11 C:\xampp\htdocs\Cafeteria\system\CodeIgniter.php(326): CodeIgniter\CodeIgniter->handleRequest(NULL, Object(Config\Cache), false)
#12 C:\xampp\htdocs\Cafeteria\index.php(37): CodeIgniter\CodeIgniter->run()
#13 {main}
CRITICAL - 2022-12-08 17:36:40 --> Undefined array key "email"
#0 C:\xampp\htdocs\Cafeteria\app\Views\usuarios\actualizar.php(52): CodeIgniter\Debug\Exceptions->errorHandler(2, 'Undefined array...', 'C:\\xampp\\htdocs...', 52)
#1 C:\xampp\htdocs\Cafeteria\system\View\View.php(210): include('C:\\xampp\\htdocs...')
#2 C:\xampp\htdocs\Cafeteria\system\View\View.php(213): CodeIgniter\View\View->CodeIgniter\View\{closure}()
#3 C:\xampp\htdocs\Cafeteria\system\Common.php(1089): CodeIgniter\View\View->render('usuarios/actual...', Array, true)
#4 C:\xampp\htdocs\Cafeteria\app\Views\index.php(148): view('usuarios/actual...')
#5 C:\xampp\htdocs\Cafeteria\system\View\View.php(210): include('C:\\xampp\\htdocs...')
#6 C:\xampp\htdocs\Cafeteria\system\View\View.php(213): CodeIgniter\View\View->CodeIgniter\View\{closure}()
#7 C:\xampp\htdocs\Cafeteria\system\Common.php(1089): CodeIgniter\View\View->render('index', Array, true)
#8 C:\xampp\htdocs\Cafeteria\app\Controllers\Usuarios.php(93): view('index', Array)
#9 C:\xampp\htdocs\Cafeteria\system\CodeIgniter.php(832): App\Controllers\Usuarios->verRegistro('15')
#10 C:\xampp\htdocs\Cafeteria\system\CodeIgniter.php(419): CodeIgniter\CodeIgniter->runController(Object(App\Controllers\Usuarios))
#11 C:\xampp\htdocs\Cafeteria\system\CodeIgniter.php(326): CodeIgniter\CodeIgniter->handleRequest(NULL, Object(Config\Cache), false)
#12 C:\xampp\htdocs\Cafeteria\index.php(37): CodeIgniter\CodeIgniter->run()
#13 {main}
CRITICAL - 2022-12-08 17:36:55 --> Undefined array key "listGenero"
#0 C:\xampp\htdocs\Cafeteria\app\Views\usuarios\actualizar.php(73): CodeIgniter\Debug\Exceptions->errorHandler(2, 'Undefined array...', 'C:\\xampp\\htdocs...', 73)
#1 C:\xampp\htdocs\Cafeteria\system\View\View.php(210): include('C:\\xampp\\htdocs...')
#2 C:\xampp\htdocs\Cafeteria\system\View\View.php(213): CodeIgniter\View\View->CodeIgniter\View\{closure}()
#3 C:\xampp\htdocs\Cafeteria\system\Common.php(1089): CodeIgniter\View\View->render('usuarios/actual...', Array, true)
#4 C:\xampp\htdocs\Cafeteria\app\Views\index.php(148): view('usuarios/actual...')
#5 C:\xampp\htdocs\Cafeteria\system\View\View.php(210): include('C:\\xampp\\htdocs...')
#6 C:\xampp\htdocs\Cafeteria\system\View\View.php(213): CodeIgniter\View\View->CodeIgniter\View\{closure}()
#7 C:\xampp\htdocs\Cafeteria\system\Common.php(1089): CodeIgniter\View\View->render('index', Array, true)
#8 C:\xampp\htdocs\Cafeteria\app\Controllers\Usuarios.php(93): view('index', Array)
#9 C:\xampp\htdocs\Cafeteria\system\CodeIgniter.php(832): App\Controllers\Usuarios->verRegistro('15')
#10 C:\xampp\htdocs\Cafeteria\system\CodeIgniter.php(419): CodeIgniter\CodeIgniter->runController(Object(App\Controllers\Usuarios))
#11 C:\xampp\htdocs\Cafeteria\system\CodeIgniter.php(326): CodeIgniter\CodeIgniter->handleRequest(NULL, Object(Config\Cache), false)
#12 C:\xampp\htdocs\Cafeteria\index.php(37): CodeIgniter\CodeIgniter->run()
#13 {main}
CRITICAL - 2022-12-08 17:46:10 --> Undefined array key "estado"
#0 C:\xampp\htdocs\Cafeteria\app\Views\usuarios\usuarios.php(90): CodeIgniter\Debug\Exceptions->errorHandler(2, 'Undefined array...', 'C:\\xampp\\htdocs...', 90)
#1 C:\xampp\htdocs\Cafeteria\system\View\View.php(210): include('C:\\xampp\\htdocs...')
#2 C:\xampp\htdocs\Cafeteria\system\View\View.php(213): CodeIgniter\View\View->CodeIgniter\View\{closure}()
#3 C:\xampp\htdocs\Cafeteria\system\Common.php(1089): CodeIgniter\View\View->render('usuarios/usuari...', Array, true)
#4 C:\xampp\htdocs\Cafeteria\app\Views\index.php(148): view('usuarios/usuari...')
#5 C:\xampp\htdocs\Cafeteria\system\View\View.php(210): include('C:\\xampp\\htdocs...')
#6 C:\xampp\htdocs\Cafeteria\system\View\View.php(213): CodeIgniter\View\View->CodeIgniter\View\{closure}()
#7 C:\xampp\htdocs\Cafeteria\system\Common.php(1089): CodeIgniter\View\View->render('index', Array, true)
#8 C:\xampp\htdocs\Cafeteria\app\Controllers\Usuarios.php(26): view('index', Array)
#9 C:\xampp\htdocs\Cafeteria\system\CodeIgniter.php(832): App\Controllers\Usuarios->index()
#10 C:\xampp\htdocs\Cafeteria\system\CodeIgniter.php(419): CodeIgniter\CodeIgniter->runController(Object(App\Controllers\Usuarios))
#11 C:\xampp\htdocs\Cafeteria\system\CodeIgniter.php(326): CodeIgniter\CodeIgniter->handleRequest(NULL, Object(Config\Cache), false)
#12 C:\xampp\htdocs\Cafeteria\index.php(37): CodeIgniter\CodeIgniter->run()
#13 {main}
CRITICAL - 2022-12-08 18:13:17 --> Undefined array key "nombreRol"
#0 C:\xampp\htdocs\Cafeteria\app\Views\usuarios\usuarios.php(81): CodeIgniter\Debug\Exceptions->errorHandler(2, 'Undefined array...', 'C:\\xampp\\htdocs...', 81)
#1 C:\xampp\htdocs\Cafeteria\system\View\View.php(210): include('C:\\xampp\\htdocs...')
#2 C:\xampp\htdocs\Cafeteria\system\View\View.php(213): CodeIgniter\View\View->CodeIgniter\View\{closure}()
#3 C:\xampp\htdocs\Cafeteria\system\Common.php(1089): CodeIgniter\View\View->render('usuarios/usuari...', Array, true)
#4 C:\xampp\htdocs\Cafeteria\app\Views\index.php(148): view('usuarios/usuari...')
#5 C:\xampp\htdocs\Cafeteria\system\View\View.php(210): include('C:\\xampp\\htdocs...')
#6 C:\xampp\htdocs\Cafeteria\system\View\View.php(213): CodeIgniter\View\View->CodeIgniter\View\{closure}()
#7 C:\xampp\htdocs\Cafeteria\system\Common.php(1089): CodeIgniter\View\View->render('index', Array, true)
#8 C:\xampp\htdocs\Cafeteria\app\Controllers\Usuarios.php(26): view('index', Array)
#9 C:\xampp\htdocs\Cafeteria\system\CodeIgniter.php(832): App\Controllers\Usuarios->index()
#10 C:\xampp\htdocs\Cafeteria\system\CodeIgniter.php(419): CodeIgniter\CodeIgniter->runController(Object(App\Controllers\Usuarios))
#11 C:\xampp\htdocs\Cafeteria\system\CodeIgniter.php(326): CodeIgniter\CodeIgniter->handleRequest(NULL, Object(Config\Cache), false)
#12 C:\xampp\htdocs\Cafeteria\index.php(37): CodeIgniter\CodeIgniter->run()
#13 {main}
CRITICAL - 2022-12-08 18:16:30 --> Undefined array key "nombreRol"
#0 C:\xampp\htdocs\Cafeteria\app\Views\clientes\clientes.php(78): CodeIgniter\Debug\Exceptions->errorHandler(2, 'Undefined array...', 'C:\\xampp\\htdocs...', 78)
#1 C:\xampp\htdocs\Cafeteria\system\View\View.php(210): include('C:\\xampp\\htdocs...')
#2 C:\xampp\htdocs\Cafeteria\system\View\View.php(213): CodeIgniter\View\View->CodeIgniter\View\{closure}()
#3 C:\xampp\htdocs\Cafeteria\system\Common.php(1089): CodeIgniter\View\View->render('clientes/client...', Array, true)
#4 C:\xampp\htdocs\Cafeteria\app\Views\index.php(148): view('clientes/client...')
#5 C:\xampp\htdocs\Cafeteria\system\View\View.php(210): include('C:\\xampp\\htdocs...')
#6 C:\xampp\htdocs\Cafeteria\system\View\View.php(213): CodeIgniter\View\View->CodeIgniter\View\{closure}()
#7 C:\xampp\htdocs\Cafeteria\system\Common.php(1089): CodeIgniter\View\View->render('index', Array, true)
#8 C:\xampp\htdocs\Cafeteria\app\Controllers\Clientes.php(26): view('index', Array)
#9 C:\xampp\htdocs\Cafeteria\system\CodeIgniter.php(832): App\Controllers\Clientes->index()
#10 C:\xampp\htdocs\Cafeteria\system\CodeIgniter.php(419): CodeIgniter\CodeIgniter->runController(Object(App\Controllers\Clientes))
#11 C:\xampp\htdocs\Cafeteria\system\CodeIgniter.php(326): CodeIgniter\CodeIgniter->handleRequest(NULL, Object(Config\Cache), false)
#12 C:\xampp\htdocs\Cafeteria\index.php(37): CodeIgniter\CodeIgniter->run()
#13 {main}
CRITICAL - 2022-12-08 19:02:29 --> Call to undefined method App\Models\UsuarioModel::cantUsuarios
#0 C:\xampp\htdocs\Cafeteria\app\Controllers\Inicio.php(28): CodeIgniter\Model->__call('cantUsuarios', Array)
#1 C:\xampp\htdocs\Cafeteria\system\CodeIgniter.php(832): App\Controllers\Inicio->index()
#2 C:\xampp\htdocs\Cafeteria\system\CodeIgniter.php(419): CodeIgniter\CodeIgniter->runController(Object(App\Controllers\Inicio))
#3 C:\xampp\htdocs\Cafeteria\system\CodeIgniter.php(326): CodeIgniter\CodeIgniter->handleRequest(NULL, Object(Config\Cache), false)
#4 C:\xampp\htdocs\Cafeteria\index.php(37): CodeIgniter\CodeIgniter->run()
#5 {main}
CRITICAL - 2022-12-08 21:33:41 --> Call to undefined method App\Models\UsuarioModel::cantUsuarios
#0 C:\xampp\htdocs\Cafeteria\app\Controllers\Inicio.php(28): CodeIgniter\Model->__call('cantUsuarios', Array)
#1 C:\xampp\htdocs\Cafeteria\system\CodeIgniter.php(832): App\Controllers\Inicio->index()
#2 C:\xampp\htdocs\Cafeteria\system\CodeIgniter.php(419): CodeIgniter\CodeIgniter->runController(Object(App\Controllers\Inicio))
#3 C:\xampp\htdocs\Cafeteria\system\CodeIgniter.php(326): CodeIgniter\CodeIgniter->handleRequest(NULL, Object(Config\Cache), false)
#4 C:\xampp\htdocs\Cafeteria\index.php(37): CodeIgniter\CodeIgniter->run()
#5 {main}
CRITICAL - 2022-12-08 22:20:32 --> Call to undefined method App\Models\UsuarioModel::cantUsuarios
#0 C:\xampp\htdocs\Cafeteria\app\Controllers\Inicio.php(28): CodeIgniter\Model->__call('cantUsuarios', Array)
#1 C:\xampp\htdocs\Cafeteria\system\CodeIgniter.php(832): App\Controllers\Inicio->index()
#2 C:\xampp\htdocs\Cafeteria\system\CodeIgniter.php(419): CodeIgniter\CodeIgniter->runController(Object(App\Controllers\Inicio))
#3 C:\xampp\htdocs\Cafeteria\system\CodeIgniter.php(326): CodeIgniter\CodeIgniter->handleRequest(NULL, Object(Config\Cache), false)
#4 C:\xampp\htdocs\Cafeteria\index.php(37): CodeIgniter\CodeIgniter->run()
#5 {main}
CRITICAL - 2022-12-08 22:20:38 --> Call to undefined method App\Models\UsuarioModel::cantUsuarios
#0 C:\xampp\htdocs\Cafeteria\app\Controllers\Inicio.php(28): CodeIgniter\Model->__call('cantUsuarios', Array)
#1 C:\xampp\htdocs\Cafeteria\system\CodeIgniter.php(832): App\Controllers\Inicio->index()
#2 C:\xampp\htdocs\Cafeteria\system\CodeIgniter.php(419): CodeIgniter\CodeIgniter->runController(Object(App\Controllers\Inicio))
#3 C:\xampp\htdocs\Cafeteria\system\CodeIgniter.php(326): CodeIgniter\CodeIgniter->handleRequest(NULL, Object(Config\Cache), false)
#4 C:\xampp\htdocs\Cafeteria\index.php(37): CodeIgniter\CodeIgniter->run()
#5 {main}
CRITICAL - 2022-12-08 22:20:43 --> Call to undefined method App\Models\UsuarioModel::cantUsuarios
#0 C:\xampp\htdocs\Cafeteria\app\Controllers\Inicio.php(28): CodeIgniter\Model->__call('cantUsuarios', Array)
#1 C:\xampp\htdocs\Cafeteria\system\CodeIgniter.php(832): App\Controllers\Inicio->index()
#2 C:\xampp\htdocs\Cafeteria\system\CodeIgniter.php(419): CodeIgniter\CodeIgniter->runController(Object(App\Controllers\Inicio))
#3 C:\xampp\htdocs\Cafeteria\system\CodeIgniter.php(326): CodeIgniter\CodeIgniter->handleRequest(NULL, Object(Config\Cache), false)
#4 C:\xampp\htdocs\Cafeteria\index.php(37): CodeIgniter\CodeIgniter->run()
#5 {main}
CRITICAL - 2022-12-08 22:20:50 --> Call to undefined method App\Models\UsuarioModel::cantUsuarios
#0 C:\xampp\htdocs\Cafeteria\app\Controllers\Inicio.php(28): CodeIgniter\Model->__call('cantUsuarios', Array)
#1 C:\xampp\htdocs\Cafeteria\system\CodeIgniter.php(832): App\Controllers\Inicio->index()
#2 C:\xampp\htdocs\Cafeteria\system\CodeIgniter.php(419): CodeIgniter\CodeIgniter->runController(Object(App\Controllers\Inicio))
#3 C:\xampp\htdocs\Cafeteria\system\CodeIgniter.php(326): CodeIgniter\CodeIgniter->handleRequest(NULL, Object(Config\Cache), false)
#4 C:\xampp\htdocs\Cafeteria\index.php(37): CodeIgniter\CodeIgniter->run()
#5 {main}
CRITICAL - 2022-12-08 22:22:32 --> Call to undefined method App\Models\UsuarioModel::cantUsuarios
#0 C:\xampp\htdocs\Cafeteria\app\Controllers\Inicio.php(28): CodeIgniter\Model->__call('cantUsuarios', Array)
#1 C:\xampp\htdocs\Cafeteria\system\CodeIgniter.php(832): App\Controllers\Inicio->index()
#2 C:\xampp\htdocs\Cafeteria\system\CodeIgniter.php(419): CodeIgniter\CodeIgniter->runController(Object(App\Controllers\Inicio))
#3 C:\xampp\htdocs\Cafeteria\system\CodeIgniter.php(326): CodeIgniter\CodeIgniter->handleRequest(NULL, Object(Config\Cache), false)
#4 C:\xampp\htdocs\Cafeteria\index.php(37): CodeIgniter\CodeIgniter->run()
#5 {main}
CRITICAL - 2022-12-08 22:22:40 --> Call to undefined method App\Models\UsuarioModel::cantUsuarios
#0 C:\xampp\htdocs\Cafeteria\app\Controllers\Inicio.php(28): CodeIgniter\Model->__call('cantUsuarios', Array)
#1 C:\xampp\htdocs\Cafeteria\system\CodeIgniter.php(832): App\Controllers\Inicio->index()
#2 C:\xampp\htdocs\Cafeteria\system\CodeIgniter.php(419): CodeIgniter\CodeIgniter->runController(Object(App\Controllers\Inicio))
#3 C:\xampp\htdocs\Cafeteria\system\CodeIgniter.php(326): CodeIgniter\CodeIgniter->handleRequest(NULL, Object(Config\Cache), false)
#4 C:\xampp\htdocs\Cafeteria\index.php(37): CodeIgniter\CodeIgniter->run()
#5 {main}
CRITICAL - 2022-12-08 22:25:07 --> Call to undefined method App\Models\UsuarioModel::cantUsuarios
#0 C:\xampp\htdocs\Cafeteria\app\Controllers\Inicio.php(28): CodeIgniter\Model->__call('cantUsuarios', Array)
#1 C:\xampp\htdocs\Cafeteria\system\CodeIgniter.php(832): App\Controllers\Inicio->index()
#2 C:\xampp\htdocs\Cafeteria\system\CodeIgniter.php(419): CodeIgniter\CodeIgniter->runController(Object(App\Controllers\Inicio))
#3 C:\xampp\htdocs\Cafeteria\system\CodeIgniter.php(326): CodeIgniter\CodeIgniter->handleRequest(NULL, Object(Config\Cache), false)
#4 C:\xampp\htdocs\Cafeteria\index.php(37): CodeIgniter\CodeIgniter->run()
#5 {main}
CRITICAL - 2022-12-08 22:25:25 --> Call to undefined method App\Models\UsuarioModel::cantUsuarios
#0 C:\xampp\htdocs\Cafeteria\app\Controllers\Inicio.php(28): CodeIgniter\Model->__call('cantUsuarios', Array)
#1 C:\xampp\htdocs\Cafeteria\system\CodeIgniter.php(832): App\Controllers\Inicio->index()
#2 C:\xampp\htdocs\Cafeteria\system\CodeIgniter.php(419): CodeIgniter\CodeIgniter->runController(Object(App\Controllers\Inicio))
#3 C:\xampp\htdocs\Cafeteria\system\CodeIgniter.php(326): CodeIgniter\CodeIgniter->handleRequest(NULL, Object(Config\Cache), false)
#4 C:\xampp\htdocs\Cafeteria\index.php(37): CodeIgniter\CodeIgniter->run()
#5 {main}
CRITICAL - 2022-12-08 22:26:06 --> Call to undefined method App\Models\UsuarioModel::cantUsuarios
#0 C:\xampp\htdocs\Cafeteria\app\Controllers\Inicio.php(28): CodeIgniter\Model->__call('cantUsuarios', Array)
#1 C:\xampp\htdocs\Cafeteria\system\CodeIgniter.php(832): App\Controllers\Inicio->index()
#2 C:\xampp\htdocs\Cafeteria\system\CodeIgniter.php(419): CodeIgniter\CodeIgniter->runController(Object(App\Controllers\Inicio))
#3 C:\xampp\htdocs\Cafeteria\system\CodeIgniter.php(326): CodeIgniter\CodeIgniter->handleRequest(NULL, Object(Config\Cache), false)
#4 C:\xampp\htdocs\Cafeteria\index.php(37): CodeIgniter\CodeIgniter->run()
#5 {main}
CRITICAL - 2022-12-08 22:26:51 --> Call to undefined method App\Models\UsuarioModel::cantUsuarios
#0 C:\xampp\htdocs\Cafeteria\app\Controllers\Inicio.php(28): CodeIgniter\Model->__call('cantUsuarios', Array)
#1 C:\xampp\htdocs\Cafeteria\system\CodeIgniter.php(832): App\Controllers\Inicio->index()
#2 C:\xampp\htdocs\Cafeteria\system\CodeIgniter.php(419): CodeIgniter\CodeIgniter->runController(Object(App\Controllers\Inicio))
#3 C:\xampp\htdocs\Cafeteria\system\CodeIgniter.php(326): CodeIgniter\CodeIgniter->handleRequest(NULL, Object(Config\Cache), false)
#4 C:\xampp\htdocs\Cafeteria\index.php(37): CodeIgniter\CodeIgniter->run()
#5 {main}
CRITICAL - 2022-12-08 22:27:16 --> Undefined variable $cant_usuarios
#0 C:\xampp\htdocs\Cafeteria\app\Views\dashboard\dashboard.php(17): CodeIgniter\Debug\Exceptions->errorHandler(2, 'Undefined varia...', 'C:\\xampp\\htdocs...', 17)
#1 C:\xampp\htdocs\Cafeteria\system\View\View.php(210): include('C:\\xampp\\htdocs...')
#2 C:\xampp\htdocs\Cafeteria\system\View\View.php(213): CodeIgniter\View\View->CodeIgniter\View\{closure}()
#3 C:\xampp\htdocs\Cafeteria\system\Common.php(1089): CodeIgniter\View\View->render('dashboard/dashb...', Array, true)
#4 C:\xampp\htdocs\Cafeteria\app\Views\index.php(148): view('dashboard/dashb...')
#5 C:\xampp\htdocs\Cafeteria\system\View\View.php(210): include('C:\\xampp\\htdocs...')
#6 C:\xampp\htdocs\Cafeteria\system\View\View.php(213): CodeIgniter\View\View->CodeIgniter\View\{closure}()
#7 C:\xampp\htdocs\Cafeteria\system\Common.php(1089): CodeIgniter\View\View->render('index', Array, true)
#8 C:\xampp\htdocs\Cafeteria\app\Controllers\Inicio.php(31): view('index', Array)
#9 C:\xampp\htdocs\Cafeteria\system\CodeIgniter.php(832): App\Controllers\Inicio->index()
#10 C:\xampp\htdocs\Cafeteria\system\CodeIgniter.php(419): CodeIgniter\CodeIgniter->runController(Object(App\Controllers\Inicio))
#11 C:\xampp\htdocs\Cafeteria\system\CodeIgniter.php(326): CodeIgniter\CodeIgniter->handleRequest(NULL, Object(Config\Cache), false)
#12 C:\xampp\htdocs\Cafeteria\index.php(37): CodeIgniter\CodeIgniter->run()
#13 {main}
CRITICAL - 2022-12-08 22:27:19 --> Undefined variable $cant_usuarios
#0 C:\xampp\htdocs\Cafeteria\app\Views\dashboard\dashboard.php(17): CodeIgniter\Debug\Exceptions->errorHandler(2, 'Undefined varia...', 'C:\\xampp\\htdocs...', 17)
#1 C:\xampp\htdocs\Cafeteria\system\View\View.php(210): include('C:\\xampp\\htdocs...')
#2 C:\xampp\htdocs\Cafeteria\system\View\View.php(213): CodeIgniter\View\View->CodeIgniter\View\{closure}()
#3 C:\xampp\htdocs\Cafeteria\system\Common.php(1089): CodeIgniter\View\View->render('dashboard/dashb...', Array, true)
#4 C:\xampp\htdocs\Cafeteria\app\Views\index.php(148): view('dashboard/dashb...')
#5 C:\xampp\htdocs\Cafeteria\system\View\View.php(210): include('C:\\xampp\\htdocs...')
#6 C:\xampp\htdocs\Cafeteria\system\View\View.php(213): CodeIgniter\View\View->CodeIgniter\View\{closure}()
#7 C:\xampp\htdocs\Cafeteria\system\Common.php(1089): CodeIgniter\View\View->render('index', Array, true)
#8 C:\xampp\htdocs\Cafeteria\app\Controllers\Inicio.php(31): view('index', Array)
#9 C:\xampp\htdocs\Cafeteria\system\CodeIgniter.php(832): App\Controllers\Inicio->index()
#10 C:\xampp\htdocs\Cafeteria\system\CodeIgniter.php(419): CodeIgniter\CodeIgniter->runController(Object(App\Controllers\Inicio))
#11 C:\xampp\htdocs\Cafeteria\system\CodeIgniter.php(326): CodeIgniter\CodeIgniter->handleRequest(NULL, Object(Config\Cache), false)
#12 C:\xampp\htdocs\Cafeteria\index.php(37): CodeIgniter\CodeIgniter->run()
#13 {main}
CRITICAL - 2022-12-08 22:41:12 --> Undefined variable $cant_usuarios
#0 C:\xampp\htdocs\Cafeteria\app\Views\dashboard\dashboard.php(17): CodeIgniter\Debug\Exceptions->errorHandler(2, 'Undefined varia...', 'C:\\xampp\\htdocs...', 17)
#1 C:\xampp\htdocs\Cafeteria\system\View\View.php(210): include('C:\\xampp\\htdocs...')
#2 C:\xampp\htdocs\Cafeteria\system\View\View.php(213): CodeIgniter\View\View->CodeIgniter\View\{closure}()
#3 C:\xampp\htdocs\Cafeteria\system\Common.php(1089): CodeIgniter\View\View->render('dashboard/dashb...', Array, true)
#4 C:\xampp\htdocs\Cafeteria\app\Views\index.php(147): view('dashboard/dashb...')
#5 C:\xampp\htdocs\Cafeteria\system\View\View.php(210): include('C:\\xampp\\htdocs...')
#6 C:\xampp\htdocs\Cafeteria\system\View\View.php(213): CodeIgniter\View\View->CodeIgniter\View\{closure}()
#7 C:\xampp\htdocs\Cafeteria\system\Common.php(1089): CodeIgniter\View\View->render('index', Array, true)
#8 C:\xampp\htdocs\Cafeteria\app\Controllers\Inicio.php(31): view('index', Array)
#9 C:\xampp\htdocs\Cafeteria\system\CodeIgniter.php(832): App\Controllers\Inicio->index()
#10 C:\xampp\htdocs\Cafeteria\system\CodeIgniter.php(419): CodeIgniter\CodeIgniter->runController(Object(App\Controllers\Inicio))
#11 C:\xampp\htdocs\Cafeteria\system\CodeIgniter.php(326): CodeIgniter\CodeIgniter->handleRequest(NULL, Object(Config\Cache), false)
#12 C:\xampp\htdocs\Cafeteria\index.php(37): CodeIgniter\CodeIgniter->run()
#13 {main}
CRITICAL - 2022-12-08 22:42:35 --> Undefined variable $cant_personal
#0 C:\xampp\htdocs\Cafeteria\app\Views\dashboard\dashboard.php(34): CodeIgniter\Debug\Exceptions->errorHandler(2, 'Undefined varia...', 'C:\\xampp\\htdocs...', 34)
#1 C:\xampp\htdocs\Cafeteria\system\View\View.php(210): include('C:\\xampp\\htdocs...')
#2 C:\xampp\htdocs\Cafeteria\system\View\View.php(213): CodeIgniter\View\View->CodeIgniter\View\{closure}()
#3 C:\xampp\htdocs\Cafeteria\system\Common.php(1089): CodeIgniter\View\View->render('dashboard/dashb...', Array, true)
#4 C:\xampp\htdocs\Cafeteria\app\Views\index.php(147): view('dashboard/dashb...')
#5 C:\xampp\htdocs\Cafeteria\system\View\View.php(210): include('C:\\xampp\\htdocs...')
#6 C:\xampp\htdocs\Cafeteria\system\View\View.php(213): CodeIgniter\View\View->CodeIgniter\View\{closure}()
#7 C:\xampp\htdocs\Cafeteria\system\Common.php(1089): CodeIgniter\View\View->render('index', Array, true)
#8 C:\xampp\htdocs\Cafeteria\app\Controllers\Inicio.php(31): view('index', Array)
#9 C:\xampp\htdocs\Cafeteria\system\CodeIgniter.php(832): App\Controllers\Inicio->index()
#10 C:\xampp\htdocs\Cafeteria\system\CodeIgniter.php(419): CodeIgniter\CodeIgniter->runController(Object(App\Controllers\Inicio))
#11 C:\xampp\htdocs\Cafeteria\system\CodeIgniter.php(326): CodeIgniter\CodeIgniter->handleRequest(NULL, Object(Config\Cache), false)
#12 C:\xampp\htdocs\Cafeteria\index.php(37): CodeIgniter\CodeIgniter->run()
#13 {main}
