ERROR - 2022-12-13 23:34:54 --> Unknown column 'idVenta' in 'field list'
CRITICAL - 2022-12-13 23:34:54 --> Unknown column 'idVenta' in 'field list'
#0 C:\laragon\www\Cafeteria\system\Database\MySQLi\Connection.php(292): mysqli->query('SELECT count(id...', 0)
#1 C:\laragon\www\Cafeteria\system\Database\BaseConnection.php(670): CodeIgniter\Database\MySQLi\Connection->execute('SELECT count(id...')
#2 C:\laragon\www\Cafeteria\system\Database\BaseConnection.php(598): CodeIgniter\Database\BaseConnection->simpleQuery('SELECT count(id...')
#3 C:\laragon\www\Cafeteria\system\Database\BaseBuilder.php(1455): CodeIgniter\Database\BaseConnection->query('SELECT count(id...', Array, false)
#4 C:\laragon\www\Cafeteria\system\Model.php(210): CodeIgniter\Database\BaseBuilder->get()
#5 C:\laragon\www\Cafeteria\system\BaseModel.php(622): CodeIgniter\Model->doFirst()
#6 C:\laragon\www\Cafeteria\app\Models\VentaModel.php(35): CodeIgniter\BaseModel->first()
#7 C:\laragon\www\Cafeteria\app\Controllers\Inicio.php(36): App\Models\VentaModel->cantVentas()
#8 C:\laragon\www\Cafeteria\system\CodeIgniter.php(832): App\Controllers\Inicio->index()
#9 C:\laragon\www\Cafeteria\system\CodeIgniter.php(419): CodeIgniter\CodeIgniter->runController(Object(App\Controllers\Inicio))
#10 C:\laragon\www\Cafeteria\system\CodeIgniter.php(326): CodeIgniter\CodeIgniter->handleRequest(NULL, Object(Config\Cache), false)
#11 C:\laragon\www\Cafeteria\index.php(37): CodeIgniter\CodeIgniter->run()
#12 {main}
ERROR - 2022-12-13 23:35:31 --> Unknown column 'idVenta' in 'field list'
CRITICAL - 2022-12-13 23:35:31 --> Unknown column 'idVenta' in 'field list'
#0 C:\laragon\www\Cafeteria\system\Database\MySQLi\Connection.php(292): mysqli->query('SELECT count(id...', 0)
#1 C:\laragon\www\Cafeteria\system\Database\BaseConnection.php(670): CodeIgniter\Database\MySQLi\Connection->execute('SELECT count(id...')
#2 C:\laragon\www\Cafeteria\system\Database\BaseConnection.php(598): CodeIgniter\Database\BaseConnection->simpleQuery('SELECT count(id...')
#3 C:\laragon\www\Cafeteria\system\Database\BaseBuilder.php(1455): CodeIgniter\Database\BaseConnection->query('SELECT count(id...', Array, false)
#4 C:\laragon\www\Cafeteria\system\Model.php(210): CodeIgniter\Database\BaseBuilder->get()
#5 C:\laragon\www\Cafeteria\system\BaseModel.php(622): CodeIgniter\Model->doFirst()
#6 C:\laragon\www\Cafeteria\app\Models\VentaModel.php(35): CodeIgniter\BaseModel->first()
#7 C:\laragon\www\Cafeteria\app\Controllers\Inicio.php(36): App\Models\VentaModel->cantVentas()
#8 C:\laragon\www\Cafeteria\system\CodeIgniter.php(832): App\Controllers\Inicio->index()
#9 C:\laragon\www\Cafeteria\system\CodeIgniter.php(419): CodeIgniter\CodeIgniter->runController(Object(App\Controllers\Inicio))
#10 C:\laragon\www\Cafeteria\system\CodeIgniter.php(326): CodeIgniter\CodeIgniter->handleRequest(NULL, Object(Config\Cache), false)
#11 C:\laragon\www\Cafeteria\index.php(37): CodeIgniter\CodeIgniter->run()
#12 {main}
ERROR - 2022-12-13 23:36:54 --> Unknown column 'descripcion' in 'field list'
CRITICAL - 2022-12-13 23:36:54 --> Unknown column 'descripcion' in 'field list'
#0 C:\laragon\www\Cafeteria\system\Database\MySQLi\Connection.php(292): mysqli->query('INSERT INTO `ca...', 0)
#1 C:\laragon\www\Cafeteria\system\Database\BaseConnection.php(670): CodeIgniter\Database\MySQLi\Connection->execute('INSERT INTO `ca...')
#2 C:\laragon\www\Cafeteria\system\Database\BaseConnection.php(598): CodeIgniter\Database\BaseConnection->simpleQuery('INSERT INTO `ca...')
#3 C:\laragon\www\Cafeteria\system\Database\BaseBuilder.php(1771): CodeIgniter\Database\BaseConnection->query('INSERT INTO `ca...', Array, false)
#4 C:\laragon\www\Cafeteria\system\Model.php(239): CodeIgniter\Database\BaseBuilder->insert()
#5 C:\laragon\www\Cafeteria\system\BaseModel.php(738): CodeIgniter\Model->doInsert(Array)
#6 C:\laragon\www\Cafeteria\system\Model.php(625): CodeIgniter\BaseModel->insert(Array, false)
#7 C:\laragon\www\Cafeteria\system\BaseModel.php(658): CodeIgniter\Model->insert(Array, false)
#8 C:\laragon\www\Cafeteria\app\Controllers\Categoria.php(75): CodeIgniter\BaseModel->save(Array)
#9 C:\laragon\www\Cafeteria\system\CodeIgniter.php(832): App\Controllers\Categoria->registrarDatos()
#10 C:\laragon\www\Cafeteria\system\CodeIgniter.php(419): CodeIgniter\CodeIgniter->runController(Object(App\Controllers\Categoria))
#11 C:\laragon\www\Cafeteria\system\CodeIgniter.php(326): CodeIgniter\CodeIgniter->handleRequest(NULL, Object(Config\Cache), false)
#12 C:\laragon\www\Cafeteria\index.php(37): CodeIgniter\CodeIgniter->run()
#13 {main}
