<<<<<<< HEAD
CRITICAL - 2022-12-09 18:22:23 --> Undefined array key 0
#0 C:\xampp\htdocs\Cafeteria\app\Views\usuarios\usuarios.php(14): CodeIgniter\Debug\Exceptions->errorHandler(2, 'Undefined array...', 'C:\\xampp\\htdocs...', 14)
#1 C:\xampp\htdocs\Cafeteria\system\View\View.php(210): include('C:\\xampp\\htdocs...')
#2 C:\xampp\htdocs\Cafeteria\system\View\View.php(213): CodeIgniter\View\View->CodeIgniter\View\{closure}()
#3 C:\xampp\htdocs\Cafeteria\system\Common.php(1089): CodeIgniter\View\View->render('usuarios/usuari...', Array, true)
#4 C:\xampp\htdocs\Cafeteria\app\Views\index.php(147): view('usuarios/usuari...')
#5 C:\xampp\htdocs\Cafeteria\system\View\View.php(210): include('C:\\xampp\\htdocs...')
#6 C:\xampp\htdocs\Cafeteria\system\View\View.php(213): CodeIgniter\View\View->CodeIgniter\View\{closure}()
#7 C:\xampp\htdocs\Cafeteria\system\Common.php(1089): CodeIgniter\View\View->render('index', Array, true)
#8 C:\xampp\htdocs\Cafeteria\app\Controllers\Usuarios.php(26): view('index', Array)
#9 C:\xampp\htdocs\Cafeteria\system\CodeIgniter.php(832): App\Controllers\Usuarios->index()
#10 C:\xampp\htdocs\Cafeteria\system\CodeIgniter.php(419): CodeIgniter\CodeIgniter->runController(Object(App\Controllers\Usuarios))
#11 C:\xampp\htdocs\Cafeteria\system\CodeIgniter.php(326): CodeIgniter\CodeIgniter->handleRequest(NULL, Object(Config\Cache), false)
#12 C:\xampp\htdocs\Cafeteria\index.php(37): CodeIgniter\CodeIgniter->run()
=======
ERROR - 2022-12-09 00:11:36 --> Error connecting to the database: Access denied for user '****'@'localhost' (using password: YES)
CRITICAL - 2022-12-09 00:11:36 --> Unable to connect to the database.
Main connection [MySQLi]: Access denied for user '****'@'localhost' (using password: YES)
#0 C:\laragon\www\ProyectoWeb\system\Database\BaseConnection.php(577): CodeIgniter\Database\BaseConnection->initialize()
#1 C:\laragon\www\ProyectoWeb\system\Database\BaseBuilder.php(1455): CodeIgniter\Database\BaseConnection->query('SELECT *\nFROM `...', Array, false)
#2 C:\laragon\www\ProyectoWeb\system\Model.php(210): CodeIgniter\Database\BaseBuilder->get()
#3 C:\laragon\www\ProyectoWeb\system\BaseModel.php(622): CodeIgniter\Model->doFirst()
#4 C:\laragon\www\ProyectoWeb\app\Controllers\Login.php(33): CodeIgniter\BaseModel->first()
#5 C:\laragon\www\ProyectoWeb\system\CodeIgniter.php(832): App\Controllers\Login->validacion_do()
#6 C:\laragon\www\ProyectoWeb\system\CodeIgniter.php(419): CodeIgniter\CodeIgniter->runController(Object(App\Controllers\Login))
#7 C:\laragon\www\ProyectoWeb\system\CodeIgniter.php(326): CodeIgniter\CodeIgniter->handleRequest(NULL, Object(Config\Cache), false)
#8 C:\laragon\www\ProyectoWeb\index.php(37): CodeIgniter\CodeIgniter->run()
#9 {main}
ERROR - 2022-12-09 15:25:38 --> You have an error in your SQL syntax; check the manual that corresponds to your MySQL server version for the right syntax to use near '`=` = 1' at line 7
CRITICAL - 2022-12-09 15:25:38 --> You have an error in your SQL syntax; check the manual that corresponds to your MySQL server version for the right syntax to use near '`=` = 1' at line 7
#0 C:\laragon\www\ProyectoWeb\system\Database\MySQLi\Connection.php(292): mysqli->query('SELECT `venta`....', 0)
#1 C:\laragon\www\ProyectoWeb\system\Database\BaseConnection.php(670): CodeIgniter\Database\MySQLi\Connection->execute('SELECT `venta`....')
#2 C:\laragon\www\ProyectoWeb\system\Database\BaseConnection.php(598): CodeIgniter\Database\BaseConnection->simpleQuery('SELECT `venta`....')
#3 C:\laragon\www\ProyectoWeb\system\Database\BaseBuilder.php(1455): CodeIgniter\Database\BaseConnection->query('SELECT `venta`....', Array, false)
#4 C:\laragon\www\ProyectoWeb\system\Model.php(183): CodeIgniter\Database\BaseBuilder->get()
#5 C:\laragon\www\ProyectoWeb\system\BaseModel.php(584): CodeIgniter\Model->doFindAll(0, 0)
#6 C:\laragon\www\ProyectoWeb\app\Models\VentaModel.php(46): CodeIgniter\BaseModel->findAll()
#7 C:\laragon\www\ProyectoWeb\app\Controllers\Venta.php(26): App\Models\VentaModel->getVenta(0, 1)
#8 C:\laragon\www\ProyectoWeb\system\CodeIgniter.php(832): App\Controllers\Venta->index()
#9 C:\laragon\www\ProyectoWeb\system\CodeIgniter.php(419): CodeIgniter\CodeIgniter->runController(Object(App\Controllers\Venta))
#10 C:\laragon\www\ProyectoWeb\system\CodeIgniter.php(326): CodeIgniter\CodeIgniter->handleRequest(NULL, Object(Config\Cache), false)
#11 C:\laragon\www\ProyectoWeb\index.php(37): CodeIgniter\CodeIgniter->run()
#12 {main}
ERROR - 2022-12-09 15:26:29 --> You have an error in your SQL syntax; check the manual that corresponds to your MySQL server version for the right syntax to use near '< 1' at line 7
CRITICAL - 2022-12-09 15:26:29 --> You have an error in your SQL syntax; check the manual that corresponds to your MySQL server version for the right syntax to use near '< 1' at line 7
#0 C:\laragon\www\ProyectoWeb\system\Database\MySQLi\Connection.php(292): mysqli->query('SELECT `venta`....', 0)
#1 C:\laragon\www\ProyectoWeb\system\Database\BaseConnection.php(670): CodeIgniter\Database\MySQLi\Connection->execute('SELECT `venta`....')
#2 C:\laragon\www\ProyectoWeb\system\Database\BaseConnection.php(598): CodeIgniter\Database\BaseConnection->simpleQuery('SELECT `venta`....')
#3 C:\laragon\www\ProyectoWeb\system\Database\BaseBuilder.php(1455): CodeIgniter\Database\BaseConnection->query('SELECT `venta`....', Array, false)
#4 C:\laragon\www\ProyectoWeb\system\Model.php(183): CodeIgniter\Database\BaseBuilder->get()
#5 C:\laragon\www\ProyectoWeb\system\BaseModel.php(584): CodeIgniter\Model->doFindAll(0, 0)
#6 C:\laragon\www\ProyectoWeb\app\Models\VentaModel.php(46): CodeIgniter\BaseModel->findAll()
#7 C:\laragon\www\ProyectoWeb\app\Controllers\Venta.php(26): App\Models\VentaModel->getVenta(0, 1)
#8 C:\laragon\www\ProyectoWeb\system\CodeIgniter.php(832): App\Controllers\Venta->index()
#9 C:\laragon\www\ProyectoWeb\system\CodeIgniter.php(419): CodeIgniter\CodeIgniter->runController(Object(App\Controllers\Venta))
#10 C:\laragon\www\ProyectoWeb\system\CodeIgniter.php(326): CodeIgniter\CodeIgniter->handleRequest(NULL, Object(Config\Cache), false)
#11 C:\laragon\www\ProyectoWeb\index.php(37): CodeIgniter\CodeIgniter->run()
#12 {main}
ERROR - 2022-12-09 15:26:32 --> You have an error in your SQL syntax; check the manual that corresponds to your MySQL server version for the right syntax to use near '< 1' at line 7
CRITICAL - 2022-12-09 15:26:32 --> You have an error in your SQL syntax; check the manual that corresponds to your MySQL server version for the right syntax to use near '< 1' at line 7
#0 C:\laragon\www\ProyectoWeb\system\Database\MySQLi\Connection.php(292): mysqli->query('SELECT `venta`....', 0)
#1 C:\laragon\www\ProyectoWeb\system\Database\BaseConnection.php(670): CodeIgniter\Database\MySQLi\Connection->execute('SELECT `venta`....')
#2 C:\laragon\www\ProyectoWeb\system\Database\BaseConnection.php(598): CodeIgniter\Database\BaseConnection->simpleQuery('SELECT `venta`....')
#3 C:\laragon\www\ProyectoWeb\system\Database\BaseBuilder.php(1455): CodeIgniter\Database\BaseConnection->query('SELECT `venta`....', Array, false)
#4 C:\laragon\www\ProyectoWeb\system\Model.php(183): CodeIgniter\Database\BaseBuilder->get()
#5 C:\laragon\www\ProyectoWeb\system\BaseModel.php(584): CodeIgniter\Model->doFindAll(0, 0)
#6 C:\laragon\www\ProyectoWeb\app\Models\VentaModel.php(46): CodeIgniter\BaseModel->findAll()
#7 C:\laragon\www\ProyectoWeb\app\Controllers\Venta.php(26): App\Models\VentaModel->getVenta(0, 1)
#8 C:\laragon\www\ProyectoWeb\system\CodeIgniter.php(832): App\Controllers\Venta->index()
#9 C:\laragon\www\ProyectoWeb\system\CodeIgniter.php(419): CodeIgniter\CodeIgniter->runController(Object(App\Controllers\Venta))
#10 C:\laragon\www\ProyectoWeb\system\CodeIgniter.php(326): CodeIgniter\CodeIgniter->handleRequest(NULL, Object(Config\Cache), false)
#11 C:\laragon\www\ProyectoWeb\index.php(37): CodeIgniter\CodeIgniter->run()
#12 {main}
CRITICAL - 2022-12-09 15:26:46 --> Undefined variable $categoria
#0 C:\laragon\www\ProyectoWeb\app\Views\venta\venta.php(26): CodeIgniter\Debug\Exceptions->errorHandler(2, 'Undefined varia...', 'C:\\laragon\\www\\...', 26)
#1 C:\laragon\www\ProyectoWeb\system\View\View.php(210): include('C:\\laragon\\www\\...')
#2 C:\laragon\www\ProyectoWeb\system\View\View.php(213): CodeIgniter\View\View->CodeIgniter\View\{closure}()
#3 C:\laragon\www\ProyectoWeb\system\Common.php(1089): CodeIgniter\View\View->render('venta/venta', Array, true)
#4 C:\laragon\www\ProyectoWeb\app\Views\index.php(161): view('venta/venta')
#5 C:\laragon\www\ProyectoWeb\system\View\View.php(210): include('C:\\laragon\\www\\...')
#6 C:\laragon\www\ProyectoWeb\system\View\View.php(213): CodeIgniter\View\View->CodeIgniter\View\{closure}()
#7 C:\laragon\www\ProyectoWeb\system\Common.php(1089): CodeIgniter\View\View->render('index', Array, true)
#8 C:\laragon\www\ProyectoWeb\app\Controllers\Venta.php(30): view('index', Array)
#9 C:\laragon\www\ProyectoWeb\system\CodeIgniter.php(832): App\Controllers\Venta->index()
#10 C:\laragon\www\ProyectoWeb\system\CodeIgniter.php(419): CodeIgniter\CodeIgniter->runController(Object(App\Controllers\Venta))
#11 C:\laragon\www\ProyectoWeb\system\CodeIgniter.php(326): CodeIgniter\CodeIgniter->handleRequest(NULL, Object(Config\Cache), false)
#12 C:\laragon\www\ProyectoWeb\index.php(37): CodeIgniter\CodeIgniter->run()
#13 {main}
ERROR - 2022-12-09 15:26:57 --> You have an error in your SQL syntax; check the manual that corresponds to your MySQL server version for the right syntax to use near '`=` = 1' at line 7
CRITICAL - 2022-12-09 15:26:57 --> You have an error in your SQL syntax; check the manual that corresponds to your MySQL server version for the right syntax to use near '`=` = 1' at line 7
#0 C:\laragon\www\ProyectoWeb\system\Database\MySQLi\Connection.php(292): mysqli->query('SELECT `venta`....', 0)
#1 C:\laragon\www\ProyectoWeb\system\Database\BaseConnection.php(670): CodeIgniter\Database\MySQLi\Connection->execute('SELECT `venta`....')
#2 C:\laragon\www\ProyectoWeb\system\Database\BaseConnection.php(598): CodeIgniter\Database\BaseConnection->simpleQuery('SELECT `venta`....')
#3 C:\laragon\www\ProyectoWeb\system\Database\BaseBuilder.php(1455): CodeIgniter\Database\BaseConnection->query('SELECT `venta`....', Array, false)
#4 C:\laragon\www\ProyectoWeb\system\Model.php(183): CodeIgniter\Database\BaseBuilder->get()
#5 C:\laragon\www\ProyectoWeb\system\BaseModel.php(584): CodeIgniter\Model->doFindAll(0, 0)
#6 C:\laragon\www\ProyectoWeb\app\Models\VentaModel.php(46): CodeIgniter\BaseModel->findAll()
#7 C:\laragon\www\ProyectoWeb\app\Controllers\Venta.php(26): App\Models\VentaModel->getVenta(0, 1)
#8 C:\laragon\www\ProyectoWeb\system\CodeIgniter.php(832): App\Controllers\Venta->index()
#9 C:\laragon\www\ProyectoWeb\system\CodeIgniter.php(419): CodeIgniter\CodeIgniter->runController(Object(App\Controllers\Venta))
#10 C:\laragon\www\ProyectoWeb\system\CodeIgniter.php(326): CodeIgniter\CodeIgniter->handleRequest(NULL, Object(Config\Cache), false)
#11 C:\laragon\www\ProyectoWeb\index.php(37): CodeIgniter\CodeIgniter->run()
#12 {main}
CRITICAL - 2022-12-09 15:27:00 --> Undefined variable $categoria
#0 C:\laragon\www\ProyectoWeb\app\Views\venta\venta.php(26): CodeIgniter\Debug\Exceptions->errorHandler(2, 'Undefined varia...', 'C:\\laragon\\www\\...', 26)
#1 C:\laragon\www\ProyectoWeb\system\View\View.php(210): include('C:\\laragon\\www\\...')
#2 C:\laragon\www\ProyectoWeb\system\View\View.php(213): CodeIgniter\View\View->CodeIgniter\View\{closure}()
#3 C:\laragon\www\ProyectoWeb\system\Common.php(1089): CodeIgniter\View\View->render('venta/venta', Array, true)
#4 C:\laragon\www\ProyectoWeb\app\Views\index.php(161): view('venta/venta')
#5 C:\laragon\www\ProyectoWeb\system\View\View.php(210): include('C:\\laragon\\www\\...')
#6 C:\laragon\www\ProyectoWeb\system\View\View.php(213): CodeIgniter\View\View->CodeIgniter\View\{closure}()
#7 C:\laragon\www\ProyectoWeb\system\Common.php(1089): CodeIgniter\View\View->render('index', Array, true)
#8 C:\laragon\www\ProyectoWeb\app\Controllers\Venta.php(30): view('index', Array)
#9 C:\laragon\www\ProyectoWeb\system\CodeIgniter.php(832): App\Controllers\Venta->index()
#10 C:\laragon\www\ProyectoWeb\system\CodeIgniter.php(419): CodeIgniter\CodeIgniter->runController(Object(App\Controllers\Venta))
#11 C:\laragon\www\ProyectoWeb\system\CodeIgniter.php(326): CodeIgniter\CodeIgniter->handleRequest(NULL, Object(Config\Cache), false)
#12 C:\laragon\www\ProyectoWeb\index.php(37): CodeIgniter\CodeIgniter->run()
#13 {main}
CRITICAL - 2022-12-09 15:34:24 --> Undefined variable $categoria
#0 C:\laragon\www\ProyectoWeb\app\Views\venta\venta.php(13): CodeIgniter\Debug\Exceptions->errorHandler(2, 'Undefined varia...', 'C:\\laragon\\www\\...', 13)
#1 C:\laragon\www\ProyectoWeb\system\View\View.php(210): include('C:\\laragon\\www\\...')
#2 C:\laragon\www\ProyectoWeb\system\View\View.php(213): CodeIgniter\View\View->CodeIgniter\View\{closure}()
#3 C:\laragon\www\ProyectoWeb\system\Common.php(1089): CodeIgniter\View\View->render('venta/venta', Array, true)
#4 C:\laragon\www\ProyectoWeb\app\Views\index.php(161): view('venta/venta')
#5 C:\laragon\www\ProyectoWeb\system\View\View.php(210): include('C:\\laragon\\www\\...')
#6 C:\laragon\www\ProyectoWeb\system\View\View.php(213): CodeIgniter\View\View->CodeIgniter\View\{closure}()
#7 C:\laragon\www\ProyectoWeb\system\Common.php(1089): CodeIgniter\View\View->render('index', Array, true)
#8 C:\laragon\www\ProyectoWeb\app\Controllers\Venta.php(30): view('index', Array)
#9 C:\laragon\www\ProyectoWeb\system\CodeIgniter.php(832): App\Controllers\Venta->index()
#10 C:\laragon\www\ProyectoWeb\system\CodeIgniter.php(419): CodeIgniter\CodeIgniter->runController(Object(App\Controllers\Venta))
#11 C:\laragon\www\ProyectoWeb\system\CodeIgniter.php(326): CodeIgniter\CodeIgniter->handleRequest(NULL, Object(Config\Cache), false)
#12 C:\laragon\www\ProyectoWeb\index.php(37): CodeIgniter\CodeIgniter->run()
#13 {main}
CRITICAL - 2022-12-09 15:37:18 --> Undefined array key "idproducto"
#0 C:\laragon\www\ProyectoWeb\app\Views\venta\venta.php(14): CodeIgniter\Debug\Exceptions->errorHandler(2, 'Undefined array...', 'C:\\laragon\\www\\...', 14)
#1 C:\laragon\www\ProyectoWeb\system\View\View.php(210): include('C:\\laragon\\www\\...')
#2 C:\laragon\www\ProyectoWeb\system\View\View.php(213): CodeIgniter\View\View->CodeIgniter\View\{closure}()
#3 C:\laragon\www\ProyectoWeb\system\Common.php(1089): CodeIgniter\View\View->render('venta/venta', Array, true)
#4 C:\laragon\www\ProyectoWeb\app\Views\index.php(161): view('venta/venta')
#5 C:\laragon\www\ProyectoWeb\system\View\View.php(210): include('C:\\laragon\\www\\...')
#6 C:\laragon\www\ProyectoWeb\system\View\View.php(213): CodeIgniter\View\View->CodeIgniter\View\{closure}()
#7 C:\laragon\www\ProyectoWeb\system\Common.php(1089): CodeIgniter\View\View->render('index', Array, true)
#8 C:\laragon\www\ProyectoWeb\app\Controllers\Venta.php(34): view('index', Array)
#9 C:\laragon\www\ProyectoWeb\system\CodeIgniter.php(832): App\Controllers\Venta->index()
#10 C:\laragon\www\ProyectoWeb\system\CodeIgniter.php(419): CodeIgniter\CodeIgniter->runController(Object(App\Controllers\Venta))
#11 C:\laragon\www\ProyectoWeb\system\CodeIgniter.php(326): CodeIgniter\CodeIgniter->handleRequest(NULL, Object(Config\Cache), false)
#12 C:\laragon\www\ProyectoWeb\index.php(37): CodeIgniter\CodeIgniter->run()
#13 {main}
CRITICAL - 2022-12-09 15:40:30 --> Undefined array key "idproducto"
#0 C:\laragon\www\ProyectoWeb\app\Views\venta\venta.php(14): CodeIgniter\Debug\Exceptions->errorHandler(2, 'Undefined array...', 'C:\\laragon\\www\\...', 14)
#1 C:\laragon\www\ProyectoWeb\system\View\View.php(210): include('C:\\laragon\\www\\...')
#2 C:\laragon\www\ProyectoWeb\system\View\View.php(213): CodeIgniter\View\View->CodeIgniter\View\{closure}()
#3 C:\laragon\www\ProyectoWeb\system\Common.php(1089): CodeIgniter\View\View->render('venta/venta', Array, true)
#4 C:\laragon\www\ProyectoWeb\app\Views\index.php(161): view('venta/venta')
#5 C:\laragon\www\ProyectoWeb\system\View\View.php(210): include('C:\\laragon\\www\\...')
#6 C:\laragon\www\ProyectoWeb\system\View\View.php(213): CodeIgniter\View\View->CodeIgniter\View\{closure}()
#7 C:\laragon\www\ProyectoWeb\system\Common.php(1089): CodeIgniter\View\View->render('index', Array, true)
#8 C:\laragon\www\ProyectoWeb\app\Controllers\Venta.php(34): view('index', Array)
#9 C:\laragon\www\ProyectoWeb\system\CodeIgniter.php(832): App\Controllers\Venta->index()
#10 C:\laragon\www\ProyectoWeb\system\CodeIgniter.php(419): CodeIgniter\CodeIgniter->runController(Object(App\Controllers\Venta))
#11 C:\laragon\www\ProyectoWeb\system\CodeIgniter.php(326): CodeIgniter\CodeIgniter->handleRequest(NULL, Object(Config\Cache), false)
#12 C:\laragon\www\ProyectoWeb\index.php(37): CodeIgniter\CodeIgniter->run()
#13 {main}
CRITICAL - 2022-12-09 15:41:14 --> Undefined array key "idproducto"
#0 C:\laragon\www\ProyectoWeb\app\Views\venta\venta.php(14): CodeIgniter\Debug\Exceptions->errorHandler(2, 'Undefined array...', 'C:\\laragon\\www\\...', 14)
#1 C:\laragon\www\ProyectoWeb\system\View\View.php(210): include('C:\\laragon\\www\\...')
#2 C:\laragon\www\ProyectoWeb\system\View\View.php(213): CodeIgniter\View\View->CodeIgniter\View\{closure}()
#3 C:\laragon\www\ProyectoWeb\system\Common.php(1089): CodeIgniter\View\View->render('venta/venta', Array, true)
#4 C:\laragon\www\ProyectoWeb\app\Views\index.php(161): view('venta/venta')
#5 C:\laragon\www\ProyectoWeb\system\View\View.php(210): include('C:\\laragon\\www\\...')
#6 C:\laragon\www\ProyectoWeb\system\View\View.php(213): CodeIgniter\View\View->CodeIgniter\View\{closure}()
#7 C:\laragon\www\ProyectoWeb\system\Common.php(1089): CodeIgniter\View\View->render('index', Array, true)
#8 C:\laragon\www\ProyectoWeb\app\Controllers\Venta.php(34): view('index', Array)
#9 C:\laragon\www\ProyectoWeb\system\CodeIgniter.php(832): App\Controllers\Venta->index()
#10 C:\laragon\www\ProyectoWeb\system\CodeIgniter.php(419): CodeIgniter\CodeIgniter->runController(Object(App\Controllers\Venta))
#11 C:\laragon\www\ProyectoWeb\system\CodeIgniter.php(326): CodeIgniter\CodeIgniter->handleRequest(NULL, Object(Config\Cache), false)
#12 C:\laragon\www\ProyectoWeb\index.php(37): CodeIgniter\CodeIgniter->run()
#13 {main}
CRITICAL - 2022-12-09 15:41:59 --> Undefined array key "idproducto"
#0 C:\laragon\www\ProyectoWeb\app\Views\venta\venta.php(14): CodeIgniter\Debug\Exceptions->errorHandler(2, 'Undefined array...', 'C:\\laragon\\www\\...', 14)
#1 C:\laragon\www\ProyectoWeb\system\View\View.php(210): include('C:\\laragon\\www\\...')
#2 C:\laragon\www\ProyectoWeb\system\View\View.php(213): CodeIgniter\View\View->CodeIgniter\View\{closure}()
#3 C:\laragon\www\ProyectoWeb\system\Common.php(1089): CodeIgniter\View\View->render('venta/venta', Array, true)
#4 C:\laragon\www\ProyectoWeb\app\Views\index.php(161): view('venta/venta')
#5 C:\laragon\www\ProyectoWeb\system\View\View.php(210): include('C:\\laragon\\www\\...')
#6 C:\laragon\www\ProyectoWeb\system\View\View.php(213): CodeIgniter\View\View->CodeIgniter\View\{closure}()
#7 C:\laragon\www\ProyectoWeb\system\Common.php(1089): CodeIgniter\View\View->render('index', Array, true)
#8 C:\laragon\www\ProyectoWeb\app\Controllers\Venta.php(34): view('index', Array)
#9 C:\laragon\www\ProyectoWeb\system\CodeIgniter.php(832): App\Controllers\Venta->index()
#10 C:\laragon\www\ProyectoWeb\system\CodeIgniter.php(419): CodeIgniter\CodeIgniter->runController(Object(App\Controllers\Venta))
#11 C:\laragon\www\ProyectoWeb\system\CodeIgniter.php(326): CodeIgniter\CodeIgniter->handleRequest(NULL, Object(Config\Cache), false)
#12 C:\laragon\www\ProyectoWeb\index.php(37): CodeIgniter\CodeIgniter->run()
#13 {main}
CRITICAL - 2022-12-09 15:42:15 --> Undefined array key "idproducto"
#0 C:\laragon\www\ProyectoWeb\app\Views\venta\venta.php(14): CodeIgniter\Debug\Exceptions->errorHandler(2, 'Undefined array...', 'C:\\laragon\\www\\...', 14)
#1 C:\laragon\www\ProyectoWeb\system\View\View.php(210): include('C:\\laragon\\www\\...')
#2 C:\laragon\www\ProyectoWeb\system\View\View.php(213): CodeIgniter\View\View->CodeIgniter\View\{closure}()
#3 C:\laragon\www\ProyectoWeb\system\Common.php(1089): CodeIgniter\View\View->render('venta/venta', Array, true)
#4 C:\laragon\www\ProyectoWeb\app\Views\index.php(161): view('venta/venta')
#5 C:\laragon\www\ProyectoWeb\system\View\View.php(210): include('C:\\laragon\\www\\...')
#6 C:\laragon\www\ProyectoWeb\system\View\View.php(213): CodeIgniter\View\View->CodeIgniter\View\{closure}()
#7 C:\laragon\www\ProyectoWeb\system\Common.php(1089): CodeIgniter\View\View->render('index', Array, true)
#8 C:\laragon\www\ProyectoWeb\app\Controllers\Venta.php(34): view('index', Array)
#9 C:\laragon\www\ProyectoWeb\system\CodeIgniter.php(832): App\Controllers\Venta->index()
#10 C:\laragon\www\ProyectoWeb\system\CodeIgniter.php(419): CodeIgniter\CodeIgniter->runController(Object(App\Controllers\Venta))
#11 C:\laragon\www\ProyectoWeb\system\CodeIgniter.php(326): CodeIgniter\CodeIgniter->handleRequest(NULL, Object(Config\Cache), false)
#12 C:\laragon\www\ProyectoWeb\index.php(37): CodeIgniter\CodeIgniter->run()
#13 {main}
CRITICAL - 2022-12-09 15:42:15 --> Undefined array key "idproducto"
#0 C:\laragon\www\ProyectoWeb\app\Views\venta\venta.php(14): CodeIgniter\Debug\Exceptions->errorHandler(2, 'Undefined array...', 'C:\\laragon\\www\\...', 14)
#1 C:\laragon\www\ProyectoWeb\system\View\View.php(210): include('C:\\laragon\\www\\...')
#2 C:\laragon\www\ProyectoWeb\system\View\View.php(213): CodeIgniter\View\View->CodeIgniter\View\{closure}()
#3 C:\laragon\www\ProyectoWeb\system\Common.php(1089): CodeIgniter\View\View->render('venta/venta', Array, true)
#4 C:\laragon\www\ProyectoWeb\app\Views\index.php(161): view('venta/venta')
#5 C:\laragon\www\ProyectoWeb\system\View\View.php(210): include('C:\\laragon\\www\\...')
#6 C:\laragon\www\ProyectoWeb\system\View\View.php(213): CodeIgniter\View\View->CodeIgniter\View\{closure}()
#7 C:\laragon\www\ProyectoWeb\system\Common.php(1089): CodeIgniter\View\View->render('index', Array, true)
#8 C:\laragon\www\ProyectoWeb\app\Controllers\Venta.php(34): view('index', Array)
#9 C:\laragon\www\ProyectoWeb\system\CodeIgniter.php(832): App\Controllers\Venta->index()
#10 C:\laragon\www\ProyectoWeb\system\CodeIgniter.php(419): CodeIgniter\CodeIgniter->runController(Object(App\Controllers\Venta))
#11 C:\laragon\www\ProyectoWeb\system\CodeIgniter.php(326): CodeIgniter\CodeIgniter->handleRequest(NULL, Object(Config\Cache), false)
#12 C:\laragon\www\ProyectoWeb\index.php(37): CodeIgniter\CodeIgniter->run()
#13 {main}
CRITICAL - 2022-12-09 15:42:45 --> Undefined array key "idproducto"
#0 C:\laragon\www\ProyectoWeb\app\Views\venta\venta.php(14): CodeIgniter\Debug\Exceptions->errorHandler(2, 'Undefined array...', 'C:\\laragon\\www\\...', 14)
#1 C:\laragon\www\ProyectoWeb\system\View\View.php(210): include('C:\\laragon\\www\\...')
#2 C:\laragon\www\ProyectoWeb\system\View\View.php(213): CodeIgniter\View\View->CodeIgniter\View\{closure}()
#3 C:\laragon\www\ProyectoWeb\system\Common.php(1089): CodeIgniter\View\View->render('venta/venta', Array, true)
#4 C:\laragon\www\ProyectoWeb\app\Views\index.php(161): view('venta/venta')
#5 C:\laragon\www\ProyectoWeb\system\View\View.php(210): include('C:\\laragon\\www\\...')
#6 C:\laragon\www\ProyectoWeb\system\View\View.php(213): CodeIgniter\View\View->CodeIgniter\View\{closure}()
#7 C:\laragon\www\ProyectoWeb\system\Common.php(1089): CodeIgniter\View\View->render('index', Array, true)
#8 C:\laragon\www\ProyectoWeb\app\Controllers\Venta.php(34): view('index', Array)
#9 C:\laragon\www\ProyectoWeb\system\CodeIgniter.php(832): App\Controllers\Venta->index()
#10 C:\laragon\www\ProyectoWeb\system\CodeIgniter.php(419): CodeIgniter\CodeIgniter->runController(Object(App\Controllers\Venta))
#11 C:\laragon\www\ProyectoWeb\system\CodeIgniter.php(326): CodeIgniter\CodeIgniter->handleRequest(NULL, Object(Config\Cache), false)
#12 C:\laragon\www\ProyectoWeb\index.php(37): CodeIgniter\CodeIgniter->run()
#13 {main}
CRITICAL - 2022-12-09 15:42:49 --> Undefined array key "idproducto"
#0 C:\laragon\www\ProyectoWeb\app\Views\venta\venta.php(14): CodeIgniter\Debug\Exceptions->errorHandler(2, 'Undefined array...', 'C:\\laragon\\www\\...', 14)
#1 C:\laragon\www\ProyectoWeb\system\View\View.php(210): include('C:\\laragon\\www\\...')
#2 C:\laragon\www\ProyectoWeb\system\View\View.php(213): CodeIgniter\View\View->CodeIgniter\View\{closure}()
#3 C:\laragon\www\ProyectoWeb\system\Common.php(1089): CodeIgniter\View\View->render('venta/venta', Array, true)
#4 C:\laragon\www\ProyectoWeb\app\Views\index.php(161): view('venta/venta')
#5 C:\laragon\www\ProyectoWeb\system\View\View.php(210): include('C:\\laragon\\www\\...')
#6 C:\laragon\www\ProyectoWeb\system\View\View.php(213): CodeIgniter\View\View->CodeIgniter\View\{closure}()
#7 C:\laragon\www\ProyectoWeb\system\Common.php(1089): CodeIgniter\View\View->render('index', Array, true)
#8 C:\laragon\www\ProyectoWeb\app\Controllers\Venta.php(34): view('index', Array)
#9 C:\laragon\www\ProyectoWeb\system\CodeIgniter.php(832): App\Controllers\Venta->index()
#10 C:\laragon\www\ProyectoWeb\system\CodeIgniter.php(419): CodeIgniter\CodeIgniter->runController(Object(App\Controllers\Venta))
#11 C:\laragon\www\ProyectoWeb\system\CodeIgniter.php(326): CodeIgniter\CodeIgniter->handleRequest(NULL, Object(Config\Cache), false)
#12 C:\laragon\www\ProyectoWeb\index.php(37): CodeIgniter\CodeIgniter->run()
#13 {main}
CRITICAL - 2022-12-09 15:43:02 --> Undefined array key "idproducto"
#0 C:\laragon\www\ProyectoWeb\app\Views\venta\venta.php(14): CodeIgniter\Debug\Exceptions->errorHandler(2, 'Undefined array...', 'C:\\laragon\\www\\...', 14)
#1 C:\laragon\www\ProyectoWeb\system\View\View.php(210): include('C:\\laragon\\www\\...')
#2 C:\laragon\www\ProyectoWeb\system\View\View.php(213): CodeIgniter\View\View->CodeIgniter\View\{closure}()
#3 C:\laragon\www\ProyectoWeb\system\Common.php(1089): CodeIgniter\View\View->render('venta/venta', Array, true)
#4 C:\laragon\www\ProyectoWeb\app\Views\index.php(161): view('venta/venta')
#5 C:\laragon\www\ProyectoWeb\system\View\View.php(210): include('C:\\laragon\\www\\...')
#6 C:\laragon\www\ProyectoWeb\system\View\View.php(213): CodeIgniter\View\View->CodeIgniter\View\{closure}()
#7 C:\laragon\www\ProyectoWeb\system\Common.php(1089): CodeIgniter\View\View->render('index', Array, true)
#8 C:\laragon\www\ProyectoWeb\app\Controllers\Venta.php(34): view('index', Array)
#9 C:\laragon\www\ProyectoWeb\system\CodeIgniter.php(832): App\Controllers\Venta->index()
#10 C:\laragon\www\ProyectoWeb\system\CodeIgniter.php(419): CodeIgniter\CodeIgniter->runController(Object(App\Controllers\Venta))
#11 C:\laragon\www\ProyectoWeb\system\CodeIgniter.php(326): CodeIgniter\CodeIgniter->handleRequest(NULL, Object(Config\Cache), false)
#12 C:\laragon\www\ProyectoWeb\index.php(37): CodeIgniter\CodeIgniter->run()
#13 {main}
CRITICAL - 2022-12-09 15:43:03 --> Undefined array key "idproducto"
#0 C:\laragon\www\ProyectoWeb\app\Views\venta\venta.php(14): CodeIgniter\Debug\Exceptions->errorHandler(2, 'Undefined array...', 'C:\\laragon\\www\\...', 14)
#1 C:\laragon\www\ProyectoWeb\system\View\View.php(210): include('C:\\laragon\\www\\...')
#2 C:\laragon\www\ProyectoWeb\system\View\View.php(213): CodeIgniter\View\View->CodeIgniter\View\{closure}()
#3 C:\laragon\www\ProyectoWeb\system\Common.php(1089): CodeIgniter\View\View->render('venta/venta', Array, true)
#4 C:\laragon\www\ProyectoWeb\app\Views\index.php(161): view('venta/venta')
#5 C:\laragon\www\ProyectoWeb\system\View\View.php(210): include('C:\\laragon\\www\\...')
#6 C:\laragon\www\ProyectoWeb\system\View\View.php(213): CodeIgniter\View\View->CodeIgniter\View\{closure}()
#7 C:\laragon\www\ProyectoWeb\system\Common.php(1089): CodeIgniter\View\View->render('index', Array, true)
#8 C:\laragon\www\ProyectoWeb\app\Controllers\Venta.php(34): view('index', Array)
#9 C:\laragon\www\ProyectoWeb\system\CodeIgniter.php(832): App\Controllers\Venta->index()
#10 C:\laragon\www\ProyectoWeb\system\CodeIgniter.php(419): CodeIgniter\CodeIgniter->runController(Object(App\Controllers\Venta))
#11 C:\laragon\www\ProyectoWeb\system\CodeIgniter.php(326): CodeIgniter\CodeIgniter->handleRequest(NULL, Object(Config\Cache), false)
#12 C:\laragon\www\ProyectoWeb\index.php(37): CodeIgniter\CodeIgniter->run()
#13 {main}
CRITICAL - 2022-12-09 15:43:06 --> Undefined array key "nombre"
#0 C:\laragon\www\ProyectoWeb\app\Views\venta\venta.php(14): CodeIgniter\Debug\Exceptions->errorHandler(2, 'Undefined array...', 'C:\\laragon\\www\\...', 14)
#1 C:\laragon\www\ProyectoWeb\system\View\View.php(210): include('C:\\laragon\\www\\...')
#2 C:\laragon\www\ProyectoWeb\system\View\View.php(213): CodeIgniter\View\View->CodeIgniter\View\{closure}()
#3 C:\laragon\www\ProyectoWeb\system\Common.php(1089): CodeIgniter\View\View->render('venta/venta', Array, true)
#4 C:\laragon\www\ProyectoWeb\app\Views\index.php(161): view('venta/venta')
#5 C:\laragon\www\ProyectoWeb\system\View\View.php(210): include('C:\\laragon\\www\\...')
#6 C:\laragon\www\ProyectoWeb\system\View\View.php(213): CodeIgniter\View\View->CodeIgniter\View\{closure}()
#7 C:\laragon\www\ProyectoWeb\system\Common.php(1089): CodeIgniter\View\View->render('index', Array, true)
#8 C:\laragon\www\ProyectoWeb\app\Controllers\Venta.php(34): view('index', Array)
#9 C:\laragon\www\ProyectoWeb\system\CodeIgniter.php(832): App\Controllers\Venta->index()
#10 C:\laragon\www\ProyectoWeb\system\CodeIgniter.php(419): CodeIgniter\CodeIgniter->runController(Object(App\Controllers\Venta))
#11 C:\laragon\www\ProyectoWeb\system\CodeIgniter.php(326): CodeIgniter\CodeIgniter->handleRequest(NULL, Object(Config\Cache), false)
#12 C:\laragon\www\ProyectoWeb\index.php(37): CodeIgniter\CodeIgniter->run()
#13 {main}
CRITICAL - 2022-12-09 15:43:07 --> Undefined array key "nombre"
#0 C:\laragon\www\ProyectoWeb\app\Views\venta\venta.php(14): CodeIgniter\Debug\Exceptions->errorHandler(2, 'Undefined array...', 'C:\\laragon\\www\\...', 14)
#1 C:\laragon\www\ProyectoWeb\system\View\View.php(210): include('C:\\laragon\\www\\...')
#2 C:\laragon\www\ProyectoWeb\system\View\View.php(213): CodeIgniter\View\View->CodeIgniter\View\{closure}()
#3 C:\laragon\www\ProyectoWeb\system\Common.php(1089): CodeIgniter\View\View->render('venta/venta', Array, true)
#4 C:\laragon\www\ProyectoWeb\app\Views\index.php(161): view('venta/venta')
#5 C:\laragon\www\ProyectoWeb\system\View\View.php(210): include('C:\\laragon\\www\\...')
#6 C:\laragon\www\ProyectoWeb\system\View\View.php(213): CodeIgniter\View\View->CodeIgniter\View\{closure}()
#7 C:\laragon\www\ProyectoWeb\system\Common.php(1089): CodeIgniter\View\View->render('index', Array, true)
#8 C:\laragon\www\ProyectoWeb\app\Controllers\Venta.php(34): view('index', Array)
#9 C:\laragon\www\ProyectoWeb\system\CodeIgniter.php(832): App\Controllers\Venta->index()
#10 C:\laragon\www\ProyectoWeb\system\CodeIgniter.php(419): CodeIgniter\CodeIgniter->runController(Object(App\Controllers\Venta))
#11 C:\laragon\www\ProyectoWeb\system\CodeIgniter.php(326): CodeIgniter\CodeIgniter->handleRequest(NULL, Object(Config\Cache), false)
#12 C:\laragon\www\ProyectoWeb\index.php(37): CodeIgniter\CodeIgniter->run()
#13 {main}
CRITICAL - 2022-12-09 15:43:12 --> Undefined array key "total"
#0 C:\laragon\www\ProyectoWeb\app\Views\venta\venta.php(14): CodeIgniter\Debug\Exceptions->errorHandler(2, 'Undefined array...', 'C:\\laragon\\www\\...', 14)
#1 C:\laragon\www\ProyectoWeb\system\View\View.php(210): include('C:\\laragon\\www\\...')
#2 C:\laragon\www\ProyectoWeb\system\View\View.php(213): CodeIgniter\View\View->CodeIgniter\View\{closure}()
#3 C:\laragon\www\ProyectoWeb\system\Common.php(1089): CodeIgniter\View\View->render('venta/venta', Array, true)
#4 C:\laragon\www\ProyectoWeb\app\Views\index.php(161): view('venta/venta')
#5 C:\laragon\www\ProyectoWeb\system\View\View.php(210): include('C:\\laragon\\www\\...')
#6 C:\laragon\www\ProyectoWeb\system\View\View.php(213): CodeIgniter\View\View->CodeIgniter\View\{closure}()
#7 C:\laragon\www\ProyectoWeb\system\Common.php(1089): CodeIgniter\View\View->render('index', Array, true)
#8 C:\laragon\www\ProyectoWeb\app\Controllers\Venta.php(34): view('index', Array)
#9 C:\laragon\www\ProyectoWeb\system\CodeIgniter.php(832): App\Controllers\Venta->index()
#10 C:\laragon\www\ProyectoWeb\system\CodeIgniter.php(419): CodeIgniter\CodeIgniter->runController(Object(App\Controllers\Venta))
#11 C:\laragon\www\ProyectoWeb\system\CodeIgniter.php(326): CodeIgniter\CodeIgniter->handleRequest(NULL, Object(Config\Cache), false)
#12 C:\laragon\www\ProyectoWeb\index.php(37): CodeIgniter\CodeIgniter->run()
#13 {main}
CRITICAL - 2022-12-09 15:43:27 --> Undefined array key "Total"
#0 C:\laragon\www\ProyectoWeb\app\Views\venta\venta.php(14): CodeIgniter\Debug\Exceptions->errorHandler(2, 'Undefined array...', 'C:\\laragon\\www\\...', 14)
#1 C:\laragon\www\ProyectoWeb\system\View\View.php(210): include('C:\\laragon\\www\\...')
#2 C:\laragon\www\ProyectoWeb\system\View\View.php(213): CodeIgniter\View\View->CodeIgniter\View\{closure}()
#3 C:\laragon\www\ProyectoWeb\system\Common.php(1089): CodeIgniter\View\View->render('venta/venta', Array, true)
#4 C:\laragon\www\ProyectoWeb\app\Views\index.php(161): view('venta/venta')
#5 C:\laragon\www\ProyectoWeb\system\View\View.php(210): include('C:\\laragon\\www\\...')
#6 C:\laragon\www\ProyectoWeb\system\View\View.php(213): CodeIgniter\View\View->CodeIgniter\View\{closure}()
#7 C:\laragon\www\ProyectoWeb\system\Common.php(1089): CodeIgniter\View\View->render('index', Array, true)
#8 C:\laragon\www\ProyectoWeb\app\Controllers\Venta.php(34): view('index', Array)
#9 C:\laragon\www\ProyectoWeb\system\CodeIgniter.php(832): App\Controllers\Venta->index()
#10 C:\laragon\www\ProyectoWeb\system\CodeIgniter.php(419): CodeIgniter\CodeIgniter->runController(Object(App\Controllers\Venta))
#11 C:\laragon\www\ProyectoWeb\system\CodeIgniter.php(326): CodeIgniter\CodeIgniter->handleRequest(NULL, Object(Config\Cache), false)
#12 C:\laragon\www\ProyectoWeb\index.php(37): CodeIgniter\CodeIgniter->run()
#13 {main}
CRITICAL - 2022-12-09 15:43:28 --> Undefined array key "Total"
#0 C:\laragon\www\ProyectoWeb\app\Views\venta\venta.php(14): CodeIgniter\Debug\Exceptions->errorHandler(2, 'Undefined array...', 'C:\\laragon\\www\\...', 14)
#1 C:\laragon\www\ProyectoWeb\system\View\View.php(210): include('C:\\laragon\\www\\...')
#2 C:\laragon\www\ProyectoWeb\system\View\View.php(213): CodeIgniter\View\View->CodeIgniter\View\{closure}()
#3 C:\laragon\www\ProyectoWeb\system\Common.php(1089): CodeIgniter\View\View->render('venta/venta', Array, true)
#4 C:\laragon\www\ProyectoWeb\app\Views\index.php(161): view('venta/venta')
#5 C:\laragon\www\ProyectoWeb\system\View\View.php(210): include('C:\\laragon\\www\\...')
#6 C:\laragon\www\ProyectoWeb\system\View\View.php(213): CodeIgniter\View\View->CodeIgniter\View\{closure}()
#7 C:\laragon\www\ProyectoWeb\system\Common.php(1089): CodeIgniter\View\View->render('index', Array, true)
#8 C:\laragon\www\ProyectoWeb\app\Controllers\Venta.php(34): view('index', Array)
#9 C:\laragon\www\ProyectoWeb\system\CodeIgniter.php(832): App\Controllers\Venta->index()
#10 C:\laragon\www\ProyectoWeb\system\CodeIgniter.php(419): CodeIgniter\CodeIgniter->runController(Object(App\Controllers\Venta))
#11 C:\laragon\www\ProyectoWeb\system\CodeIgniter.php(326): CodeIgniter\CodeIgniter->handleRequest(NULL, Object(Config\Cache), false)
#12 C:\laragon\www\ProyectoWeb\index.php(37): CodeIgniter\CodeIgniter->run()
#13 {main}
CRITICAL - 2022-12-09 15:44:22 --> Undefined array key "Total"
#0 C:\laragon\www\ProyectoWeb\app\Views\venta\venta.php(14): CodeIgniter\Debug\Exceptions->errorHandler(2, 'Undefined array...', 'C:\\laragon\\www\\...', 14)
#1 C:\laragon\www\ProyectoWeb\system\View\View.php(210): include('C:\\laragon\\www\\...')
#2 C:\laragon\www\ProyectoWeb\system\View\View.php(213): CodeIgniter\View\View->CodeIgniter\View\{closure}()
#3 C:\laragon\www\ProyectoWeb\system\Common.php(1089): CodeIgniter\View\View->render('venta/venta', Array, true)
#4 C:\laragon\www\ProyectoWeb\app\Views\index.php(161): view('venta/venta')
#5 C:\laragon\www\ProyectoWeb\system\View\View.php(210): include('C:\\laragon\\www\\...')
#6 C:\laragon\www\ProyectoWeb\system\View\View.php(213): CodeIgniter\View\View->CodeIgniter\View\{closure}()
#7 C:\laragon\www\ProyectoWeb\system\Common.php(1089): CodeIgniter\View\View->render('index', Array, true)
#8 C:\laragon\www\ProyectoWeb\app\Controllers\Venta.php(34): view('index', Array)
#9 C:\laragon\www\ProyectoWeb\system\CodeIgniter.php(832): App\Controllers\Venta->index()
#10 C:\laragon\www\ProyectoWeb\system\CodeIgniter.php(419): CodeIgniter\CodeIgniter->runController(Object(App\Controllers\Venta))
#11 C:\laragon\www\ProyectoWeb\system\CodeIgniter.php(326): CodeIgniter\CodeIgniter->handleRequest(NULL, Object(Config\Cache), false)
#12 C:\laragon\www\ProyectoWeb\index.php(37): CodeIgniter\CodeIgniter->run()
>>>>>>> 6487ad22ce9eea985b1c72d5bac435a895acd3cc
#13 {main}
<<<<<<< HEAD
CRITICAL - 2022-12-09 23:16:23 --> syntax error, unexpected token "}"
#0 C:\laragon\www\ProyectoWeb\system\Router\Router.php(175): CodeIgniter\Router\Router->autoRoute('venta')
#1 C:\laragon\www\ProyectoWeb\system\CodeIgniter.php(726): CodeIgniter\Router\Router->handle('venta')
#2 C:\laragon\www\ProyectoWeb\system\CodeIgniter.php(368): CodeIgniter\CodeIgniter->tryToRouteIt(Object(CodeIgniter\Router\RouteCollection))
#3 C:\laragon\www\ProyectoWeb\system\CodeIgniter.php(326): CodeIgniter\CodeIgniter->handleRequest(NULL, Object(Config\Cache), false)
#4 C:\laragon\www\ProyectoWeb\index.php(37): CodeIgniter\CodeIgniter->run()
#5 {main}
=======
CRITICAL - 2022-12-09 22:59:16 --> Undefined variable $cont
#0 C:\xampp\htdocs\Cafeteria\app\Views\clientes\reporte.php(20): CodeIgniter\Debug\Exceptions->errorHandler(2, 'Undefined varia...', 'C:\\xampp\\htdocs...', 20)
#1 C:\xampp\htdocs\Cafeteria\system\View\View.php(210): include('C:\\xampp\\htdocs...')
#2 C:\xampp\htdocs\Cafeteria\system\View\View.php(213): CodeIgniter\View\View->CodeIgniter\View\{closure}()
#3 C:\xampp\htdocs\Cafeteria\system\Common.php(1089): CodeIgniter\View\View->render('clientes/report...', Array, true)
#4 C:\xampp\htdocs\Cafeteria\app\Views\index.php(163): view('clientes/report...')
#5 C:\xampp\htdocs\Cafeteria\system\View\View.php(210): include('C:\\xampp\\htdocs...')
#6 C:\xampp\htdocs\Cafeteria\system\View\View.php(213): CodeIgniter\View\View->CodeIgniter\View\{closure}()
#7 C:\xampp\htdocs\Cafeteria\system\Common.php(1089): CodeIgniter\View\View->render('index', Array, true)
#8 C:\xampp\htdocs\Cafeteria\app\Controllers\Clientes.php(44): view('index', Array)
#9 C:\xampp\htdocs\Cafeteria\system\CodeIgniter.php(832): App\Controllers\Clientes->reporte()
#10 C:\xampp\htdocs\Cafeteria\system\CodeIgniter.php(419): CodeIgniter\CodeIgniter->runController(Object(App\Controllers\Clientes))
#11 C:\xampp\htdocs\Cafeteria\system\CodeIgniter.php(326): CodeIgniter\CodeIgniter->handleRequest(NULL, Object(Config\Cache), false)
#12 C:\xampp\htdocs\Cafeteria\index.php(37): CodeIgniter\CodeIgniter->run()
#13 {main}
CRITICAL - 2022-12-09 23:01:53 --> require_once(): http:// wrapper is disabled in the server configuration by allow_url_include=0
#0 C:\xampp\htdocs\Cafeteria\app\Views\clientes\reporte.php(59): CodeIgniter\Debug\Exceptions->errorHandler(2, 'require_once():...', 'C:\\xampp\\htdocs...', 59)
#1 C:\xampp\htdocs\Cafeteria\app\Views\clientes\reporte.php(59): require_once()
#2 C:\xampp\htdocs\Cafeteria\system\View\View.php(210): include('C:\\xampp\\htdocs...')
#3 C:\xampp\htdocs\Cafeteria\system\View\View.php(213): CodeIgniter\View\View->CodeIgniter\View\{closure}()
#4 C:\xampp\htdocs\Cafeteria\system\Common.php(1089): CodeIgniter\View\View->render('clientes/report...', Array, true)
#5 C:\xampp\htdocs\Cafeteria\app\Views\index.php(163): view('clientes/report...')
#6 C:\xampp\htdocs\Cafeteria\system\View\View.php(210): include('C:\\xampp\\htdocs...')
#7 C:\xampp\htdocs\Cafeteria\system\View\View.php(213): CodeIgniter\View\View->CodeIgniter\View\{closure}()
#8 C:\xampp\htdocs\Cafeteria\system\Common.php(1089): CodeIgniter\View\View->render('index', Array, true)
#9 C:\xampp\htdocs\Cafeteria\app\Controllers\Clientes.php(44): view('index', Array)
#10 C:\xampp\htdocs\Cafeteria\system\CodeIgniter.php(832): App\Controllers\Clientes->reporte()
#11 C:\xampp\htdocs\Cafeteria\system\CodeIgniter.php(419): CodeIgniter\CodeIgniter->runController(Object(App\Controllers\Clientes))
#12 C:\xampp\htdocs\Cafeteria\system\CodeIgniter.php(326): CodeIgniter\CodeIgniter->handleRequest(NULL, Object(Config\Cache), false)
#13 C:\xampp\htdocs\Cafeteria\index.php(37): CodeIgniter\CodeIgniter->run()
#14 {main}
CRITICAL - 2022-12-09 23:02:05 --> require_once(Libraries/dompdf/autoload.inc.php): Failed to open stream: No such file or directory
#0 C:\xampp\htdocs\Cafeteria\app\Views\clientes\reporte.php(59): CodeIgniter\Debug\Exceptions->errorHandler(2, 'require_once(Li...', 'C:\\xampp\\htdocs...', 59)
#1 C:\xampp\htdocs\Cafeteria\app\Views\clientes\reporte.php(59): require_once()
#2 C:\xampp\htdocs\Cafeteria\system\View\View.php(210): include('C:\\xampp\\htdocs...')
#3 C:\xampp\htdocs\Cafeteria\system\View\View.php(213): CodeIgniter\View\View->CodeIgniter\View\{closure}()
#4 C:\xampp\htdocs\Cafeteria\system\Common.php(1089): CodeIgniter\View\View->render('clientes/report...', Array, true)
#5 C:\xampp\htdocs\Cafeteria\app\Views\index.php(163): view('clientes/report...')
#6 C:\xampp\htdocs\Cafeteria\system\View\View.php(210): include('C:\\xampp\\htdocs...')
#7 C:\xampp\htdocs\Cafeteria\system\View\View.php(213): CodeIgniter\View\View->CodeIgniter\View\{closure}()
#8 C:\xampp\htdocs\Cafeteria\system\Common.php(1089): CodeIgniter\View\View->render('index', Array, true)
#9 C:\xampp\htdocs\Cafeteria\app\Controllers\Clientes.php(44): view('index', Array)
#10 C:\xampp\htdocs\Cafeteria\system\CodeIgniter.php(832): App\Controllers\Clientes->reporte()
#11 C:\xampp\htdocs\Cafeteria\system\CodeIgniter.php(419): CodeIgniter\CodeIgniter->runController(Object(App\Controllers\Clientes))
#12 C:\xampp\htdocs\Cafeteria\system\CodeIgniter.php(326): CodeIgniter\CodeIgniter->handleRequest(NULL, Object(Config\Cache), false)
#13 C:\xampp\htdocs\Cafeteria\index.php(37): CodeIgniter\CodeIgniter->run()
#14 {main}
CRITICAL - 2022-12-09 23:02:19 --> "continue" targeting switch is equivalent to "break". Did you mean to use "continue 2"?
#0 C:\xampp\htdocs\Cafeteria\app\Libraries\dompdf\src\Autoloader.php(38): CodeIgniter\Debug\Exceptions->errorHandler(2, '"continue" targ...', 'C:\\xampp\\htdocs...', 610)
#1 C:\xampp\htdocs\Cafeteria\app\Libraries\dompdf\src\Autoloader.php(38): require_once()
#2 C:\xampp\htdocs\Cafeteria\app\Views\clientes\reporte.php(63): Dompdf\Autoloader::autoload('Dompdf\\Dompdf')
#3 C:\xampp\htdocs\Cafeteria\system\View\View.php(210): include('C:\\xampp\\htdocs...')
#4 C:\xampp\htdocs\Cafeteria\system\View\View.php(213): CodeIgniter\View\View->CodeIgniter\View\{closure}()
#5 C:\xampp\htdocs\Cafeteria\system\Common.php(1089): CodeIgniter\View\View->render('clientes/report...', Array, true)
#6 C:\xampp\htdocs\Cafeteria\app\Views\index.php(163): view('clientes/report...')
#7 C:\xampp\htdocs\Cafeteria\system\View\View.php(210): include('C:\\xampp\\htdocs...')
#8 C:\xampp\htdocs\Cafeteria\system\View\View.php(213): CodeIgniter\View\View->CodeIgniter\View\{closure}()
#9 C:\xampp\htdocs\Cafeteria\system\Common.php(1089): CodeIgniter\View\View->render('index', Array, true)
#10 C:\xampp\htdocs\Cafeteria\app\Controllers\Clientes.php(44): view('index', Array)
#11 C:\xampp\htdocs\Cafeteria\system\CodeIgniter.php(832): App\Controllers\Clientes->reporte()
#12 C:\xampp\htdocs\Cafeteria\system\CodeIgniter.php(419): CodeIgniter\CodeIgniter->runController(Object(App\Controllers\Clientes))
#13 C:\xampp\htdocs\Cafeteria\system\CodeIgniter.php(326): CodeIgniter\CodeIgniter->handleRequest(NULL, Object(Config\Cache), false)
#14 C:\xampp\htdocs\Cafeteria\index.php(37): CodeIgniter\CodeIgniter->run()
#15 {main}
CRITICAL - 2022-12-09 23:03:26 --> "continue" targeting switch is equivalent to "break". Did you mean to use "continue 2"?
#0 C:\xampp\htdocs\Cafeteria\app\Libraries\dompdf\src\Autoloader.php(38): CodeIgniter\Debug\Exceptions->errorHandler(2, '"continue" targ...', 'C:\\xampp\\htdocs...', 635)
#1 C:\xampp\htdocs\Cafeteria\app\Libraries\dompdf\src\Autoloader.php(38): require_once()
#2 C:\xampp\htdocs\Cafeteria\app\Views\clientes\reporte.php(63): Dompdf\Autoloader::autoload('Dompdf\\Dompdf')
#3 C:\xampp\htdocs\Cafeteria\system\View\View.php(210): include('C:\\xampp\\htdocs...')
#4 C:\xampp\htdocs\Cafeteria\system\View\View.php(213): CodeIgniter\View\View->CodeIgniter\View\{closure}()
#5 C:\xampp\htdocs\Cafeteria\system\Common.php(1089): CodeIgniter\View\View->render('clientes/report...', Array, true)
#6 C:\xampp\htdocs\Cafeteria\app\Views\index.php(163): view('clientes/report...')
#7 C:\xampp\htdocs\Cafeteria\system\View\View.php(210): include('C:\\xampp\\htdocs...')
#8 C:\xampp\htdocs\Cafeteria\system\View\View.php(213): CodeIgniter\View\View->CodeIgniter\View\{closure}()
#9 C:\xampp\htdocs\Cafeteria\system\Common.php(1089): CodeIgniter\View\View->render('index', Array, true)
#10 C:\xampp\htdocs\Cafeteria\app\Controllers\Clientes.php(44): view('index', Array)
#11 C:\xampp\htdocs\Cafeteria\system\CodeIgniter.php(832): App\Controllers\Clientes->reporte()
#12 C:\xampp\htdocs\Cafeteria\system\CodeIgniter.php(419): CodeIgniter\CodeIgniter->runController(Object(App\Controllers\Clientes))
#13 C:\xampp\htdocs\Cafeteria\system\CodeIgniter.php(326): CodeIgniter\CodeIgniter->handleRequest(NULL, Object(Config\Cache), false)
#14 C:\xampp\htdocs\Cafeteria\index.php(37): CodeIgniter\CodeIgniter->run()
#15 {main}
CRITICAL - 2022-12-09 23:03:39 --> Optional parameter $paper declared before required parameter $dompdf is implicitly treated as a required parameter
#0 C:\xampp\htdocs\Cafeteria\app\Libraries\dompdf\src\Autoloader.php(38): CodeIgniter\Debug\Exceptions->errorHandler(8192, 'Optional parame...', 'C:\\xampp\\htdocs...', 182)
#1 C:\xampp\htdocs\Cafeteria\app\Libraries\dompdf\src\Autoloader.php(38): require_once()
#2 C:\xampp\htdocs\Cafeteria\app\Libraries\dompdf\src\CanvasFactory.php(57): Dompdf\Autoloader::autoload('Dompdf\\Adapter\\...')
#3 C:\xampp\htdocs\Cafeteria\app\Libraries\dompdf\src\Dompdf.php(296): Dompdf\CanvasFactory::get_instance(Object(Dompdf\Dompdf), 'letter', 'portrait')
#4 C:\xampp\htdocs\Cafeteria\app\Views\clientes\reporte.php(63): Dompdf\Dompdf->__construct()
#5 C:\xampp\htdocs\Cafeteria\system\View\View.php(210): include('C:\\xampp\\htdocs...')
#6 C:\xampp\htdocs\Cafeteria\system\View\View.php(213): CodeIgniter\View\View->CodeIgniter\View\{closure}()
#7 C:\xampp\htdocs\Cafeteria\system\Common.php(1089): CodeIgniter\View\View->render('clientes/report...', Array, true)
#8 C:\xampp\htdocs\Cafeteria\app\Views\index.php(163): view('clientes/report...')
#9 C:\xampp\htdocs\Cafeteria\system\View\View.php(210): include('C:\\xampp\\htdocs...')
#10 C:\xampp\htdocs\Cafeteria\system\View\View.php(213): CodeIgniter\View\View->CodeIgniter\View\{closure}()
#11 C:\xampp\htdocs\Cafeteria\system\Common.php(1089): CodeIgniter\View\View->render('index', Array, true)
#12 C:\xampp\htdocs\Cafeteria\app\Controllers\Clientes.php(44): view('index', Array)
#13 C:\xampp\htdocs\Cafeteria\system\CodeIgniter.php(832): App\Controllers\Clientes->reporte()
#14 C:\xampp\htdocs\Cafeteria\system\CodeIgniter.php(419): CodeIgniter\CodeIgniter->runController(Object(App\Controllers\Clientes))
#15 C:\xampp\htdocs\Cafeteria\system\CodeIgniter.php(326): CodeIgniter\CodeIgniter->handleRequest(NULL, Object(Config\Cache), false)
#16 C:\xampp\htdocs\Cafeteria\index.php(37): CodeIgniter\CodeIgniter->run()
#17 {main}
CRITICAL - 2022-12-09 23:09:08 --> Invalid property: load
#0 C:\xampp\htdocs\Cafeteria\app\Views\clientes\reporte.php(64): Dompdf\Dompdf->__get('load')
#1 C:\xampp\htdocs\Cafeteria\system\View\View.php(210): include('C:\\xampp\\htdocs...')
#2 C:\xampp\htdocs\Cafeteria\system\View\View.php(213): CodeIgniter\View\View->CodeIgniter\View\{closure}()
#3 C:\xampp\htdocs\Cafeteria\system\Common.php(1089): CodeIgniter\View\View->render('clientes/report...', Array, true)
#4 C:\xampp\htdocs\Cafeteria\app\Views\index.php(163): view('clientes/report...')
#5 C:\xampp\htdocs\Cafeteria\system\View\View.php(210): include('C:\\xampp\\htdocs...')
#6 C:\xampp\htdocs\Cafeteria\system\View\View.php(213): CodeIgniter\View\View->CodeIgniter\View\{closure}()
#7 C:\xampp\htdocs\Cafeteria\system\Common.php(1089): CodeIgniter\View\View->render('index', Array, true)
#8 C:\xampp\htdocs\Cafeteria\app\Controllers\Clientes.php(44): view('index', Array)
#9 C:\xampp\htdocs\Cafeteria\system\CodeIgniter.php(832): App\Controllers\Clientes->reporte()
#10 C:\xampp\htdocs\Cafeteria\system\CodeIgniter.php(419): CodeIgniter\CodeIgniter->runController(Object(App\Controllers\Clientes))
#11 C:\xampp\htdocs\Cafeteria\system\CodeIgniter.php(326): CodeIgniter\CodeIgniter->handleRequest(NULL, Object(Config\Cache), false)
#12 C:\xampp\htdocs\Cafeteria\index.php(37): CodeIgniter\CodeIgniter->run()
#13 {main}
CRITICAL - 2022-12-09 23:20:52 --> syntax error, unexpected double-quote mark, expecting "-" or identifier or variable or number
#0 C:\xampp\htdocs\Cafeteria\system\View\View.php(213): CodeIgniter\View\View->CodeIgniter\View\{closure}()
#1 C:\xampp\htdocs\Cafeteria\system\Common.php(1089): CodeIgniter\View\View->render('clientes/report...', Array, true)
#2 C:\xampp\htdocs\Cafeteria\app\Views\index.php(163): view('clientes/report...')
#3 C:\xampp\htdocs\Cafeteria\system\View\View.php(210): include('C:\\xampp\\htdocs...')
#4 C:\xampp\htdocs\Cafeteria\system\View\View.php(213): CodeIgniter\View\View->CodeIgniter\View\{closure}()
#5 C:\xampp\htdocs\Cafeteria\system\Common.php(1089): CodeIgniter\View\View->render('index', Array, true)
#6 C:\xampp\htdocs\Cafeteria\app\Controllers\Clientes.php(44): view('index', Array)
#7 C:\xampp\htdocs\Cafeteria\system\CodeIgniter.php(832): App\Controllers\Clientes->reporte()
#8 C:\xampp\htdocs\Cafeteria\system\CodeIgniter.php(419): CodeIgniter\CodeIgniter->runController(Object(App\Controllers\Clientes))
#9 C:\xampp\htdocs\Cafeteria\system\CodeIgniter.php(326): CodeIgniter\CodeIgniter->handleRequest(NULL, Object(Config\Cache), false)
#10 C:\xampp\htdocs\Cafeteria\index.php(37): CodeIgniter\CodeIgniter->run()
#11 {main}
CRITICAL - 2022-12-09 23:25:15 --> mb_detect_encoding(): Passing null to parameter #1 ($string) of type string is deprecated
#0 [internal function]: CodeIgniter\Debug\Exceptions->errorHandler(8192, 'mb_detect_encod...', 'C:\\xampp\\htdocs...', 427)
#1 C:\xampp\htdocs\Cafeteria\app\Libraries\dompdf\vendor\dompdf\dompdf\src\Dompdf.php(427): mb_detect_encoding(NULL, NULL, true)
#2 C:\xampp\htdocs\Cafeteria\app\Libraries\dompdf\vendor\dompdf\dompdf\src\Dompdf.php(394): Dompdf\Dompdf->loadHtml(NULL, NULL)
#3 C:\xampp\htdocs\Cafeteria\app\Views\clientes\reporte.php(36): Dompdf\Dompdf->load_html(NULL)
#4 C:\xampp\htdocs\Cafeteria\system\View\View.php(210): include('C:\\xampp\\htdocs...')
#5 C:\xampp\htdocs\Cafeteria\system\View\View.php(213): CodeIgniter\View\View->CodeIgniter\View\{closure}()
#6 C:\xampp\htdocs\Cafeteria\system\Common.php(1089): CodeIgniter\View\View->render('clientes/report...', Array, true)
#7 C:\xampp\htdocs\Cafeteria\app\Views\index.php(163): view('clientes/report...')
#8 C:\xampp\htdocs\Cafeteria\system\View\View.php(210): include('C:\\xampp\\htdocs...')
#9 C:\xampp\htdocs\Cafeteria\system\View\View.php(213): CodeIgniter\View\View->CodeIgniter\View\{closure}()
#10 C:\xampp\htdocs\Cafeteria\system\Common.php(1089): CodeIgniter\View\View->render('index', Array, true)
#11 C:\xampp\htdocs\Cafeteria\app\Controllers\Clientes.php(44): view('index', Array)
#12 C:\xampp\htdocs\Cafeteria\system\CodeIgniter.php(832): App\Controllers\Clientes->reporte()
#13 C:\xampp\htdocs\Cafeteria\system\CodeIgniter.php(419): CodeIgniter\CodeIgniter->runController(Object(App\Controllers\Clientes))
#14 C:\xampp\htdocs\Cafeteria\system\CodeIgniter.php(326): CodeIgniter\CodeIgniter->handleRequest(NULL, Object(Config\Cache), false)
#15 C:\xampp\htdocs\Cafeteria\index.php(37): CodeIgniter\CodeIgniter->run()
#16 {main}
CRITICAL - 2022-12-09 23:25:20 --> mb_detect_encoding(): Passing null to parameter #1 ($string) of type string is deprecated
#0 [internal function]: CodeIgniter\Debug\Exceptions->errorHandler(8192, 'mb_detect_encod...', 'C:\\xampp\\htdocs...', 427)
#1 C:\xampp\htdocs\Cafeteria\app\Libraries\dompdf\vendor\dompdf\dompdf\src\Dompdf.php(427): mb_detect_encoding(NULL, NULL, true)
#2 C:\xampp\htdocs\Cafeteria\app\Libraries\dompdf\vendor\dompdf\dompdf\src\Dompdf.php(394): Dompdf\Dompdf->loadHtml(NULL, NULL)
#3 C:\xampp\htdocs\Cafeteria\app\Views\clientes\reporte.php(36): Dompdf\Dompdf->load_html(NULL)
#4 C:\xampp\htdocs\Cafeteria\system\View\View.php(210): include('C:\\xampp\\htdocs...')
#5 C:\xampp\htdocs\Cafeteria\system\View\View.php(213): CodeIgniter\View\View->CodeIgniter\View\{closure}()
#6 C:\xampp\htdocs\Cafeteria\system\Common.php(1089): CodeIgniter\View\View->render('clientes/report...', Array, true)
#7 C:\xampp\htdocs\Cafeteria\app\Views\index.php(163): view('clientes/report...')
#8 C:\xampp\htdocs\Cafeteria\system\View\View.php(210): include('C:\\xampp\\htdocs...')
#9 C:\xampp\htdocs\Cafeteria\system\View\View.php(213): CodeIgniter\View\View->CodeIgniter\View\{closure}()
#10 C:\xampp\htdocs\Cafeteria\system\Common.php(1089): CodeIgniter\View\View->render('index', Array, true)
#11 C:\xampp\htdocs\Cafeteria\app\Controllers\Clientes.php(44): view('index', Array)
#12 C:\xampp\htdocs\Cafeteria\system\CodeIgniter.php(832): App\Controllers\Clientes->reporte()
#13 C:\xampp\htdocs\Cafeteria\system\CodeIgniter.php(419): CodeIgniter\CodeIgniter->runController(Object(App\Controllers\Clientes))
#14 C:\xampp\htdocs\Cafeteria\system\CodeIgniter.php(326): CodeIgniter\CodeIgniter->handleRequest(NULL, Object(Config\Cache), false)
#15 C:\xampp\htdocs\Cafeteria\index.php(37): CodeIgniter\CodeIgniter->run()
#16 {main}
CRITICAL - 2022-12-09 23:26:09 --> mb_detect_encoding(): Passing null to parameter #1 ($string) of type string is deprecated
#0 [internal function]: CodeIgniter\Debug\Exceptions->errorHandler(8192, 'mb_detect_encod...', 'C:\\xampp\\htdocs...', 427)
#1 C:\xampp\htdocs\Cafeteria\app\Libraries\dompdf\vendor\dompdf\dompdf\src\Dompdf.php(427): mb_detect_encoding(NULL, NULL, true)
#2 C:\xampp\htdocs\Cafeteria\app\Libraries\dompdf\vendor\dompdf\dompdf\src\Dompdf.php(394): Dompdf\Dompdf->loadHtml(NULL, NULL)
#3 C:\xampp\htdocs\Cafeteria\app\Views\clientes\reporte.php(37): Dompdf\Dompdf->load_html(NULL)
#4 C:\xampp\htdocs\Cafeteria\system\View\View.php(210): include('C:\\xampp\\htdocs...')
#5 C:\xampp\htdocs\Cafeteria\system\View\View.php(213): CodeIgniter\View\View->CodeIgniter\View\{closure}()
#6 C:\xampp\htdocs\Cafeteria\system\Common.php(1089): CodeIgniter\View\View->render('clientes/report...', Array, true)
#7 C:\xampp\htdocs\Cafeteria\app\Views\index.php(163): view('clientes/report...')
#8 C:\xampp\htdocs\Cafeteria\system\View\View.php(210): include('C:\\xampp\\htdocs...')
#9 C:\xampp\htdocs\Cafeteria\system\View\View.php(213): CodeIgniter\View\View->CodeIgniter\View\{closure}()
#10 C:\xampp\htdocs\Cafeteria\system\Common.php(1089): CodeIgniter\View\View->render('index', Array, true)
#11 C:\xampp\htdocs\Cafeteria\app\Controllers\Clientes.php(44): view('index', Array)
#12 C:\xampp\htdocs\Cafeteria\system\CodeIgniter.php(832): App\Controllers\Clientes->reporte()
#13 C:\xampp\htdocs\Cafeteria\system\CodeIgniter.php(419): CodeIgniter\CodeIgniter->runController(Object(App\Controllers\Clientes))
#14 C:\xampp\htdocs\Cafeteria\system\CodeIgniter.php(326): CodeIgniter\CodeIgniter->handleRequest(NULL, Object(Config\Cache), false)
#15 C:\xampp\htdocs\Cafeteria\index.php(37): CodeIgniter\CodeIgniter->run()
#16 {main}
CRITICAL - 2022-12-09 23:39:56 --> mb_detect_encoding(): Passing null to parameter #1 ($string) of type string is deprecated
#0 [internal function]: CodeIgniter\Debug\Exceptions->errorHandler(8192, 'mb_detect_encod...', 'C:\\xampp\\htdocs...', 427)
#1 C:\xampp\htdocs\Cafeteria\app\Libraries\dompdf\vendor\dompdf\dompdf\src\Dompdf.php(427): mb_detect_encoding(NULL, NULL, true)
#2 C:\xampp\htdocs\Cafeteria\app\Views\clientes\reporte.php(10): Dompdf\Dompdf->loadHtml(NULL)
#3 C:\xampp\htdocs\Cafeteria\system\View\View.php(210): include('C:\\xampp\\htdocs...')
#4 C:\xampp\htdocs\Cafeteria\system\View\View.php(213): CodeIgniter\View\View->CodeIgniter\View\{closure}()
#5 C:\xampp\htdocs\Cafeteria\system\Common.php(1089): CodeIgniter\View\View->render('clientes/report...', Array, true)
#6 C:\xampp\htdocs\Cafeteria\app\Views\index.php(163): view('clientes/report...')
#7 C:\xampp\htdocs\Cafeteria\system\View\View.php(210): include('C:\\xampp\\htdocs...')
#8 C:\xampp\htdocs\Cafeteria\system\View\View.php(213): CodeIgniter\View\View->CodeIgniter\View\{closure}()
#9 C:\xampp\htdocs\Cafeteria\system\Common.php(1089): CodeIgniter\View\View->render('index', Array, true)
#10 C:\xampp\htdocs\Cafeteria\app\Controllers\Clientes.php(44): view('index', Array)
#11 C:\xampp\htdocs\Cafeteria\system\CodeIgniter.php(832): App\Controllers\Clientes->reporte()
#12 C:\xampp\htdocs\Cafeteria\system\CodeIgniter.php(419): CodeIgniter\CodeIgniter->runController(Object(App\Controllers\Clientes))
#13 C:\xampp\htdocs\Cafeteria\system\CodeIgniter.php(326): CodeIgniter\CodeIgniter->handleRequest(NULL, Object(Config\Cache), false)
#14 C:\xampp\htdocs\Cafeteria\index.php(37): CodeIgniter\CodeIgniter->run()
#15 {main}
CRITICAL - 2022-12-09 23:40:21 --> mb_detect_encoding(): Passing null to parameter #1 ($string) of type string is deprecated
#0 [internal function]: CodeIgniter\Debug\Exceptions->errorHandler(8192, 'mb_detect_encod...', 'C:\\xampp\\htdocs...', 427)
#1 C:\xampp\htdocs\Cafeteria\app\Libraries\dompdf\vendor\dompdf\dompdf\src\Dompdf.php(427): mb_detect_encoding(NULL, NULL, true)
#2 C:\xampp\htdocs\Cafeteria\app\Views\clientes\reporte.php(11): Dompdf\Dompdf->loadHtml(NULL)
#3 C:\xampp\htdocs\Cafeteria\system\View\View.php(210): include('C:\\xampp\\htdocs...')
#4 C:\xampp\htdocs\Cafeteria\system\View\View.php(213): CodeIgniter\View\View->CodeIgniter\View\{closure}()
#5 C:\xampp\htdocs\Cafeteria\system\Common.php(1089): CodeIgniter\View\View->render('clientes/report...', Array, true)
#6 C:\xampp\htdocs\Cafeteria\app\Views\index.php(163): view('clientes/report...')
#7 C:\xampp\htdocs\Cafeteria\system\View\View.php(210): include('C:\\xampp\\htdocs...')
#8 C:\xampp\htdocs\Cafeteria\system\View\View.php(213): CodeIgniter\View\View->CodeIgniter\View\{closure}()
#9 C:\xampp\htdocs\Cafeteria\system\Common.php(1089): CodeIgniter\View\View->render('index', Array, true)
#10 C:\xampp\htdocs\Cafeteria\app\Controllers\Clientes.php(44): view('index', Array)
#11 C:\xampp\htdocs\Cafeteria\system\CodeIgniter.php(832): App\Controllers\Clientes->reporte()
#12 C:\xampp\htdocs\Cafeteria\system\CodeIgniter.php(419): CodeIgniter\CodeIgniter->runController(Object(App\Controllers\Clientes))
#13 C:\xampp\htdocs\Cafeteria\system\CodeIgniter.php(326): CodeIgniter\CodeIgniter->handleRequest(NULL, Object(Config\Cache), false)
#14 C:\xampp\htdocs\Cafeteria\index.php(37): CodeIgniter\CodeIgniter->run()
#15 {main}
CRITICAL - 2022-12-09 23:40:24 --> mb_detect_encoding(): Passing null to parameter #1 ($string) of type string is deprecated
#0 [internal function]: CodeIgniter\Debug\Exceptions->errorHandler(8192, 'mb_detect_encod...', 'C:\\xampp\\htdocs...', 427)
#1 C:\xampp\htdocs\Cafeteria\app\Libraries\dompdf\vendor\dompdf\dompdf\src\Dompdf.php(427): mb_detect_encoding(NULL, NULL, true)
#2 C:\xampp\htdocs\Cafeteria\app\Views\clientes\reporte.php(11): Dompdf\Dompdf->loadHtml(NULL)
#3 C:\xampp\htdocs\Cafeteria\system\View\View.php(210): include('C:\\xampp\\htdocs...')
#4 C:\xampp\htdocs\Cafeteria\system\View\View.php(213): CodeIgniter\View\View->CodeIgniter\View\{closure}()
#5 C:\xampp\htdocs\Cafeteria\system\Common.php(1089): CodeIgniter\View\View->render('clientes/report...', Array, true)
#6 C:\xampp\htdocs\Cafeteria\app\Views\index.php(163): view('clientes/report...')
#7 C:\xampp\htdocs\Cafeteria\system\View\View.php(210): include('C:\\xampp\\htdocs...')
#8 C:\xampp\htdocs\Cafeteria\system\View\View.php(213): CodeIgniter\View\View->CodeIgniter\View\{closure}()
#9 C:\xampp\htdocs\Cafeteria\system\Common.php(1089): CodeIgniter\View\View->render('index', Array, true)
#10 C:\xampp\htdocs\Cafeteria\app\Controllers\Clientes.php(44): view('index', Array)
#11 C:\xampp\htdocs\Cafeteria\system\CodeIgniter.php(832): App\Controllers\Clientes->reporte()
#12 C:\xampp\htdocs\Cafeteria\system\CodeIgniter.php(419): CodeIgniter\CodeIgniter->runController(Object(App\Controllers\Clientes))
#13 C:\xampp\htdocs\Cafeteria\system\CodeIgniter.php(326): CodeIgniter\CodeIgniter->handleRequest(NULL, Object(Config\Cache), false)
#14 C:\xampp\htdocs\Cafeteria\index.php(37): CodeIgniter\CodeIgniter->run()
#15 {main}
CRITICAL - 2022-12-09 23:42:20 --> mb_detect_encoding(): Passing null to parameter #1 ($string) of type string is deprecated
#0 [internal function]: CodeIgniter\Debug\Exceptions->errorHandler(8192, 'mb_detect_encod...', 'C:\\xampp\\htdocs...', 427)
#1 C:\xampp\htdocs\Cafeteria\app\Libraries\dompdf\vendor\dompdf\dompdf\src\Dompdf.php(427): mb_detect_encoding(NULL, NULL, true)
#2 C:\xampp\htdocs\Cafeteria\app\Views\clientes\reporte.php(11): Dompdf\Dompdf->loadHtml(NULL)
#3 C:\xampp\htdocs\Cafeteria\system\View\View.php(210): include('C:\\xampp\\htdocs...')
#4 C:\xampp\htdocs\Cafeteria\system\View\View.php(213): CodeIgniter\View\View->CodeIgniter\View\{closure}()
#5 C:\xampp\htdocs\Cafeteria\system\Common.php(1089): CodeIgniter\View\View->render('clientes/report...', Array, true)
#6 C:\xampp\htdocs\Cafeteria\app\Views\index.php(163): view('clientes/report...')
#7 C:\xampp\htdocs\Cafeteria\system\View\View.php(210): include('C:\\xampp\\htdocs...')
#8 C:\xampp\htdocs\Cafeteria\system\View\View.php(213): CodeIgniter\View\View->CodeIgniter\View\{closure}()
#9 C:\xampp\htdocs\Cafeteria\system\Common.php(1089): CodeIgniter\View\View->render('index', Array, true)
#10 C:\xampp\htdocs\Cafeteria\app\Controllers\Clientes.php(44): view('index', Array)
#11 C:\xampp\htdocs\Cafeteria\system\CodeIgniter.php(832): App\Controllers\Clientes->reporte()
#12 C:\xampp\htdocs\Cafeteria\system\CodeIgniter.php(419): CodeIgniter\CodeIgniter->runController(Object(App\Controllers\Clientes))
#13 C:\xampp\htdocs\Cafeteria\system\CodeIgniter.php(326): CodeIgniter\CodeIgniter->handleRequest(NULL, Object(Config\Cache), false)
#14 C:\xampp\htdocs\Cafeteria\index.php(37): CodeIgniter\CodeIgniter->run()
#15 {main}
CRITICAL - 2022-12-09 23:42:41 --> mb_detect_encoding(): Passing null to parameter #1 ($string) of type string is deprecated
#0 [internal function]: CodeIgniter\Debug\Exceptions->errorHandler(8192, 'mb_detect_encod...', 'C:\\xampp\\htdocs...', 427)
#1 C:\xampp\htdocs\Cafeteria\app\Libraries\dompdf\vendor\dompdf\dompdf\src\Dompdf.php(427): mb_detect_encoding(NULL, NULL, true)
#2 C:\xampp\htdocs\Cafeteria\app\Views\clientes\reporte.php(9): Dompdf\Dompdf->loadHtml(NULL)
#3 C:\xampp\htdocs\Cafeteria\system\View\View.php(210): include('C:\\xampp\\htdocs...')
#4 C:\xampp\htdocs\Cafeteria\system\View\View.php(213): CodeIgniter\View\View->CodeIgniter\View\{closure}()
#5 C:\xampp\htdocs\Cafeteria\system\Common.php(1089): CodeIgniter\View\View->render('clientes/report...', Array, true)
#6 C:\xampp\htdocs\Cafeteria\app\Views\index.php(163): view('clientes/report...')
#7 C:\xampp\htdocs\Cafeteria\system\View\View.php(210): include('C:\\xampp\\htdocs...')
#8 C:\xampp\htdocs\Cafeteria\system\View\View.php(213): CodeIgniter\View\View->CodeIgniter\View\{closure}()
#9 C:\xampp\htdocs\Cafeteria\system\Common.php(1089): CodeIgniter\View\View->render('index', Array, true)
#10 C:\xampp\htdocs\Cafeteria\app\Controllers\Clientes.php(44): view('index', Array)
#11 C:\xampp\htdocs\Cafeteria\system\CodeIgniter.php(832): App\Controllers\Clientes->reporte()
#12 C:\xampp\htdocs\Cafeteria\system\CodeIgniter.php(419): CodeIgniter\CodeIgniter->runController(Object(App\Controllers\Clientes))
#13 C:\xampp\htdocs\Cafeteria\system\CodeIgniter.php(326): CodeIgniter\CodeIgniter->handleRequest(NULL, Object(Config\Cache), false)
#14 C:\xampp\htdocs\Cafeteria\index.php(37): CodeIgniter\CodeIgniter->run()
#15 {main}
CRITICAL - 2022-12-09 23:43:22 --> require(dompdf/autoload.inc.php): Failed to open stream: No such file or directory
#0 C:\xampp\htdocs\Cafeteria\app\Views\clientes\reporte.php(6): CodeIgniter\Debug\Exceptions->errorHandler(2, 'require(dompdf/...', 'C:\\xampp\\htdocs...', 6)
#1 C:\xampp\htdocs\Cafeteria\app\Views\clientes\reporte.php(6): require()
#2 C:\xampp\htdocs\Cafeteria\system\View\View.php(210): include('C:\\xampp\\htdocs...')
#3 C:\xampp\htdocs\Cafeteria\system\View\View.php(213): CodeIgniter\View\View->CodeIgniter\View\{closure}()
#4 C:\xampp\htdocs\Cafeteria\system\Common.php(1089): CodeIgniter\View\View->render('clientes/report...', Array, true)
#5 C:\xampp\htdocs\Cafeteria\app\Views\index.php(163): view('clientes/report...')
#6 C:\xampp\htdocs\Cafeteria\system\View\View.php(210): include('C:\\xampp\\htdocs...')
#7 C:\xampp\htdocs\Cafeteria\system\View\View.php(213): CodeIgniter\View\View->CodeIgniter\View\{closure}()
#8 C:\xampp\htdocs\Cafeteria\system\Common.php(1089): CodeIgniter\View\View->render('index', Array, true)
#9 C:\xampp\htdocs\Cafeteria\app\Controllers\Clientes.php(44): view('index', Array)
#10 C:\xampp\htdocs\Cafeteria\system\CodeIgniter.php(832): App\Controllers\Clientes->reporte()
#11 C:\xampp\htdocs\Cafeteria\system\CodeIgniter.php(419): CodeIgniter\CodeIgniter->runController(Object(App\Controllers\Clientes))
#12 C:\xampp\htdocs\Cafeteria\system\CodeIgniter.php(326): CodeIgniter\CodeIgniter->handleRequest(NULL, Object(Config\Cache), false)
#13 C:\xampp\htdocs\Cafeteria\index.php(37): CodeIgniter\CodeIgniter->run()
#14 {main}
CRITICAL - 2022-12-09 23:43:37 --> require(Libraries/dompdf/autoload.inc.php): Failed to open stream: No such file or directory
#0 C:\xampp\htdocs\Cafeteria\app\Views\clientes\reporte.php(6): CodeIgniter\Debug\Exceptions->errorHandler(2, 'require(Librari...', 'C:\\xampp\\htdocs...', 6)
#1 C:\xampp\htdocs\Cafeteria\app\Views\clientes\reporte.php(6): require()
#2 C:\xampp\htdocs\Cafeteria\system\View\View.php(210): include('C:\\xampp\\htdocs...')
#3 C:\xampp\htdocs\Cafeteria\system\View\View.php(213): CodeIgniter\View\View->CodeIgniter\View\{closure}()
#4 C:\xampp\htdocs\Cafeteria\system\Common.php(1089): CodeIgniter\View\View->render('clientes/report...', Array, true)
#5 C:\xampp\htdocs\Cafeteria\app\Views\index.php(163): view('clientes/report...')
#6 C:\xampp\htdocs\Cafeteria\system\View\View.php(210): include('C:\\xampp\\htdocs...')
#7 C:\xampp\htdocs\Cafeteria\system\View\View.php(213): CodeIgniter\View\View->CodeIgniter\View\{closure}()
#8 C:\xampp\htdocs\Cafeteria\system\Common.php(1089): CodeIgniter\View\View->render('index', Array, true)
#9 C:\xampp\htdocs\Cafeteria\app\Controllers\Clientes.php(44): view('index', Array)
#10 C:\xampp\htdocs\Cafeteria\system\CodeIgniter.php(832): App\Controllers\Clientes->reporte()
#11 C:\xampp\htdocs\Cafeteria\system\CodeIgniter.php(419): CodeIgniter\CodeIgniter->runController(Object(App\Controllers\Clientes))
#12 C:\xampp\htdocs\Cafeteria\system\CodeIgniter.php(326): CodeIgniter\CodeIgniter->handleRequest(NULL, Object(Config\Cache), false)
#13 C:\xampp\htdocs\Cafeteria\index.php(37): CodeIgniter\CodeIgniter->run()
#14 {main}
CRITICAL - 2022-12-09 23:43:42 --> mb_detect_encoding(): Passing null to parameter #1 ($string) of type string is deprecated
#0 [internal function]: CodeIgniter\Debug\Exceptions->errorHandler(8192, 'mb_detect_encod...', 'C:\\xampp\\htdocs...', 427)
#1 C:\xampp\htdocs\Cafeteria\app\Libraries\dompdf\vendor\dompdf\dompdf\src\Dompdf.php(427): mb_detect_encoding(NULL, NULL, true)
#2 C:\xampp\htdocs\Cafeteria\app\Views\clientes\reporte.php(9): Dompdf\Dompdf->loadHtml(NULL)
#3 C:\xampp\htdocs\Cafeteria\system\View\View.php(210): include('C:\\xampp\\htdocs...')
#4 C:\xampp\htdocs\Cafeteria\system\View\View.php(213): CodeIgniter\View\View->CodeIgniter\View\{closure}()
#5 C:\xampp\htdocs\Cafeteria\system\Common.php(1089): CodeIgniter\View\View->render('clientes/report...', Array, true)
#6 C:\xampp\htdocs\Cafeteria\app\Views\index.php(163): view('clientes/report...')
#7 C:\xampp\htdocs\Cafeteria\system\View\View.php(210): include('C:\\xampp\\htdocs...')
#8 C:\xampp\htdocs\Cafeteria\system\View\View.php(213): CodeIgniter\View\View->CodeIgniter\View\{closure}()
#9 C:\xampp\htdocs\Cafeteria\system\Common.php(1089): CodeIgniter\View\View->render('index', Array, true)
#10 C:\xampp\htdocs\Cafeteria\app\Controllers\Clientes.php(44): view('index', Array)
#11 C:\xampp\htdocs\Cafeteria\system\CodeIgniter.php(832): App\Controllers\Clientes->reporte()
#12 C:\xampp\htdocs\Cafeteria\system\CodeIgniter.php(419): CodeIgniter\CodeIgniter->runController(Object(App\Controllers\Clientes))
#13 C:\xampp\htdocs\Cafeteria\system\CodeIgniter.php(326): CodeIgniter\CodeIgniter->handleRequest(NULL, Object(Config\Cache), false)
#14 C:\xampp\htdocs\Cafeteria\index.php(37): CodeIgniter\CodeIgniter->run()
#15 {main}
CRITICAL - 2022-12-09 23:54:30 --> Class "Dompdf\Dompdf" not found
#0 C:\xampp\htdocs\Cafeteria\system\CodeIgniter.php(832): App\Controllers\PdfController->htmlToPDF()
#1 C:\xampp\htdocs\Cafeteria\system\CodeIgniter.php(419): CodeIgniter\CodeIgniter->runController(Object(App\Controllers\PdfController))
#2 C:\xampp\htdocs\Cafeteria\system\CodeIgniter.php(326): CodeIgniter\CodeIgniter->handleRequest(NULL, Object(Config\Cache), false)
#3 C:\xampp\htdocs\Cafeteria\index.php(37): CodeIgniter\CodeIgniter->run()
#4 {main}
>>>>>>> 2995a440dc4618b37a430e5c4fe6db46729680a0
